2026-05-11 12:54:41,518 INFO org.apache.hadoop.hdfs.server.namenode.SecondaryNameNode: STARTUP_MSG: 
/************************************************************
STARTUP_MSG: Starting SecondaryNameNode
STARTUP_MSG:   host = ubuntu/127.0.1.1
STARTUP_MSG:   args = []
STARTUP_MSG:   version = 3.3.5
STARTUP_MSG:   classpath = /usr/local/hadoop/etc/hadoop:/usr/local/hadoop/share/hadoop/common/lib/commons-collections-3.2.2.jar:/usr/local/hadoop/share/hadoop/common/lib/kerb-core-1.0.1.jar:/usr/local/hadoop/share/hadoop/common/lib/netty-transport-rxtx-4.1.77.Final.jar:/usr/local/hadoop/share/hadoop/common/lib/jetty-util-ajax-9.4.48.v20220622.jar:/usr/local/hadoop/share/hadoop/common/lib/curator-client-4.2.0.jar:/usr/local/hadoop/share/hadoop/common/lib/kerb-client-1.0.1.jar:/usr/local/hadoop/share/hadoop/common/lib/commons-beanutils-1.9.4.jar:/usr/local/hadoop/share/hadoop/common/lib/netty-transport-classes-epoll-4.1.77.Final.jar:/usr/local/hadoop/share/hadoop/common/lib/netty-all-4.1.77.Final.jar:/usr/local/hadoop/share/hadoop/common/lib/kerby-xdr-1.0.1.jar:/usr/local/hadoop/share/hadoop/common/lib/netty-transport-classes-kqueue-4.1.77.Final.jar:/usr/local/hadoop/share/hadoop/common/lib/jetty-webapp-9.4.48.v20220622.jar:/usr/local/hadoop/share/hadoop/common/lib/commons-text-1.10.0.jar:/usr/local/hadoop/share/hadoop/common/lib/kerb-simplekdc-1.0.1.jar:/usr/local/hadoop/share/hadoop/common/lib/jetty-servlet-9.4.48.v20220622.jar:/usr/local/hadoop/share/hadoop/common/lib/kerby-config-1.0.1.jar:/usr/local/hadoop/share/hadoop/common/lib/animal-sniffer-annotations-1.17.jar:/usr/local/hadoop/share/hadoop/common/lib/avro-1.7.7.jar:/usr/local/hadoop/share/hadoop/common/lib/re2j-1.1.jar:/usr/local/hadoop/share/hadoop/common/lib/commons-configuration2-2.8.0.jar:/usr/local/hadoop/share/hadoop/common/lib/json-smart-2.4.7.jar:/usr/local/hadoop/share/hadoop/common/lib/netty-resolver-dns-4.1.77.Final.jar:/usr/local/hadoop/share/hadoop/common/lib/audience-annotations-0.5.0.jar:/usr/local/hadoop/share/hadoop/common/lib/kerby-util-1.0.1.jar:/usr/local/hadoop/share/hadoop/common/lib/curator-framework-4.2.0.jar:/usr/local/hadoop/share/hadoop/common/lib/reload4j-1.2.22.jar:/usr/local/hadoop/share/hadoop/common/lib/jackson-mapper-asl-1.9.13.jar:/usr/local/hadoop/share/hadoop/common/lib/accessors-smart-2.4.7.jar:/usr/local/hadoop/share/hadoop/common/lib/netty-handler-proxy-4.1.77.Final.jar:/usr/local/hadoop/share/hadoop/common/lib/netty-transport-native-kqueue-4.1.77.Final-osx-x86_64.jar:/usr/local/hadoop/share/hadoop/common/lib/netty-codec-haproxy-4.1.77.Final.jar:/usr/local/hadoop/share/hadoop/common/lib/jackson-core-asl-1.9.13.jar:/usr/local/hadoop/share/hadoop/common/lib/netty-resolver-4.1.77.Final.jar:/usr/local/hadoop/share/hadoop/common/lib/netty-codec-socks-4.1.77.Final.jar:/usr/local/hadoop/share/hadoop/common/lib/commons-compress-1.21.jar:/usr/local/hadoop/share/hadoop/common/lib/jetty-xml-9.4.48.v20220622.jar:/usr/local/hadoop/share/hadoop/common/lib/commons-daemon-1.0.13.jar:/usr/local/hadoop/share/hadoop/common/lib/protobuf-java-2.5.0.jar:/usr/local/hadoop/share/hadoop/common/lib/jsr311-api-1.1.1.jar:/usr/local/hadoop/share/hadoop/common/lib/metrics-core-3.2.4.jar:/usr/local/hadoop/share/hadoop/common/lib/jersey-server-1.19.4.jar:/usr/local/hadoop/share/hadoop/common/lib/netty-codec-stomp-4.1.77.Final.jar:/usr/local/hadoop/share/hadoop/common/lib/j2objc-annotations-1.1.jar:/usr/local/hadoop/share/hadoop/common/lib/netty-codec-http2-4.1.77.Final.jar:/usr/local/hadoop/share/hadoop/common/lib/asm-5.0.4.jar:/usr/local/hadoop/share/hadoop/common/lib/netty-transport-native-unix-common-4.1.77.Final.jar:/usr/local/hadoop/share/hadoop/common/lib/jetty-security-9.4.48.v20220622.jar:/usr/local/hadoop/share/hadoop/common/lib/netty-common-4.1.77.Final.jar:/usr/local/hadoop/share/hadoop/common/lib/jersey-json-1.20.jar:/usr/local/hadoop/share/hadoop/common/lib/httpcore-4.4.13.jar:/usr/local/hadoop/share/hadoop/common/lib/jaxb-api-2.2.11.jar:/usr/local/hadoop/share/hadoop/common/lib/guava-27.0-jre.jar:/usr/local/hadoop/share/hadoop/common/lib/kerb-common-1.0.1.jar:/usr/local/hadoop/share/hadoop/common/lib/jakarta.activation-api-1.2.1.jar:/usr/local/hadoop/share/hadoop/common/lib/commons-io-2.8.0.jar:/usr/local/hadoop/share/hadoop/common/lib/jackson-core-2.12.7.jar:/usr/local/hadoop/share/hadoop/common/lib/netty-codec-smtp-4.1.77.Final.jar:/usr/local/hadoop/share/hadoop/common/lib/kerb-identity-1.0.1.jar:/usr/local/hadoop/share/hadoop/common/lib/httpclient-4.5.13.jar:/usr/local/hadoop/share/hadoop/common/lib/kerb-util-1.0.1.jar:/usr/local/hadoop/share/hadoop/common/lib/commons-cli-1.2.jar:/usr/local/hadoop/share/hadoop/common/lib/netty-codec-redis-4.1.77.Final.jar:/usr/local/hadoop/share/hadoop/common/lib/hadoop-shaded-guava-1.1.1.jar:/usr/local/hadoop/share/hadoop/common/lib/netty-codec-xml-4.1.77.Final.jar:/usr/local/hadoop/share/hadoop/common/lib/gson-2.9.0.jar:/usr/local/hadoop/share/hadoop/common/lib/netty-transport-native-epoll-4.1.77.Final-linux-x86_64.jar:/usr/local/hadoop/share/hadoop/common/lib/listenablefuture-9999.0-empty-to-avoid-conflict-with-guava.jar:/usr/local/hadoop/share/hadoop/common/lib/jetty-http-9.4.48.v20220622.jar:/usr/local/hadoop/share/hadoop/common/lib/jetty-io-9.4.48.v20220622.jar:/usr/local/hadoop/share/hadoop/common/lib/kerby-asn1-1.0.1.jar:/usr/local/hadoop/share/hadoop/common/lib/commons-logging-1.1.3.jar:/usr/local/hadoop/share/hadoop/common/lib/kerb-server-1.0.1.jar:/usr/local/hadoop/share/hadoop/common/lib/netty-transport-native-epoll-4.1.77.Final-linux-aarch_64.jar:/usr/local/hadoop/share/hadoop/common/lib/commons-lang3-3.12.0.jar:/usr/local/hadoop/share/hadoop/common/lib/kerby-pkix-1.0.1.jar:/usr/local/hadoop/share/hadoop/common/lib/hadoop-shaded-protobuf_3_7-1.1.1.jar:/usr/local/hadoop/share/hadoop/common/lib/jackson-annotations-2.12.7.jar:/usr/local/hadoop/share/hadoop/common/lib/zookeeper-3.5.6.jar:/usr/local/hadoop/share/hadoop/common/lib/netty-codec-mqtt-4.1.77.Final.jar:/usr/local/hadoop/share/hadoop/common/lib/netty-transport-native-kqueue-4.1.77.Final-osx-aarch_64.jar:/usr/local/hadoop/share/hadoop/common/lib/token-provider-1.0.1.jar:/usr/local/hadoop/share/hadoop/common/lib/jersey-servlet-1.19.4.jar:/usr/local/hadoop/share/hadoop/common/lib/snappy-java-1.1.8.2.jar:/usr/local/hadoop/share/hadoop/common/lib/jersey-core-1.19.4.jar:/usr/local/hadoop/share/hadoop/common/lib/nimbus-jose-jwt-9.8.1.jar:/usr/local/hadoop/share/hadoop/common/lib/woodstox-core-5.4.0.jar:/usr/local/hadoop/share/hadoop/common/lib/jackson-databind-2.12.7.1.jar:/usr/local/hadoop/share/hadoop/common/lib/paranamer-2.3.jar:/usr/local/hadoop/share/hadoop/common/lib/curator-recipes-4.2.0.jar:/usr/local/hadoop/share/hadoop/common/lib/hadoop-auth-3.3.5.jar:/usr/local/hadoop/share/hadoop/common/lib/dnsjava-2.1.7.jar:/usr/local/hadoop/share/hadoop/common/lib/netty-transport-4.1.77.Final.jar:/usr/local/hadoop/share/hadoop/common/lib/netty-buffer-4.1.77.Final.jar:/usr/local/hadoop/share/hadoop/common/lib/commons-codec-1.15.jar:/usr/local/hadoop/share/hadoop/common/lib/jetty-util-9.4.48.v20220622.jar:/usr/local/hadoop/share/hadoop/common/lib/netty-handler-4.1.77.Final.jar:/usr/local/hadoop/share/hadoop/common/lib/kerb-admin-1.0.1.jar:/usr/local/hadoop/share/hadoop/common/lib/netty-transport-sctp-4.1.77.Final.jar:/usr/local/hadoop/share/hadoop/common/lib/zookeeper-jute-3.5.6.jar:/usr/local/hadoop/share/hadoop/common/lib/commons-math3-3.1.1.jar:/usr/local/hadoop/share/hadoop/common/lib/javax.servlet-api-3.1.0.jar:/usr/local/hadoop/share/hadoop/common/lib/netty-codec-memcache-4.1.77.Final.jar:/usr/local/hadoop/share/hadoop/common/lib/jettison-1.5.3.jar:/usr/local/hadoop/share/hadoop/common/lib/failureaccess-1.0.jar:/usr/local/hadoop/share/hadoop/common/lib/jcip-annotations-1.0-1.jar:/usr/local/hadoop/share/hadoop/common/lib/netty-resolver-dns-native-macos-4.1.77.Final-osx-aarch_64.jar:/usr/local/hadoop/share/hadoop/common/lib/jul-to-slf4j-1.7.36.jar:/usr/local/hadoop/share/hadoop/common/lib/checker-qual-2.5.2.jar:/usr/local/hadoop/share/hadoop/common/lib/slf4j-api-1.7.36.jar:/usr/local/hadoop/share/hadoop/common/lib/netty-resolver-dns-native-macos-4.1.77.Final-osx-x86_64.jar:/usr/local/hadoop/share/hadoop/common/lib/jsr305-3.0.2.jar:/usr/local/hadoop/share/hadoop/common/lib/commons-net-3.9.0.jar:/usr/local/hadoop/share/hadoop/common/lib/netty-transport-udt-4.1.77.Final.jar:/usr/local/hadoop/share/hadoop/common/lib/kerb-crypto-1.0.1.jar:/usr/local/hadoop/share/hadoop/common/lib/slf4j-reload4j-1.7.36.jar:/usr/local/hadoop/share/hadoop/common/lib/jsp-api-2.1.jar:/usr/local/hadoop/share/hadoop/common/lib/netty-codec-4.1.77.Final.jar:/usr/local/hadoop/share/hadoop/common/lib/netty-codec-http-4.1.77.Final.jar:/usr/local/hadoop/share/hadoop/common/lib/hadoop-annotations-3.3.5.jar:/usr/local/hadoop/share/hadoop/common/lib/jsch-0.1.55.jar:/usr/local/hadoop/share/hadoop/common/lib/netty-codec-dns-4.1.77.Final.jar:/usr/local/hadoop/share/hadoop/common/lib/jetty-server-9.4.48.v20220622.jar:/usr/local/hadoop/share/hadoop/common/lib/jaxb-impl-2.2.3-1.jar:/usr/local/hadoop/share/hadoop/common/lib/netty-resolver-dns-classes-macos-4.1.77.Final.jar:/usr/local/hadoop/share/hadoop/common/lib/stax2-api-4.2.1.jar:/usr/local/hadoop/share/hadoop/common/hadoop-kms-3.3.5.jar:/usr/local/hadoop/share/hadoop/common/hadoop-nfs-3.3.5.jar:/usr/local/hadoop/share/hadoop/common/hadoop-common-3.3.5-tests.jar:/usr/local/hadoop/share/hadoop/common/hadoop-registry-3.3.5.jar:/usr/local/hadoop/share/hadoop/common/hadoop-common-3.3.5.jar:/usr/local/hadoop/share/hadoop/hdfs:/usr/local/hadoop/share/hadoop/hdfs/lib/commons-collections-3.2.2.jar:/usr/local/hadoop/share/hadoop/hdfs/lib/kerb-core-1.0.1.jar:/usr/local/hadoop/share/hadoop/hdfs/lib/netty-transport-rxtx-4.1.77.Final.jar:/usr/local/hadoop/share/hadoop/hdfs/lib/jetty-util-ajax-9.4.48.v20220622.jar:/usr/local/hadoop/share/hadoop/hdfs/lib/curator-client-4.2.0.jar:/usr/local/hadoop/share/hadoop/hdfs/lib/kerb-client-1.0.1.jar:/usr/local/hadoop/share/hadoop/hdfs/lib/commons-beanutils-1.9.4.jar:/usr/local/hadoop/share/hadoop/hdfs/lib/netty-transport-classes-epoll-4.1.77.Final.jar:/usr/local/hadoop/share/hadoop/hdfs/lib/netty-all-4.1.77.Final.jar:/usr/local/hadoop/share/hadoop/hdfs/lib/kerby-xdr-1.0.1.jar:/usr/local/hadoop/share/hadoop/hdfs/lib/netty-transport-classes-kqueue-4.1.77.Final.jar:/usr/local/hadoop/share/hadoop/hdfs/lib/jetty-webapp-9.4.48.v20220622.jar:/usr/local/hadoop/share/hadoop/hdfs/lib/commons-text-1.10.0.jar:/usr/local/hadoop/share/hadoop/hdfs/lib/kerb-simplekdc-1.0.1.jar:/usr/local/hadoop/share/hadoop/hdfs/lib/jetty-servlet-9.4.48.v20220622.jar:/usr/local/hadoop/share/hadoop/hdfs/lib/kerby-config-1.0.1.jar:/usr/local/hadoop/share/hadoop/hdfs/lib/animal-sniffer-annotations-1.17.jar:/usr/local/hadoop/share/hadoop/hdfs/lib/avro-1.7.7.jar:/usr/local/hadoop/share/hadoop/hdfs/lib/re2j-1.1.jar:/usr/local/hadoop/share/hadoop/hdfs/lib/commons-configuration2-2.8.0.jar:/usr/local/hadoop/share/hadoop/hdfs/lib/json-smart-2.4.7.jar:/usr/local/hadoop/share/hadoop/hdfs/lib/netty-resolver-dns-4.1.77.Final.jar:/usr/local/hadoop/share/hadoop/hdfs/lib/audience-annotations-0.5.0.jar:/usr/local/hadoop/share/hadoop/hdfs/lib/kerby-util-1.0.1.jar:/usr/local/hadoop/share/hadoop/hdfs/lib/json-simple-1.1.1.jar:/usr/local/hadoop/share/hadoop/hdfs/lib/curator-framework-4.2.0.jar:/usr/local/hadoop/share/hadoop/hdfs/lib/reload4j-1.2.22.jar:/usr/local/hadoop/share/hadoop/hdfs/lib/jackson-mapper-asl-1.9.13.jar:/usr/local/hadoop/share/hadoop/hdfs/lib/accessors-smart-2.4.7.jar:/usr/local/hadoop/share/hadoop/hdfs/lib/netty-handler-proxy-4.1.77.Final.jar:/usr/local/hadoop/share/hadoop/hdfs/lib/netty-transport-native-kqueue-4.1.77.Final-osx-x86_64.jar:/usr/local/hadoop/share/hadoop/hdfs/lib/netty-codec-haproxy-4.1.77.Final.jar:/usr/local/hadoop/share/hadoop/hdfs/lib/jackson-core-asl-1.9.13.jar:/usr/local/hadoop/share/hadoop/hdfs/lib/netty-resolver-4.1.77.Final.jar:/usr/local/hadoop/share/hadoop/hdfs/lib/netty-codec-socks-4.1.77.Final.jar:/usr/local/hadoop/share/hadoop/hdfs/lib/commons-compress-1.21.jar:/usr/local/hadoop/share/hadoop/hdfs/lib/jetty-xml-9.4.48.v20220622.jar:/usr/local/hadoop/share/hadoop/hdfs/lib/commons-daemon-1.0.13.jar:/usr/local/hadoop/share/hadoop/hdfs/lib/protobuf-java-2.5.0.jar:/usr/local/hadoop/share/hadoop/hdfs/lib/jsr311-api-1.1.1.jar:/usr/local/hadoop/share/hadoop/hdfs/lib/jersey-server-1.19.4.jar:/usr/local/hadoop/share/hadoop/hdfs/lib/netty-codec-stomp-4.1.77.Final.jar:/usr/local/hadoop/share/hadoop/hdfs/lib/j2objc-annotations-1.1.jar:/usr/local/hadoop/share/hadoop/hdfs/lib/netty-codec-http2-4.1.77.Final.jar:/usr/local/hadoop/share/hadoop/hdfs/lib/asm-5.0.4.jar:/usr/local/hadoop/share/hadoop/hdfs/lib/netty-transport-native-unix-common-4.1.77.Final.jar:/usr/local/hadoop/share/hadoop/hdfs/lib/jetty-security-9.4.48.v20220622.jar:/usr/local/hadoop/share/hadoop/hdfs/lib/netty-common-4.1.77.Final.jar:/usr/local/hadoop/share/hadoop/hdfs/lib/jersey-json-1.20.jar:/usr/local/hadoop/share/hadoop/hdfs/lib/httpcore-4.4.13.jar:/usr/local/hadoop/share/hadoop/hdfs/lib/jaxb-api-2.2.11.jar:/usr/local/hadoop/share/hadoop/hdfs/lib/guava-27.0-jre.jar:/usr/local/hadoop/share/hadoop/hdfs/lib/kerb-common-1.0.1.jar:/usr/local/hadoop/share/hadoop/hdfs/lib/jakarta.activation-api-1.2.1.jar:/usr/local/hadoop/share/hadoop/hdfs/lib/commons-io-2.8.0.jar:/usr/local/hadoop/share/hadoop/hdfs/lib/jackson-core-2.12.7.jar:/usr/local/hadoop/share/hadoop/hdfs/lib/netty-codec-smtp-4.1.77.Final.jar:/usr/local/hadoop/share/hadoop/hdfs/lib/kerb-identity-1.0.1.jar:/usr/local/hadoop/share/hadoop/hdfs/lib/httpclient-4.5.13.jar:/usr/local/hadoop/share/hadoop/hdfs/lib/kerb-util-1.0.1.jar:/usr/local/hadoop/share/hadoop/hdfs/lib/commons-cli-1.2.jar:/usr/local/hadoop/share/hadoop/hdfs/lib/netty-codec-redis-4.1.77.Final.jar:/usr/local/hadoop/share/hadoop/hdfs/lib/hadoop-shaded-guava-1.1.1.jar:/usr/local/hadoop/share/hadoop/hdfs/lib/netty-codec-xml-4.1.77.Final.jar:/usr/local/hadoop/share/hadoop/hdfs/lib/gson-2.9.0.jar:/usr/local/hadoop/share/hadoop/hdfs/lib/netty-transport-native-epoll-4.1.77.Final-linux-x86_64.jar:/usr/local/hadoop/share/hadoop/hdfs/lib/listenablefuture-9999.0-empty-to-avoid-conflict-with-guava.jar:/usr/local/hadoop/share/hadoop/hdfs/lib/jetty-http-9.4.48.v20220622.jar:/usr/local/hadoop/share/hadoop/hdfs/lib/jetty-io-9.4.48.v20220622.jar:/usr/local/hadoop/share/hadoop/hdfs/lib/kerby-asn1-1.0.1.jar:/usr/local/hadoop/share/hadoop/hdfs/lib/netty-3.10.6.Final.jar:/usr/local/hadoop/share/hadoop/hdfs/lib/commons-logging-1.1.3.jar:/usr/local/hadoop/share/hadoop/hdfs/lib/kerb-server-1.0.1.jar:/usr/local/hadoop/share/hadoop/hdfs/lib/netty-transport-native-epoll-4.1.77.Final-linux-aarch_64.jar:/usr/local/hadoop/share/hadoop/hdfs/lib/commons-lang3-3.12.0.jar:/usr/local/hadoop/share/hadoop/hdfs/lib/kerby-pkix-1.0.1.jar:/usr/local/hadoop/share/hadoop/hdfs/lib/hadoop-shaded-protobuf_3_7-1.1.1.jar:/usr/local/hadoop/share/hadoop/hdfs/lib/jackson-annotations-2.12.7.jar:/usr/local/hadoop/share/hadoop/hdfs/lib/zookeeper-3.5.6.jar:/usr/local/hadoop/share/hadoop/hdfs/lib/netty-codec-mqtt-4.1.77.Final.jar:/usr/local/hadoop/share/hadoop/hdfs/lib/netty-transport-native-kqueue-4.1.77.Final-osx-aarch_64.jar:/usr/local/hadoop/share/hadoop/hdfs/lib/token-provider-1.0.1.jar:/usr/local/hadoop/share/hadoop/hdfs/lib/jersey-servlet-1.19.4.jar:/usr/local/hadoop/share/hadoop/hdfs/lib/snappy-java-1.1.8.2.jar:/usr/local/hadoop/share/hadoop/hdfs/lib/jersey-core-1.19.4.jar:/usr/local/hadoop/share/hadoop/hdfs/lib/nimbus-jose-jwt-9.8.1.jar:/usr/local/hadoop/share/hadoop/hdfs/lib/kotlin-stdlib-1.4.10.jar:/usr/local/hadoop/share/hadoop/hdfs/lib/woodstox-core-5.4.0.jar:/usr/local/hadoop/share/hadoop/hdfs/lib/jackson-databind-2.12.7.1.jar:/usr/local/hadoop/share/hadoop/hdfs/lib/paranamer-2.3.jar:/usr/local/hadoop/share/hadoop/hdfs/lib/curator-recipes-4.2.0.jar:/usr/local/hadoop/share/hadoop/hdfs/lib/hadoop-auth-3.3.5.jar:/usr/local/hadoop/share/hadoop/hdfs/lib/dnsjava-2.1.7.jar:/usr/local/hadoop/share/hadoop/hdfs/lib/netty-transport-4.1.77.Final.jar:/usr/local/hadoop/share/hadoop/hdfs/lib/netty-buffer-4.1.77.Final.jar:/usr/local/hadoop/share/hadoop/hdfs/lib/commons-codec-1.15.jar:/usr/local/hadoop/share/hadoop/hdfs/lib/okio-2.8.0.jar:/usr/local/hadoop/share/hadoop/hdfs/lib/leveldbjni-all-1.8.jar:/usr/local/hadoop/share/hadoop/hdfs/lib/jetty-util-9.4.48.v20220622.jar:/usr/local/hadoop/share/hadoop/hdfs/lib/netty-handler-4.1.77.Final.jar:/usr/local/hadoop/share/hadoop/hdfs/lib/kerb-admin-1.0.1.jar:/usr/local/hadoop/share/hadoop/hdfs/lib/netty-transport-sctp-4.1.77.Final.jar:/usr/local/hadoop/share/hadoop/hdfs/lib/zookeeper-jute-3.5.6.jar:/usr/local/hadoop/share/hadoop/hdfs/lib/commons-math3-3.1.1.jar:/usr/local/hadoop/share/hadoop/hdfs/lib/javax.servlet-api-3.1.0.jar:/usr/local/hadoop/share/hadoop/hdfs/lib/netty-codec-memcache-4.1.77.Final.jar:/usr/local/hadoop/share/hadoop/hdfs/lib/jettison-1.5.3.jar:/usr/local/hadoop/share/hadoop/hdfs/lib/failureaccess-1.0.jar:/usr/local/hadoop/share/hadoop/hdfs/lib/jcip-annotations-1.0-1.jar:/usr/local/hadoop/share/hadoop/hdfs/lib/netty-resolver-dns-native-macos-4.1.77.Final-osx-aarch_64.jar:/usr/local/hadoop/share/hadoop/hdfs/lib/checker-qual-2.5.2.jar:/usr/local/hadoop/share/hadoop/hdfs/lib/netty-resolver-dns-native-macos-4.1.77.Final-osx-x86_64.jar:/usr/local/hadoop/share/hadoop/hdfs/lib/jsr305-3.0.2.jar:/usr/local/hadoop/share/hadoop/hdfs/lib/kotlin-stdlib-common-1.4.10.jar:/usr/local/hadoop/share/hadoop/hdfs/lib/commons-net-3.9.0.jar:/usr/local/hadoop/share/hadoop/hdfs/lib/netty-transport-udt-4.1.77.Final.jar:/usr/local/hadoop/share/hadoop/hdfs/lib/kerb-crypto-1.0.1.jar:/usr/local/hadoop/share/hadoop/hdfs/lib/netty-codec-4.1.77.Final.jar:/usr/local/hadoop/share/hadoop/hdfs/lib/netty-codec-http-4.1.77.Final.jar:/usr/local/hadoop/share/hadoop/hdfs/lib/hadoop-annotations-3.3.5.jar:/usr/local/hadoop/share/hadoop/hdfs/lib/jsch-0.1.55.jar:/usr/local/hadoop/share/hadoop/hdfs/lib/okhttp-4.9.3.jar:/usr/local/hadoop/share/hadoop/hdfs/lib/netty-codec-dns-4.1.77.Final.jar:/usr/local/hadoop/share/hadoop/hdfs/lib/jetty-server-9.4.48.v20220622.jar:/usr/local/hadoop/share/hadoop/hdfs/lib/jaxb-impl-2.2.3-1.jar:/usr/local/hadoop/share/hadoop/hdfs/lib/netty-resolver-dns-classes-macos-4.1.77.Final.jar:/usr/local/hadoop/share/hadoop/hdfs/lib/stax2-api-4.2.1.jar:/usr/local/hadoop/share/hadoop/hdfs/hadoop-hdfs-rbf-3.3.5-tests.jar:/usr/local/hadoop/share/hadoop/hdfs/hadoop-hdfs-native-client-3.3.5.jar:/usr/local/hadoop/share/hadoop/hdfs/hadoop-hdfs-client-3.3.5-tests.jar:/usr/local/hadoop/share/hadoop/hdfs/hadoop-hdfs-3.3.5-tests.jar:/usr/local/hadoop/share/hadoop/hdfs/hadoop-hdfs-httpfs-3.3.5.jar:/usr/local/hadoop/share/hadoop/hdfs/hadoop-hdfs-nfs-3.3.5.jar:/usr/local/hadoop/share/hadoop/hdfs/hadoop-hdfs-native-client-3.3.5-tests.jar:/usr/local/hadoop/share/hadoop/hdfs/hadoop-hdfs-client-3.3.5.jar:/usr/local/hadoop/share/hadoop/hdfs/hadoop-hdfs-rbf-3.3.5.jar:/usr/local/hadoop/share/hadoop/hdfs/hadoop-hdfs-3.3.5.jar:/usr/local/hadoop/share/hadoop/mapreduce/hadoop-mapreduce-client-uploader-3.3.5.jar:/usr/local/hadoop/share/hadoop/mapreduce/hadoop-mapreduce-client-core-3.3.5.jar:/usr/local/hadoop/share/hadoop/mapreduce/hadoop-mapreduce-client-nativetask-3.3.5.jar:/usr/local/hadoop/share/hadoop/mapreduce/hadoop-mapreduce-client-app-3.3.5.jar:/usr/local/hadoop/share/hadoop/mapreduce/hadoop-mapreduce-client-hs-3.3.5.jar:/usr/local/hadoop/share/hadoop/mapreduce/hadoop-mapreduce-client-jobclient-3.3.5.jar:/usr/local/hadoop/share/hadoop/mapreduce/hadoop-mapreduce-client-hs-plugins-3.3.5.jar:/usr/local/hadoop/share/hadoop/mapreduce/hadoop-mapreduce-client-common-3.3.5.jar:/usr/local/hadoop/share/hadoop/mapreduce/hadoop-mapreduce-client-jobclient-3.3.5-tests.jar:/usr/local/hadoop/share/hadoop/mapreduce/hadoop-mapreduce-examples-3.3.5.jar:/usr/local/hadoop/share/hadoop/mapreduce/hadoop-mapreduce-client-shuffle-3.3.5.jar:/usr/local/hadoop/share/hadoop/yarn:/usr/local/hadoop/share/hadoop/yarn/lib/ehcache-3.3.1.jar:/usr/local/hadoop/share/hadoop/yarn/lib/websocket-client-9.4.48.v20220622.jar:/usr/local/hadoop/share/hadoop/yarn/lib/jetty-annotations-9.4.48.v20220622.jar:/usr/local/hadoop/share/hadoop/yarn/lib/java-util-1.9.0.jar:/usr/local/hadoop/share/hadoop/yarn/lib/jersey-client-1.19.4.jar:/usr/local/hadoop/share/hadoop/yarn/lib/mssql-jdbc-6.2.1.jre7.jar:/usr/local/hadoop/share/hadoop/yarn/lib/javax.websocket-client-api-1.0.jar:/usr/local/hadoop/share/hadoop/yarn/lib/jline-3.9.0.jar:/usr/local/hadoop/share/hadoop/yarn/lib/jackson-jaxrs-base-2.12.7.jar:/usr/local/hadoop/share/hadoop/yarn/lib/objenesis-2.6.jar:/usr/local/hadoop/share/hadoop/yarn/lib/metrics-core-3.2.4.jar:/usr/local/hadoop/share/hadoop/yarn/lib/jetty-jndi-9.4.48.v20220622.jar:/usr/local/hadoop/share/hadoop/yarn/lib/bcpkix-jdk15on-1.68.jar:/usr/local/hadoop/share/hadoop/yarn/lib/websocket-server-9.4.48.v20220622.jar:/usr/local/hadoop/share/hadoop/yarn/lib/javax-websocket-server-impl-9.4.48.v20220622.jar:/usr/local/hadoop/share/hadoop/yarn/lib/HikariCP-java7-2.4.12.jar:/usr/local/hadoop/share/hadoop/yarn/lib/fst-2.50.jar:/usr/local/hadoop/share/hadoop/yarn/lib/jersey-guice-1.19.4.jar:/usr/local/hadoop/share/hadoop/yarn/lib/geronimo-jcache_1.0_spec-1.0-alpha-1.jar:/usr/local/hadoop/share/hadoop/yarn/lib/guice-servlet-4.0.jar:/usr/local/hadoop/share/hadoop/yarn/lib/jetty-client-9.4.48.v20220622.jar:/usr/local/hadoop/share/hadoop/yarn/lib/jna-5.2.0.jar:/usr/local/hadoop/share/hadoop/yarn/lib/asm-analysis-9.3.jar:/usr/local/hadoop/share/hadoop/yarn/lib/asm-commons-9.3.jar:/usr/local/hadoop/share/hadoop/yarn/lib/jakarta.xml.bind-api-2.3.2.jar:/usr/local/hadoop/share/hadoop/yarn/lib/jackson-module-jaxb-annotations-2.12.7.jar:/usr/local/hadoop/share/hadoop/yarn/lib/websocket-servlet-9.4.48.v20220622.jar:/usr/local/hadoop/share/hadoop/yarn/lib/aopalliance-1.0.jar:/usr/local/hadoop/share/hadoop/yarn/lib/jackson-jaxrs-json-provider-2.12.7.jar:/usr/local/hadoop/share/hadoop/yarn/lib/asm-tree-9.3.jar:/usr/local/hadoop/share/hadoop/yarn/lib/snakeyaml-1.32.jar:/usr/local/hadoop/share/hadoop/yarn/lib/websocket-common-9.4.48.v20220622.jar:/usr/local/hadoop/share/hadoop/yarn/lib/javax.websocket-api-1.0.jar:/usr/local/hadoop/share/hadoop/yarn/lib/swagger-annotations-1.5.4.jar:/usr/local/hadoop/share/hadoop/yarn/lib/bcprov-jdk15on-1.68.jar:/usr/local/hadoop/share/hadoop/yarn/lib/javax.inject-1.jar:/usr/local/hadoop/share/hadoop/yarn/lib/jetty-plus-9.4.48.v20220622.jar:/usr/local/hadoop/share/hadoop/yarn/lib/guice-4.0.jar:/usr/local/hadoop/share/hadoop/yarn/lib/json-io-2.5.1.jar:/usr/local/hadoop/share/hadoop/yarn/lib/websocket-api-9.4.48.v20220622.jar:/usr/local/hadoop/share/hadoop/yarn/lib/javax-websocket-client-impl-9.4.48.v20220622.jar:/usr/local/hadoop/share/hadoop/yarn/hadoop-yarn-applications-distributedshell-3.3.5.jar:/usr/local/hadoop/share/hadoop/yarn/hadoop-yarn-server-sharedcachemanager-3.3.5.jar:/usr/local/hadoop/share/hadoop/yarn/hadoop-yarn-server-tests-3.3.5.jar:/usr/local/hadoop/share/hadoop/yarn/hadoop-yarn-server-router-3.3.5.jar:/usr/local/hadoop/share/hadoop/yarn/hadoop-yarn-services-api-3.3.5.jar:/usr/local/hadoop/share/hadoop/yarn/hadoop-yarn-client-3.3.5.jar:/usr/local/hadoop/share/hadoop/yarn/hadoop-yarn-server-common-3.3.5.jar:/usr/local/hadoop/share/hadoop/yarn/hadoop-yarn-api-3.3.5.jar:/usr/local/hadoop/share/hadoop/yarn/hadoop-yarn-server-nodemanager-3.3.5.jar:/usr/local/hadoop/share/hadoop/yarn/hadoop-yarn-registry-3.3.5.jar:/usr/local/hadoop/share/hadoop/yarn/hadoop-yarn-common-3.3.5.jar:/usr/local/hadoop/share/hadoop/yarn/hadoop-yarn-services-core-3.3.5.jar:/usr/local/hadoop/share/hadoop/yarn/hadoop-yarn-server-web-proxy-3.3.5.jar:/usr/local/hadoop/share/hadoop/yarn/hadoop-yarn-applications-unmanaged-am-launcher-3.3.5.jar:/usr/local/hadoop/share/hadoop/yarn/hadoop-yarn-server-resourcemanager-3.3.5.jar:/usr/local/hadoop/share/hadoop/yarn/hadoop-yarn-applications-mawo-core-3.3.5.jar:/usr/local/hadoop/share/hadoop/yarn/hadoop-yarn-server-applicationhistoryservice-3.3.5.jar:/usr/local/hadoop/share/hadoop/yarn/hadoop-yarn-server-timeline-pluginstorage-3.3.5.jar
STARTUP_MSG:   build = https://github.com/apache/hadoop.git -r 706d88266abcee09ed78fbaa0ad5f74d818ab0e9; compiled by 'stevel' on 2023-03-15T15:56Z
STARTUP_MSG:   java = 1.8.0_371
************************************************************/
2026-05-11 12:54:41,543 INFO org.apache.hadoop.hdfs.server.namenode.SecondaryNameNode: registered UNIX signal handlers for [TERM, HUP, INT]
2026-05-11 12:54:41,790 INFO org.apache.hadoop.metrics2.impl.MetricsConfig: Loaded properties from hadoop-metrics2.properties
2026-05-11 12:54:41,828 INFO org.apache.hadoop.metrics2.impl.MetricsSystemImpl: Scheduled Metric snapshot period at 10 second(s).
2026-05-11 12:54:41,828 INFO org.apache.hadoop.metrics2.impl.MetricsSystemImpl: SecondaryNameNode metrics system started
2026-05-11 12:54:42,130 INFO org.apache.hadoop.hdfs.server.namenode.FSEditLog: Edit logging is async:true
2026-05-11 12:54:42,139 INFO org.apache.hadoop.hdfs.server.common.Storage: Lock on /home/cty1576/hadoop_tmp/dfs/namesecondary/in_use.lock acquired by nodename 58921@ubuntu
2026-05-11 12:54:42,159 INFO org.apache.hadoop.hdfs.server.namenode.FSNamesystem: KeyProvider: null
2026-05-11 12:54:42,160 INFO org.apache.hadoop.hdfs.server.namenode.FSNamesystem: fsLock is fair: true
2026-05-11 12:54:42,160 INFO org.apache.hadoop.hdfs.server.namenode.FSNamesystem: Detailed lock hold time metrics enabled: false
2026-05-11 12:54:42,160 INFO org.apache.hadoop.hdfs.server.namenode.FSNamesystem: fsOwner                = cty1576 (auth:SIMPLE)
2026-05-11 12:54:42,160 INFO org.apache.hadoop.hdfs.server.namenode.FSNamesystem: supergroup             = supergroup
2026-05-11 12:54:42,160 INFO org.apache.hadoop.hdfs.server.namenode.FSNamesystem: isPermissionEnabled    = true
2026-05-11 12:54:42,160 INFO org.apache.hadoop.hdfs.server.namenode.FSNamesystem: isStoragePolicyEnabled = true
2026-05-11 12:54:42,160 INFO org.apache.hadoop.hdfs.server.namenode.FSNamesystem: HA Enabled: false
2026-05-11 12:54:42,212 INFO org.apache.hadoop.hdfs.server.common.Util: dfs.datanode.fileio.profiling.sampling.percentage set to 0. Disabling file IO profiling
2026-05-11 12:54:42,321 INFO org.apache.hadoop.hdfs.server.blockmanagement.DatanodeManager: dfs.block.invalidate.limit : configured=1000, counted=60, effected=1000
2026-05-11 12:54:42,321 INFO org.apache.hadoop.hdfs.server.blockmanagement.DatanodeManager: dfs.namenode.datanode.registration.ip-hostname-check=true
2026-05-11 12:54:42,324 INFO org.apache.hadoop.hdfs.server.blockmanagement.BlockManager: dfs.namenode.startup.delay.block.deletion.sec is set to 000:00:00:00.000
2026-05-11 12:54:42,324 INFO org.apache.hadoop.hdfs.server.blockmanagement.BlockManager: The block deletion will start around 2026 May 11 12:54:42
2026-05-11 12:54:42,325 INFO org.apache.hadoop.util.GSet: Computing capacity for map BlocksMap
2026-05-11 12:54:42,325 INFO org.apache.hadoop.util.GSet: VM type       = 64-bit
2026-05-11 12:54:42,326 INFO org.apache.hadoop.util.GSet: 2.0% max memory 1.7 GB = 35.1 MB
2026-05-11 12:54:42,326 INFO org.apache.hadoop.util.GSet: capacity      = 2^22 = 4194304 entries
2026-05-11 12:54:42,336 INFO org.apache.hadoop.hdfs.server.blockmanagement.BlockManager: Storage policy satisfier is disabled
2026-05-11 12:54:42,336 INFO org.apache.hadoop.hdfs.server.blockmanagement.BlockManager: dfs.block.access.token.enable = false
2026-05-11 12:54:42,344 INFO org.apache.hadoop.hdfs.server.blockmanagement.BlockManagerSafeMode: dfs.namenode.safemode.threshold-pct = 0.999
2026-05-11 12:54:42,344 INFO org.apache.hadoop.hdfs.server.blockmanagement.BlockManagerSafeMode: dfs.namenode.safemode.min.datanodes = 0
2026-05-11 12:54:42,344 INFO org.apache.hadoop.hdfs.server.blockmanagement.BlockManagerSafeMode: dfs.namenode.safemode.extension = 30000
2026-05-11 12:54:42,345 INFO org.apache.hadoop.hdfs.server.blockmanagement.BlockManager: defaultReplication         = 1
2026-05-11 12:54:42,345 INFO org.apache.hadoop.hdfs.server.blockmanagement.BlockManager: maxReplication             = 512
2026-05-11 12:54:42,345 INFO org.apache.hadoop.hdfs.server.blockmanagement.BlockManager: minReplication             = 1
2026-05-11 12:54:42,345 INFO org.apache.hadoop.hdfs.server.blockmanagement.BlockManager: maxReplicationStreams      = 2
2026-05-11 12:54:42,345 INFO org.apache.hadoop.hdfs.server.blockmanagement.BlockManager: redundancyRecheckInterval  = 3000ms
2026-05-11 12:54:42,345 INFO org.apache.hadoop.hdfs.server.blockmanagement.BlockManager: encryptDataTransfer        = false
2026-05-11 12:54:42,345 INFO org.apache.hadoop.hdfs.server.blockmanagement.BlockManager: maxNumBlocksToLog          = 1000
2026-05-11 12:54:42,384 INFO org.apache.hadoop.hdfs.server.namenode.FSDirectory: GLOBAL serial map: bits=29 maxEntries=536870911
2026-05-11 12:54:42,384 INFO org.apache.hadoop.hdfs.server.namenode.FSDirectory: USER serial map: bits=24 maxEntries=16777215
2026-05-11 12:54:42,384 INFO org.apache.hadoop.hdfs.server.namenode.FSDirectory: GROUP serial map: bits=24 maxEntries=16777215
2026-05-11 12:54:42,384 INFO org.apache.hadoop.hdfs.server.namenode.FSDirectory: XATTR serial map: bits=24 maxEntries=16777215
2026-05-11 12:54:42,398 INFO org.apache.hadoop.util.GSet: Computing capacity for map INodeMap
2026-05-11 12:54:42,398 INFO org.apache.hadoop.util.GSet: VM type       = 64-bit
2026-05-11 12:54:42,398 INFO org.apache.hadoop.util.GSet: 1.0% max memory 1.7 GB = 17.5 MB
2026-05-11 12:54:42,398 INFO org.apache.hadoop.util.GSet: capacity      = 2^21 = 2097152 entries
2026-05-11 12:54:42,403 INFO org.apache.hadoop.hdfs.server.namenode.FSDirectory: ACLs enabled? true
2026-05-11 12:54:42,403 INFO org.apache.hadoop.hdfs.server.namenode.FSDirectory: POSIX ACL inheritance enabled? true
2026-05-11 12:54:42,403 INFO org.apache.hadoop.hdfs.server.namenode.FSDirectory: XAttrs enabled? true
2026-05-11 12:54:42,404 INFO org.apache.hadoop.hdfs.server.namenode.NameNode: Caching file names occurring more than 10 times
2026-05-11 12:54:42,407 INFO org.apache.hadoop.hdfs.server.namenode.snapshot.SnapshotManager: Loaded config captureOpenFiles: false, skipCaptureAccessTimeOnlyChange: false, snapshotDiffAllowSnapRootDescendant: true, maxSnapshotLimit: 65536
2026-05-11 12:54:42,408 INFO org.apache.hadoop.hdfs.server.namenode.snapshot.SnapshotManager: SkipList is disabled
2026-05-11 12:54:42,413 INFO org.apache.hadoop.util.GSet: Computing capacity for map cachedBlocks
2026-05-11 12:54:42,413 INFO org.apache.hadoop.util.GSet: VM type       = 64-bit
2026-05-11 12:54:42,414 INFO org.apache.hadoop.util.GSet: 0.25% max memory 1.7 GB = 4.4 MB
2026-05-11 12:54:42,414 INFO org.apache.hadoop.util.GSet: capacity      = 2^19 = 524288 entries
2026-05-11 12:54:42,425 INFO org.apache.hadoop.hdfs.server.namenode.top.metrics.TopMetrics: NNTop conf: dfs.namenode.top.window.num.buckets = 10
2026-05-11 12:54:42,425 INFO org.apache.hadoop.hdfs.server.namenode.top.metrics.TopMetrics: NNTop conf: dfs.namenode.top.num.users = 10
2026-05-11 12:54:42,425 INFO org.apache.hadoop.hdfs.server.namenode.top.metrics.TopMetrics: NNTop conf: dfs.namenode.top.windows.minutes = 1,5,25
2026-05-11 12:54:42,434 INFO org.apache.hadoop.hdfs.server.namenode.SecondaryNameNode: Checkpoint Period   :3600 secs (60 min)
2026-05-11 12:54:42,434 INFO org.apache.hadoop.hdfs.server.namenode.SecondaryNameNode: Log Size Trigger    :1000000 txns
2026-05-11 12:54:42,435 INFO org.apache.hadoop.hdfs.DFSUtil: Filter initializers set : org.apache.hadoop.http.lib.StaticUserWebFilter,org.apache.hadoop.hdfs.web.AuthFilterInitializer
2026-05-11 12:54:42,439 INFO org.apache.hadoop.hdfs.DFSUtil: Starting Web-server for secondary at: http://0.0.0.0:9868
2026-05-11 12:54:42,451 INFO org.eclipse.jetty.util.log: Logging initialized @1211ms to org.eclipse.jetty.util.log.Slf4jLog
2026-05-11 12:54:42,514 WARN org.apache.hadoop.security.authentication.server.AuthenticationFilter: Unable to initialize FileSignerSecretProvider, falling back to use random secrets. Reason: Could not read signature secret file: /home/cty1576/hadoop-http-auth-signature-secret
2026-05-11 12:54:42,517 INFO org.apache.hadoop.http.HttpRequestLog: Http request log for http.requests.secondary is not defined
2026-05-11 12:54:42,523 INFO org.apache.hadoop.http.HttpServer2: Added global filter 'safety' (class=org.apache.hadoop.http.HttpServer2$QuotingInputFilter)
2026-05-11 12:54:42,524 INFO org.apache.hadoop.http.HttpServer2: Added filter static_user_filter (class=org.apache.hadoop.http.lib.StaticUserWebFilter$StaticUserFilter) to context secondary
2026-05-11 12:54:42,524 INFO org.apache.hadoop.http.HttpServer2: Added filter static_user_filter (class=org.apache.hadoop.http.lib.StaticUserWebFilter$StaticUserFilter) to context logs
2026-05-11 12:54:42,524 INFO org.apache.hadoop.http.HttpServer2: Added filter static_user_filter (class=org.apache.hadoop.http.lib.StaticUserWebFilter$StaticUserFilter) to context static
2026-05-11 12:54:42,526 INFO org.apache.hadoop.http.HttpServer2: Added filter AuthFilter (class=org.apache.hadoop.hdfs.web.AuthFilter) to context secondary
2026-05-11 12:54:42,526 INFO org.apache.hadoop.http.HttpServer2: Added filter AuthFilter (class=org.apache.hadoop.hdfs.web.AuthFilter) to context logs
2026-05-11 12:54:42,526 INFO org.apache.hadoop.http.HttpServer2: Added filter AuthFilter (class=org.apache.hadoop.hdfs.web.AuthFilter) to context static
2026-05-11 12:54:42,546 INFO org.apache.hadoop.http.HttpServer2: Jetty bound to port 9868
2026-05-11 12:54:42,547 INFO org.eclipse.jetty.server.Server: jetty-9.4.48.v20220622; built: 2022-06-21T20:42:25.880Z; git: 6b67c5719d1f4371b33655ff2d047d24e171e49a; jvm 1.8.0_371-b11
2026-05-11 12:54:42,573 INFO org.eclipse.jetty.server.session: DefaultSessionIdManager workerName=node0
2026-05-11 12:54:42,573 INFO org.eclipse.jetty.server.session: No SessionScavenger set, using defaults
2026-05-11 12:54:42,574 INFO org.eclipse.jetty.server.session: node0 Scavenging every 660000ms
2026-05-11 12:54:42,586 WARN org.apache.hadoop.security.authentication.server.AuthenticationFilter: Unable to initialize FileSignerSecretProvider, falling back to use random secrets. Reason: Could not read signature secret file: /home/cty1576/hadoop-http-auth-signature-secret
2026-05-11 12:54:42,587 INFO org.eclipse.jetty.server.handler.ContextHandler: Started o.e.j.s.ServletContextHandler@7eb01b12{logs,/logs,file:///usr/local/hadoop/logs/,AVAILABLE}
2026-05-11 12:54:42,588 INFO org.eclipse.jetty.server.handler.ContextHandler: Started o.e.j.s.ServletContextHandler@e6516e{static,/static,file:///usr/local/hadoop/share/hadoop/hdfs/webapps/static/,AVAILABLE}
2026-05-11 12:54:42,629 INFO org.eclipse.jetty.server.handler.ContextHandler: Started o.e.j.w.WebAppContext@4ced35ed{secondary,/,file:///usr/local/hadoop/share/hadoop/hdfs/webapps/secondary/,AVAILABLE}{file:/usr/local/hadoop/share/hadoop/hdfs/webapps/secondary}
2026-05-11 12:54:42,634 INFO org.eclipse.jetty.server.AbstractConnector: Started ServerConnector@5922ae77{HTTP/1.1, (http/1.1)}{0.0.0.0:9868}
2026-05-11 12:54:42,635 INFO org.eclipse.jetty.server.Server: Started @1394ms
2026-05-11 12:54:42,635 INFO org.apache.hadoop.hdfs.server.namenode.SecondaryNameNode: Web server init done
2026-05-11 12:55:42,817 ERROR org.apache.hadoop.hdfs.server.namenode.SecondaryNameNode: Exception in doCheckpoint
java.io.IOException: Inconsistent checkpoint fields.
LV = -66 namespaceID = 964940025 cTime = 1778472532835 ; clusterId = CID-1bdbb441-bc54-4a08-a0aa-05586e9e8f93 ; blockpoolId = BP-7426217-127.0.1.1-1778472532835.
Expecting respectively: -66; 234904704; 1778468656826; CID-e3a5ef84-fb96-44bf-b419-002fe301ec3a; BP-1183722628-127.0.1.1-1778468656826.
	at org.apache.hadoop.hdfs.server.namenode.CheckpointSignature.validateStorageInfo(CheckpointSignature.java:143)
	at org.apache.hadoop.hdfs.server.namenode.SecondaryNameNode.doCheckpoint(SecondaryNameNode.java:550)
	at org.apache.hadoop.hdfs.server.namenode.SecondaryNameNode.doWork(SecondaryNameNode.java:360)
	at org.apache.hadoop.hdfs.server.namenode.SecondaryNameNode$1.run(SecondaryNameNode.java:325)
	at org.apache.hadoop.security.SecurityUtil.doAsLoginUserOrFatal(SecurityUtil.java:516)
	at org.apache.hadoop.hdfs.server.namenode.SecondaryNameNode.run(SecondaryNameNode.java:321)
	at java.lang.Thread.run(Thread.java:750)
2026-05-11 12:56:42,878 ERROR org.apache.hadoop.hdfs.server.namenode.SecondaryNameNode: Exception in doCheckpoint
java.io.IOException: Inconsistent checkpoint fields.
LV = -66 namespaceID = 964940025 cTime = 1778472532835 ; clusterId = CID-1bdbb441-bc54-4a08-a0aa-05586e9e8f93 ; blockpoolId = BP-7426217-127.0.1.1-1778472532835.
Expecting respectively: -66; 234904704; 1778468656826; CID-e3a5ef84-fb96-44bf-b419-002fe301ec3a; BP-1183722628-127.0.1.1-1778468656826.
	at org.apache.hadoop.hdfs.server.namenode.CheckpointSignature.validateStorageInfo(CheckpointSignature.java:143)
	at org.apache.hadoop.hdfs.server.namenode.SecondaryNameNode.doCheckpoint(SecondaryNameNode.java:550)
	at org.apache.hadoop.hdfs.server.namenode.SecondaryNameNode.doWork(SecondaryNameNode.java:360)
	at org.apache.hadoop.hdfs.server.namenode.SecondaryNameNode$1.run(SecondaryNameNode.java:325)
	at org.apache.hadoop.security.SecurityUtil.doAsLoginUserOrFatal(SecurityUtil.java:516)
	at org.apache.hadoop.hdfs.server.namenode.SecondaryNameNode.run(SecondaryNameNode.java:321)
	at java.lang.Thread.run(Thread.java:750)
2026-05-11 12:57:42,904 ERROR org.apache.hadoop.hdfs.server.namenode.SecondaryNameNode: Exception in doCheckpoint
java.io.IOException: Inconsistent checkpoint fields.
LV = -66 namespaceID = 964940025 cTime = 1778472532835 ; clusterId = CID-1bdbb441-bc54-4a08-a0aa-05586e9e8f93 ; blockpoolId = BP-7426217-127.0.1.1-1778472532835.
Expecting respectively: -66; 234904704; 1778468656826; CID-e3a5ef84-fb96-44bf-b419-002fe301ec3a; BP-1183722628-127.0.1.1-1778468656826.
	at org.apache.hadoop.hdfs.server.namenode.CheckpointSignature.validateStorageInfo(CheckpointSignature.java:143)
	at org.apache.hadoop.hdfs.server.namenode.SecondaryNameNode.doCheckpoint(SecondaryNameNode.java:550)
	at org.apache.hadoop.hdfs.server.namenode.SecondaryNameNode.doWork(SecondaryNameNode.java:360)
	at org.apache.hadoop.hdfs.server.namenode.SecondaryNameNode$1.run(SecondaryNameNode.java:325)
	at org.apache.hadoop.security.SecurityUtil.doAsLoginUserOrFatal(SecurityUtil.java:516)
	at org.apache.hadoop.hdfs.server.namenode.SecondaryNameNode.run(SecondaryNameNode.java:321)
	at java.lang.Thread.run(Thread.java:750)
2026-05-11 12:58:42,938 ERROR org.apache.hadoop.hdfs.server.namenode.SecondaryNameNode: Exception in doCheckpoint
java.io.IOException: Inconsistent checkpoint fields.
LV = -66 namespaceID = 964940025 cTime = 1778472532835 ; clusterId = CID-1bdbb441-bc54-4a08-a0aa-05586e9e8f93 ; blockpoolId = BP-7426217-127.0.1.1-1778472532835.
Expecting respectively: -66; 234904704; 1778468656826; CID-e3a5ef84-fb96-44bf-b419-002fe301ec3a; BP-1183722628-127.0.1.1-1778468656826.
	at org.apache.hadoop.hdfs.server.namenode.CheckpointSignature.validateStorageInfo(CheckpointSignature.java:143)
	at org.apache.hadoop.hdfs.server.namenode.SecondaryNameNode.doCheckpoint(SecondaryNameNode.java:550)
	at org.apache.hadoop.hdfs.server.namenode.SecondaryNameNode.doWork(SecondaryNameNode.java:360)
	at org.apache.hadoop.hdfs.server.namenode.SecondaryNameNode$1.run(SecondaryNameNode.java:325)
	at org.apache.hadoop.security.SecurityUtil.doAsLoginUserOrFatal(SecurityUtil.java:516)
	at org.apache.hadoop.hdfs.server.namenode.SecondaryNameNode.run(SecondaryNameNode.java:321)
	at java.lang.Thread.run(Thread.java:750)
2026-05-11 12:59:42,985 ERROR org.apache.hadoop.hdfs.server.namenode.SecondaryNameNode: Exception in doCheckpoint
java.io.IOException: Inconsistent checkpoint fields.
LV = -66 namespaceID = 964940025 cTime = 1778472532835 ; clusterId = CID-1bdbb441-bc54-4a08-a0aa-05586e9e8f93 ; blockpoolId = BP-7426217-127.0.1.1-1778472532835.
Expecting respectively: -66; 234904704; 1778468656826; CID-e3a5ef84-fb96-44bf-b419-002fe301ec3a; BP-1183722628-127.0.1.1-1778468656826.
	at org.apache.hadoop.hdfs.server.namenode.CheckpointSignature.validateStorageInfo(CheckpointSignature.java:143)
	at org.apache.hadoop.hdfs.server.namenode.SecondaryNameNode.doCheckpoint(SecondaryNameNode.java:550)
	at org.apache.hadoop.hdfs.server.namenode.SecondaryNameNode.doWork(SecondaryNameNode.java:360)
	at org.apache.hadoop.hdfs.server.namenode.SecondaryNameNode$1.run(SecondaryNameNode.java:325)
	at org.apache.hadoop.security.SecurityUtil.doAsLoginUserOrFatal(SecurityUtil.java:516)
	at org.apache.hadoop.hdfs.server.namenode.SecondaryNameNode.run(SecondaryNameNode.java:321)
	at java.lang.Thread.run(Thread.java:750)
2026-05-11 13:00:43,026 ERROR org.apache.hadoop.hdfs.server.namenode.SecondaryNameNode: Exception in doCheckpoint
java.io.IOException: Inconsistent checkpoint fields.
LV = -66 namespaceID = 964940025 cTime = 1778472532835 ; clusterId = CID-1bdbb441-bc54-4a08-a0aa-05586e9e8f93 ; blockpoolId = BP-7426217-127.0.1.1-1778472532835.
Expecting respectively: -66; 234904704; 1778468656826; CID-e3a5ef84-fb96-44bf-b419-002fe301ec3a; BP-1183722628-127.0.1.1-1778468656826.
	at org.apache.hadoop.hdfs.server.namenode.CheckpointSignature.validateStorageInfo(CheckpointSignature.java:143)
	at org.apache.hadoop.hdfs.server.namenode.SecondaryNameNode.doCheckpoint(SecondaryNameNode.java:550)
	at org.apache.hadoop.hdfs.server.namenode.SecondaryNameNode.doWork(SecondaryNameNode.java:360)
	at org.apache.hadoop.hdfs.server.namenode.SecondaryNameNode$1.run(SecondaryNameNode.java:325)
	at org.apache.hadoop.security.SecurityUtil.doAsLoginUserOrFatal(SecurityUtil.java:516)
	at org.apache.hadoop.hdfs.server.namenode.SecondaryNameNode.run(SecondaryNameNode.java:321)
	at java.lang.Thread.run(Thread.java:750)
2026-05-11 13:01:43,069 ERROR org.apache.hadoop.hdfs.server.namenode.SecondaryNameNode: Exception in doCheckpoint
java.io.IOException: Inconsistent checkpoint fields.
LV = -66 namespaceID = 964940025 cTime = 1778472532835 ; clusterId = CID-1bdbb441-bc54-4a08-a0aa-05586e9e8f93 ; blockpoolId = BP-7426217-127.0.1.1-1778472532835.
Expecting respectively: -66; 234904704; 1778468656826; CID-e3a5ef84-fb96-44bf-b419-002fe301ec3a; BP-1183722628-127.0.1.1-1778468656826.
	at org.apache.hadoop.hdfs.server.namenode.CheckpointSignature.validateStorageInfo(CheckpointSignature.java:143)
	at org.apache.hadoop.hdfs.server.namenode.SecondaryNameNode.doCheckpoint(SecondaryNameNode.java:550)
	at org.apache.hadoop.hdfs.server.namenode.SecondaryNameNode.doWork(SecondaryNameNode.java:360)
	at org.apache.hadoop.hdfs.server.namenode.SecondaryNameNode$1.run(SecondaryNameNode.java:325)
	at org.apache.hadoop.security.SecurityUtil.doAsLoginUserOrFatal(SecurityUtil.java:516)
	at org.apache.hadoop.hdfs.server.namenode.SecondaryNameNode.run(SecondaryNameNode.java:321)
	at java.lang.Thread.run(Thread.java:750)
2026-05-11 13:02:43,143 ERROR org.apache.hadoop.hdfs.server.namenode.SecondaryNameNode: Exception in doCheckpoint
java.io.IOException: Inconsistent checkpoint fields.
LV = -66 namespaceID = 964940025 cTime = 1778472532835 ; clusterId = CID-1bdbb441-bc54-4a08-a0aa-05586e9e8f93 ; blockpoolId = BP-7426217-127.0.1.1-1778472532835.
Expecting respectively: -66; 234904704; 1778468656826; CID-e3a5ef84-fb96-44bf-b419-002fe301ec3a; BP-1183722628-127.0.1.1-1778468656826.
	at org.apache.hadoop.hdfs.server.namenode.CheckpointSignature.validateStorageInfo(CheckpointSignature.java:143)
	at org.apache.hadoop.hdfs.server.namenode.SecondaryNameNode.doCheckpoint(SecondaryNameNode.java:550)
	at org.apache.hadoop.hdfs.server.namenode.SecondaryNameNode.doWork(SecondaryNameNode.java:360)
	at org.apache.hadoop.hdfs.server.namenode.SecondaryNameNode$1.run(SecondaryNameNode.java:325)
	at org.apache.hadoop.security.SecurityUtil.doAsLoginUserOrFatal(SecurityUtil.java:516)
	at org.apache.hadoop.hdfs.server.namenode.SecondaryNameNode.run(SecondaryNameNode.java:321)
	at java.lang.Thread.run(Thread.java:750)
2026-05-11 13:03:43,175 ERROR org.apache.hadoop.hdfs.server.namenode.SecondaryNameNode: Exception in doCheckpoint
java.io.IOException: Inconsistent checkpoint fields.
LV = -66 namespaceID = 964940025 cTime = 1778472532835 ; clusterId = CID-1bdbb441-bc54-4a08-a0aa-05586e9e8f93 ; blockpoolId = BP-7426217-127.0.1.1-1778472532835.
Expecting respectively: -66; 234904704; 1778468656826; CID-e3a5ef84-fb96-44bf-b419-002fe301ec3a; BP-1183722628-127.0.1.1-1778468656826.
	at org.apache.hadoop.hdfs.server.namenode.CheckpointSignature.validateStorageInfo(CheckpointSignature.java:143)
	at org.apache.hadoop.hdfs.server.namenode.SecondaryNameNode.doCheckpoint(SecondaryNameNode.java:550)
	at org.apache.hadoop.hdfs.server.namenode.SecondaryNameNode.doWork(SecondaryNameNode.java:360)
	at org.apache.hadoop.hdfs.server.namenode.SecondaryNameNode$1.run(SecondaryNameNode.java:325)
	at org.apache.hadoop.security.SecurityUtil.doAsLoginUserOrFatal(SecurityUtil.java:516)
	at org.apache.hadoop.hdfs.server.namenode.SecondaryNameNode.run(SecondaryNameNode.java:321)
	at java.lang.Thread.run(Thread.java:750)
2026-05-11 13:04:43,200 ERROR org.apache.hadoop.hdfs.server.namenode.SecondaryNameNode: Exception in doCheckpoint
java.io.IOException: Inconsistent checkpoint fields.
LV = -66 namespaceID = 964940025 cTime = 1778472532835 ; clusterId = CID-1bdbb441-bc54-4a08-a0aa-05586e9e8f93 ; blockpoolId = BP-7426217-127.0.1.1-1778472532835.
Expecting respectively: -66; 234904704; 1778468656826; CID-e3a5ef84-fb96-44bf-b419-002fe301ec3a; BP-1183722628-127.0.1.1-1778468656826.
	at org.apache.hadoop.hdfs.server.namenode.CheckpointSignature.validateStorageInfo(CheckpointSignature.java:143)
	at org.apache.hadoop.hdfs.server.namenode.SecondaryNameNode.doCheckpoint(SecondaryNameNode.java:550)
	at org.apache.hadoop.hdfs.server.namenode.SecondaryNameNode.doWork(SecondaryNameNode.java:360)
	at org.apache.hadoop.hdfs.server.namenode.SecondaryNameNode$1.run(SecondaryNameNode.java:325)
	at org.apache.hadoop.security.SecurityUtil.doAsLoginUserOrFatal(SecurityUtil.java:516)
	at org.apache.hadoop.hdfs.server.namenode.SecondaryNameNode.run(SecondaryNameNode.java:321)
	at java.lang.Thread.run(Thread.java:750)
2026-05-11 13:05:43,221 ERROR org.apache.hadoop.hdfs.server.namenode.SecondaryNameNode: Exception in doCheckpoint
java.io.IOException: Inconsistent checkpoint fields.
LV = -66 namespaceID = 964940025 cTime = 1778472532835 ; clusterId = CID-1bdbb441-bc54-4a08-a0aa-05586e9e8f93 ; blockpoolId = BP-7426217-127.0.1.1-1778472532835.
Expecting respectively: -66; 234904704; 1778468656826; CID-e3a5ef84-fb96-44bf-b419-002fe301ec3a; BP-1183722628-127.0.1.1-1778468656826.
	at org.apache.hadoop.hdfs.server.namenode.CheckpointSignature.validateStorageInfo(CheckpointSignature.java:143)
	at org.apache.hadoop.hdfs.server.namenode.SecondaryNameNode.doCheckpoint(SecondaryNameNode.java:550)
	at org.apache.hadoop.hdfs.server.namenode.SecondaryNameNode.doWork(SecondaryNameNode.java:360)
	at org.apache.hadoop.hdfs.server.namenode.SecondaryNameNode$1.run(SecondaryNameNode.java:325)
	at org.apache.hadoop.security.SecurityUtil.doAsLoginUserOrFatal(SecurityUtil.java:516)
	at org.apache.hadoop.hdfs.server.namenode.SecondaryNameNode.run(SecondaryNameNode.java:321)
	at java.lang.Thread.run(Thread.java:750)
2026-05-11 13:06:43,237 ERROR org.apache.hadoop.hdfs.server.namenode.SecondaryNameNode: Exception in doCheckpoint
java.io.IOException: Inconsistent checkpoint fields.
LV = -66 namespaceID = 964940025 cTime = 1778472532835 ; clusterId = CID-1bdbb441-bc54-4a08-a0aa-05586e9e8f93 ; blockpoolId = BP-7426217-127.0.1.1-1778472532835.
Expecting respectively: -66; 234904704; 1778468656826; CID-e3a5ef84-fb96-44bf-b419-002fe301ec3a; BP-1183722628-127.0.1.1-1778468656826.
	at org.apache.hadoop.hdfs.server.namenode.CheckpointSignature.validateStorageInfo(CheckpointSignature.java:143)
	at org.apache.hadoop.hdfs.server.namenode.SecondaryNameNode.doCheckpoint(SecondaryNameNode.java:550)
	at org.apache.hadoop.hdfs.server.namenode.SecondaryNameNode.doWork(SecondaryNameNode.java:360)
	at org.apache.hadoop.hdfs.server.namenode.SecondaryNameNode$1.run(SecondaryNameNode.java:325)
	at org.apache.hadoop.security.SecurityUtil.doAsLoginUserOrFatal(SecurityUtil.java:516)
	at org.apache.hadoop.hdfs.server.namenode.SecondaryNameNode.run(SecondaryNameNode.java:321)
	at java.lang.Thread.run(Thread.java:750)
2026-05-11 13:07:43,265 ERROR org.apache.hadoop.hdfs.server.namenode.SecondaryNameNode: Exception in doCheckpoint
java.io.IOException: Inconsistent checkpoint fields.
LV = -66 namespaceID = 964940025 cTime = 1778472532835 ; clusterId = CID-1bdbb441-bc54-4a08-a0aa-05586e9e8f93 ; blockpoolId = BP-7426217-127.0.1.1-1778472532835.
Expecting respectively: -66; 234904704; 1778468656826; CID-e3a5ef84-fb96-44bf-b419-002fe301ec3a; BP-1183722628-127.0.1.1-1778468656826.
	at org.apache.hadoop.hdfs.server.namenode.CheckpointSignature.validateStorageInfo(CheckpointSignature.java:143)
	at org.apache.hadoop.hdfs.server.namenode.SecondaryNameNode.doCheckpoint(SecondaryNameNode.java:550)
	at org.apache.hadoop.hdfs.server.namenode.SecondaryNameNode.doWork(SecondaryNameNode.java:360)
	at org.apache.hadoop.hdfs.server.namenode.SecondaryNameNode$1.run(SecondaryNameNode.java:325)
	at org.apache.hadoop.security.SecurityUtil.doAsLoginUserOrFatal(SecurityUtil.java:516)
	at org.apache.hadoop.hdfs.server.namenode.SecondaryNameNode.run(SecondaryNameNode.java:321)
	at java.lang.Thread.run(Thread.java:750)
2026-05-11 13:08:43,294 ERROR org.apache.hadoop.hdfs.server.namenode.SecondaryNameNode: Exception in doCheckpoint
java.io.IOException: Inconsistent checkpoint fields.
LV = -66 namespaceID = 964940025 cTime = 1778472532835 ; clusterId = CID-1bdbb441-bc54-4a08-a0aa-05586e9e8f93 ; blockpoolId = BP-7426217-127.0.1.1-1778472532835.
Expecting respectively: -66; 234904704; 1778468656826; CID-e3a5ef84-fb96-44bf-b419-002fe301ec3a; BP-1183722628-127.0.1.1-1778468656826.
	at org.apache.hadoop.hdfs.server.namenode.CheckpointSignature.validateStorageInfo(CheckpointSignature.java:143)
	at org.apache.hadoop.hdfs.server.namenode.SecondaryNameNode.doCheckpoint(SecondaryNameNode.java:550)
	at org.apache.hadoop.hdfs.server.namenode.SecondaryNameNode.doWork(SecondaryNameNode.java:360)
	at org.apache.hadoop.hdfs.server.namenode.SecondaryNameNode$1.run(SecondaryNameNode.java:325)
	at org.apache.hadoop.security.SecurityUtil.doAsLoginUserOrFatal(SecurityUtil.java:516)
	at org.apache.hadoop.hdfs.server.namenode.SecondaryNameNode.run(SecondaryNameNode.java:321)
	at java.lang.Thread.run(Thread.java:750)
2026-05-11 13:09:43,325 ERROR org.apache.hadoop.hdfs.server.namenode.SecondaryNameNode: Exception in doCheckpoint
java.io.IOException: Inconsistent checkpoint fields.
LV = -66 namespaceID = 964940025 cTime = 1778472532835 ; clusterId = CID-1bdbb441-bc54-4a08-a0aa-05586e9e8f93 ; blockpoolId = BP-7426217-127.0.1.1-1778472532835.
Expecting respectively: -66; 234904704; 1778468656826; CID-e3a5ef84-fb96-44bf-b419-002fe301ec3a; BP-1183722628-127.0.1.1-1778468656826.
	at org.apache.hadoop.hdfs.server.namenode.CheckpointSignature.validateStorageInfo(CheckpointSignature.java:143)
	at org.apache.hadoop.hdfs.server.namenode.SecondaryNameNode.doCheckpoint(SecondaryNameNode.java:550)
	at org.apache.hadoop.hdfs.server.namenode.SecondaryNameNode.doWork(SecondaryNameNode.java:360)
	at org.apache.hadoop.hdfs.server.namenode.SecondaryNameNode$1.run(SecondaryNameNode.java:325)
	at org.apache.hadoop.security.SecurityUtil.doAsLoginUserOrFatal(SecurityUtil.java:516)
	at org.apache.hadoop.hdfs.server.namenode.SecondaryNameNode.run(SecondaryNameNode.java:321)
	at java.lang.Thread.run(Thread.java:750)
2026-05-11 13:10:43,371 ERROR org.apache.hadoop.hdfs.server.namenode.SecondaryNameNode: Exception in doCheckpoint
java.io.IOException: Inconsistent checkpoint fields.
LV = -66 namespaceID = 964940025 cTime = 1778472532835 ; clusterId = CID-1bdbb441-bc54-4a08-a0aa-05586e9e8f93 ; blockpoolId = BP-7426217-127.0.1.1-1778472532835.
Expecting respectively: -66; 234904704; 1778468656826; CID-e3a5ef84-fb96-44bf-b419-002fe301ec3a; BP-1183722628-127.0.1.1-1778468656826.
	at org.apache.hadoop.hdfs.server.namenode.CheckpointSignature.validateStorageInfo(CheckpointSignature.java:143)
	at org.apache.hadoop.hdfs.server.namenode.SecondaryNameNode.doCheckpoint(SecondaryNameNode.java:550)
	at org.apache.hadoop.hdfs.server.namenode.SecondaryNameNode.doWork(SecondaryNameNode.java:360)
	at org.apache.hadoop.hdfs.server.namenode.SecondaryNameNode$1.run(SecondaryNameNode.java:325)
	at org.apache.hadoop.security.SecurityUtil.doAsLoginUserOrFatal(SecurityUtil.java:516)
	at org.apache.hadoop.hdfs.server.namenode.SecondaryNameNode.run(SecondaryNameNode.java:321)
	at java.lang.Thread.run(Thread.java:750)
2026-05-11 13:11:43,388 ERROR org.apache.hadoop.hdfs.server.namenode.SecondaryNameNode: Exception in doCheckpoint
java.io.IOException: Inconsistent checkpoint fields.
LV = -66 namespaceID = 964940025 cTime = 1778472532835 ; clusterId = CID-1bdbb441-bc54-4a08-a0aa-05586e9e8f93 ; blockpoolId = BP-7426217-127.0.1.1-1778472532835.
Expecting respectively: -66; 234904704; 1778468656826; CID-e3a5ef84-fb96-44bf-b419-002fe301ec3a; BP-1183722628-127.0.1.1-1778468656826.
	at org.apache.hadoop.hdfs.server.namenode.CheckpointSignature.validateStorageInfo(CheckpointSignature.java:143)
	at org.apache.hadoop.hdfs.server.namenode.SecondaryNameNode.doCheckpoint(SecondaryNameNode.java:550)
	at org.apache.hadoop.hdfs.server.namenode.SecondaryNameNode.doWork(SecondaryNameNode.java:360)
	at org.apache.hadoop.hdfs.server.namenode.SecondaryNameNode$1.run(SecondaryNameNode.java:325)
	at org.apache.hadoop.security.SecurityUtil.doAsLoginUserOrFatal(SecurityUtil.java:516)
	at org.apache.hadoop.hdfs.server.namenode.SecondaryNameNode.run(SecondaryNameNode.java:321)
	at java.lang.Thread.run(Thread.java:750)
2026-05-11 13:12:43,410 ERROR org.apache.hadoop.hdfs.server.namenode.SecondaryNameNode: Exception in doCheckpoint
java.io.IOException: Inconsistent checkpoint fields.
LV = -66 namespaceID = 964940025 cTime = 1778472532835 ; clusterId = CID-1bdbb441-bc54-4a08-a0aa-05586e9e8f93 ; blockpoolId = BP-7426217-127.0.1.1-1778472532835.
Expecting respectively: -66; 234904704; 1778468656826; CID-e3a5ef84-fb96-44bf-b419-002fe301ec3a; BP-1183722628-127.0.1.1-1778468656826.
	at org.apache.hadoop.hdfs.server.namenode.CheckpointSignature.validateStorageInfo(CheckpointSignature.java:143)
	at org.apache.hadoop.hdfs.server.namenode.SecondaryNameNode.doCheckpoint(SecondaryNameNode.java:550)
	at org.apache.hadoop.hdfs.server.namenode.SecondaryNameNode.doWork(SecondaryNameNode.java:360)
	at org.apache.hadoop.hdfs.server.namenode.SecondaryNameNode$1.run(SecondaryNameNode.java:325)
	at org.apache.hadoop.security.SecurityUtil.doAsLoginUserOrFatal(SecurityUtil.java:516)
	at org.apache.hadoop.hdfs.server.namenode.SecondaryNameNode.run(SecondaryNameNode.java:321)
	at java.lang.Thread.run(Thread.java:750)
2026-05-11 13:13:43,422 ERROR org.apache.hadoop.hdfs.server.namenode.SecondaryNameNode: Exception in doCheckpoint
java.io.IOException: Inconsistent checkpoint fields.
LV = -66 namespaceID = 964940025 cTime = 1778472532835 ; clusterId = CID-1bdbb441-bc54-4a08-a0aa-05586e9e8f93 ; blockpoolId = BP-7426217-127.0.1.1-1778472532835.
Expecting respectively: -66; 234904704; 1778468656826; CID-e3a5ef84-fb96-44bf-b419-002fe301ec3a; BP-1183722628-127.0.1.1-1778468656826.
	at org.apache.hadoop.hdfs.server.namenode.CheckpointSignature.validateStorageInfo(CheckpointSignature.java:143)
	at org.apache.hadoop.hdfs.server.namenode.SecondaryNameNode.doCheckpoint(SecondaryNameNode.java:550)
	at org.apache.hadoop.hdfs.server.namenode.SecondaryNameNode.doWork(SecondaryNameNode.java:360)
	at org.apache.hadoop.hdfs.server.namenode.SecondaryNameNode$1.run(SecondaryNameNode.java:325)
	at org.apache.hadoop.security.SecurityUtil.doAsLoginUserOrFatal(SecurityUtil.java:516)
	at org.apache.hadoop.hdfs.server.namenode.SecondaryNameNode.run(SecondaryNameNode.java:321)
	at java.lang.Thread.run(Thread.java:750)
2026-05-11 13:14:43,441 ERROR org.apache.hadoop.hdfs.server.namenode.SecondaryNameNode: Exception in doCheckpoint
java.io.IOException: Inconsistent checkpoint fields.
LV = -66 namespaceID = 964940025 cTime = 1778472532835 ; clusterId = CID-1bdbb441-bc54-4a08-a0aa-05586e9e8f93 ; blockpoolId = BP-7426217-127.0.1.1-1778472532835.
Expecting respectively: -66; 234904704; 1778468656826; CID-e3a5ef84-fb96-44bf-b419-002fe301ec3a; BP-1183722628-127.0.1.1-1778468656826.
	at org.apache.hadoop.hdfs.server.namenode.CheckpointSignature.validateStorageInfo(CheckpointSignature.java:143)
	at org.apache.hadoop.hdfs.server.namenode.SecondaryNameNode.doCheckpoint(SecondaryNameNode.java:550)
	at org.apache.hadoop.hdfs.server.namenode.SecondaryNameNode.doWork(SecondaryNameNode.java:360)
	at org.apache.hadoop.hdfs.server.namenode.SecondaryNameNode$1.run(SecondaryNameNode.java:325)
	at org.apache.hadoop.security.SecurityUtil.doAsLoginUserOrFatal(SecurityUtil.java:516)
	at org.apache.hadoop.hdfs.server.namenode.SecondaryNameNode.run(SecondaryNameNode.java:321)
	at java.lang.Thread.run(Thread.java:750)
2026-05-11 13:15:43,463 ERROR org.apache.hadoop.hdfs.server.namenode.SecondaryNameNode: Exception in doCheckpoint
java.io.IOException: Inconsistent checkpoint fields.
LV = -66 namespaceID = 964940025 cTime = 1778472532835 ; clusterId = CID-1bdbb441-bc54-4a08-a0aa-05586e9e8f93 ; blockpoolId = BP-7426217-127.0.1.1-1778472532835.
Expecting respectively: -66; 234904704; 1778468656826; CID-e3a5ef84-fb96-44bf-b419-002fe301ec3a; BP-1183722628-127.0.1.1-1778468656826.
	at org.apache.hadoop.hdfs.server.namenode.CheckpointSignature.validateStorageInfo(CheckpointSignature.java:143)
	at org.apache.hadoop.hdfs.server.namenode.SecondaryNameNode.doCheckpoint(SecondaryNameNode.java:550)
	at org.apache.hadoop.hdfs.server.namenode.SecondaryNameNode.doWork(SecondaryNameNode.java:360)
	at org.apache.hadoop.hdfs.server.namenode.SecondaryNameNode$1.run(SecondaryNameNode.java:325)
	at org.apache.hadoop.security.SecurityUtil.doAsLoginUserOrFatal(SecurityUtil.java:516)
	at org.apache.hadoop.hdfs.server.namenode.SecondaryNameNode.run(SecondaryNameNode.java:321)
	at java.lang.Thread.run(Thread.java:750)
2026-05-11 13:16:43,475 ERROR org.apache.hadoop.hdfs.server.namenode.SecondaryNameNode: Exception in doCheckpoint
java.io.IOException: Inconsistent checkpoint fields.
LV = -66 namespaceID = 964940025 cTime = 1778472532835 ; clusterId = CID-1bdbb441-bc54-4a08-a0aa-05586e9e8f93 ; blockpoolId = BP-7426217-127.0.1.1-1778472532835.
Expecting respectively: -66; 234904704; 1778468656826; CID-e3a5ef84-fb96-44bf-b419-002fe301ec3a; BP-1183722628-127.0.1.1-1778468656826.
	at org.apache.hadoop.hdfs.server.namenode.CheckpointSignature.validateStorageInfo(CheckpointSignature.java:143)
	at org.apache.hadoop.hdfs.server.namenode.SecondaryNameNode.doCheckpoint(SecondaryNameNode.java:550)
	at org.apache.hadoop.hdfs.server.namenode.SecondaryNameNode.doWork(SecondaryNameNode.java:360)
	at org.apache.hadoop.hdfs.server.namenode.SecondaryNameNode$1.run(SecondaryNameNode.java:325)
	at org.apache.hadoop.security.SecurityUtil.doAsLoginUserOrFatal(SecurityUtil.java:516)
	at org.apache.hadoop.hdfs.server.namenode.SecondaryNameNode.run(SecondaryNameNode.java:321)
	at java.lang.Thread.run(Thread.java:750)
2026-05-11 13:17:43,497 ERROR org.apache.hadoop.hdfs.server.namenode.SecondaryNameNode: Exception in doCheckpoint
java.io.IOException: Inconsistent checkpoint fields.
LV = -66 namespaceID = 964940025 cTime = 1778472532835 ; clusterId = CID-1bdbb441-bc54-4a08-a0aa-05586e9e8f93 ; blockpoolId = BP-7426217-127.0.1.1-1778472532835.
Expecting respectively: -66; 234904704; 1778468656826; CID-e3a5ef84-fb96-44bf-b419-002fe301ec3a; BP-1183722628-127.0.1.1-1778468656826.
	at org.apache.hadoop.hdfs.server.namenode.CheckpointSignature.validateStorageInfo(CheckpointSignature.java:143)
	at org.apache.hadoop.hdfs.server.namenode.SecondaryNameNode.doCheckpoint(SecondaryNameNode.java:550)
	at org.apache.hadoop.hdfs.server.namenode.SecondaryNameNode.doWork(SecondaryNameNode.java:360)
	at org.apache.hadoop.hdfs.server.namenode.SecondaryNameNode$1.run(SecondaryNameNode.java:325)
	at org.apache.hadoop.security.SecurityUtil.doAsLoginUserOrFatal(SecurityUtil.java:516)
	at org.apache.hadoop.hdfs.server.namenode.SecondaryNameNode.run(SecondaryNameNode.java:321)
	at java.lang.Thread.run(Thread.java:750)
2026-05-11 13:18:43,517 ERROR org.apache.hadoop.hdfs.server.namenode.SecondaryNameNode: Exception in doCheckpoint
java.io.IOException: Inconsistent checkpoint fields.
LV = -66 namespaceID = 964940025 cTime = 1778472532835 ; clusterId = CID-1bdbb441-bc54-4a08-a0aa-05586e9e8f93 ; blockpoolId = BP-7426217-127.0.1.1-1778472532835.
Expecting respectively: -66; 234904704; 1778468656826; CID-e3a5ef84-fb96-44bf-b419-002fe301ec3a; BP-1183722628-127.0.1.1-1778468656826.
	at org.apache.hadoop.hdfs.server.namenode.CheckpointSignature.validateStorageInfo(CheckpointSignature.java:143)
	at org.apache.hadoop.hdfs.server.namenode.SecondaryNameNode.doCheckpoint(SecondaryNameNode.java:550)
	at org.apache.hadoop.hdfs.server.namenode.SecondaryNameNode.doWork(SecondaryNameNode.java:360)
	at org.apache.hadoop.hdfs.server.namenode.SecondaryNameNode$1.run(SecondaryNameNode.java:325)
	at org.apache.hadoop.security.SecurityUtil.doAsLoginUserOrFatal(SecurityUtil.java:516)
	at org.apache.hadoop.hdfs.server.namenode.SecondaryNameNode.run(SecondaryNameNode.java:321)
	at java.lang.Thread.run(Thread.java:750)
2026-05-11 13:19:43,542 ERROR org.apache.hadoop.hdfs.server.namenode.SecondaryNameNode: Exception in doCheckpoint
java.io.IOException: Inconsistent checkpoint fields.
LV = -66 namespaceID = 964940025 cTime = 1778472532835 ; clusterId = CID-1bdbb441-bc54-4a08-a0aa-05586e9e8f93 ; blockpoolId = BP-7426217-127.0.1.1-1778472532835.
Expecting respectively: -66; 234904704; 1778468656826; CID-e3a5ef84-fb96-44bf-b419-002fe301ec3a; BP-1183722628-127.0.1.1-1778468656826.
	at org.apache.hadoop.hdfs.server.namenode.CheckpointSignature.validateStorageInfo(CheckpointSignature.java:143)
	at org.apache.hadoop.hdfs.server.namenode.SecondaryNameNode.doCheckpoint(SecondaryNameNode.java:550)
	at org.apache.hadoop.hdfs.server.namenode.SecondaryNameNode.doWork(SecondaryNameNode.java:360)
	at org.apache.hadoop.hdfs.server.namenode.SecondaryNameNode$1.run(SecondaryNameNode.java:325)
	at org.apache.hadoop.security.SecurityUtil.doAsLoginUserOrFatal(SecurityUtil.java:516)
	at org.apache.hadoop.hdfs.server.namenode.SecondaryNameNode.run(SecondaryNameNode.java:321)
	at java.lang.Thread.run(Thread.java:750)
2026-05-11 13:20:43,555 ERROR org.apache.hadoop.hdfs.server.namenode.SecondaryNameNode: Exception in doCheckpoint
java.io.IOException: Inconsistent checkpoint fields.
LV = -66 namespaceID = 964940025 cTime = 1778472532835 ; clusterId = CID-1bdbb441-bc54-4a08-a0aa-05586e9e8f93 ; blockpoolId = BP-7426217-127.0.1.1-1778472532835.
Expecting respectively: -66; 234904704; 1778468656826; CID-e3a5ef84-fb96-44bf-b419-002fe301ec3a; BP-1183722628-127.0.1.1-1778468656826.
	at org.apache.hadoop.hdfs.server.namenode.CheckpointSignature.validateStorageInfo(CheckpointSignature.java:143)
	at org.apache.hadoop.hdfs.server.namenode.SecondaryNameNode.doCheckpoint(SecondaryNameNode.java:550)
	at org.apache.hadoop.hdfs.server.namenode.SecondaryNameNode.doWork(SecondaryNameNode.java:360)
	at org.apache.hadoop.hdfs.server.namenode.SecondaryNameNode$1.run(SecondaryNameNode.java:325)
	at org.apache.hadoop.security.SecurityUtil.doAsLoginUserOrFatal(SecurityUtil.java:516)
	at org.apache.hadoop.hdfs.server.namenode.SecondaryNameNode.run(SecondaryNameNode.java:321)
	at java.lang.Thread.run(Thread.java:750)
2026-05-11 13:21:43,568 ERROR org.apache.hadoop.hdfs.server.namenode.SecondaryNameNode: Exception in doCheckpoint
java.io.IOException: Inconsistent checkpoint fields.
LV = -66 namespaceID = 964940025 cTime = 1778472532835 ; clusterId = CID-1bdbb441-bc54-4a08-a0aa-05586e9e8f93 ; blockpoolId = BP-7426217-127.0.1.1-1778472532835.
Expecting respectively: -66; 234904704; 1778468656826; CID-e3a5ef84-fb96-44bf-b419-002fe301ec3a; BP-1183722628-127.0.1.1-1778468656826.
	at org.apache.hadoop.hdfs.server.namenode.CheckpointSignature.validateStorageInfo(CheckpointSignature.java:143)
	at org.apache.hadoop.hdfs.server.namenode.SecondaryNameNode.doCheckpoint(SecondaryNameNode.java:550)
	at org.apache.hadoop.hdfs.server.namenode.SecondaryNameNode.doWork(SecondaryNameNode.java:360)
	at org.apache.hadoop.hdfs.server.namenode.SecondaryNameNode$1.run(SecondaryNameNode.java:325)
	at org.apache.hadoop.security.SecurityUtil.doAsLoginUserOrFatal(SecurityUtil.java:516)
	at org.apache.hadoop.hdfs.server.namenode.SecondaryNameNode.run(SecondaryNameNode.java:321)
	at java.lang.Thread.run(Thread.java:750)
2026-05-11 13:22:43,592 ERROR org.apache.hadoop.hdfs.server.namenode.SecondaryNameNode: Exception in doCheckpoint
java.io.IOException: Inconsistent checkpoint fields.
LV = -66 namespaceID = 964940025 cTime = 1778472532835 ; clusterId = CID-1bdbb441-bc54-4a08-a0aa-05586e9e8f93 ; blockpoolId = BP-7426217-127.0.1.1-1778472532835.
Expecting respectively: -66; 234904704; 1778468656826; CID-e3a5ef84-fb96-44bf-b419-002fe301ec3a; BP-1183722628-127.0.1.1-1778468656826.
	at org.apache.hadoop.hdfs.server.namenode.CheckpointSignature.validateStorageInfo(CheckpointSignature.java:143)
	at org.apache.hadoop.hdfs.server.namenode.SecondaryNameNode.doCheckpoint(SecondaryNameNode.java:550)
	at org.apache.hadoop.hdfs.server.namenode.SecondaryNameNode.doWork(SecondaryNameNode.java:360)
	at org.apache.hadoop.hdfs.server.namenode.SecondaryNameNode$1.run(SecondaryNameNode.java:325)
	at org.apache.hadoop.security.SecurityUtil.doAsLoginUserOrFatal(SecurityUtil.java:516)
	at org.apache.hadoop.hdfs.server.namenode.SecondaryNameNode.run(SecondaryNameNode.java:321)
	at java.lang.Thread.run(Thread.java:750)
2026-05-11 13:23:43,612 ERROR org.apache.hadoop.hdfs.server.namenode.SecondaryNameNode: Exception in doCheckpoint
java.io.IOException: Inconsistent checkpoint fields.
LV = -66 namespaceID = 964940025 cTime = 1778472532835 ; clusterId = CID-1bdbb441-bc54-4a08-a0aa-05586e9e8f93 ; blockpoolId = BP-7426217-127.0.1.1-1778472532835.
Expecting respectively: -66; 234904704; 1778468656826; CID-e3a5ef84-fb96-44bf-b419-002fe301ec3a; BP-1183722628-127.0.1.1-1778468656826.
	at org.apache.hadoop.hdfs.server.namenode.CheckpointSignature.validateStorageInfo(CheckpointSignature.java:143)
	at org.apache.hadoop.hdfs.server.namenode.SecondaryNameNode.doCheckpoint(SecondaryNameNode.java:550)
	at org.apache.hadoop.hdfs.server.namenode.SecondaryNameNode.doWork(SecondaryNameNode.java:360)
	at org.apache.hadoop.hdfs.server.namenode.SecondaryNameNode$1.run(SecondaryNameNode.java:325)
	at org.apache.hadoop.security.SecurityUtil.doAsLoginUserOrFatal(SecurityUtil.java:516)
	at org.apache.hadoop.hdfs.server.namenode.SecondaryNameNode.run(SecondaryNameNode.java:321)
	at java.lang.Thread.run(Thread.java:750)
2026-05-11 13:24:43,660 ERROR org.apache.hadoop.hdfs.server.namenode.SecondaryNameNode: Exception in doCheckpoint
java.io.IOException: Inconsistent checkpoint fields.
LV = -66 namespaceID = 964940025 cTime = 1778472532835 ; clusterId = CID-1bdbb441-bc54-4a08-a0aa-05586e9e8f93 ; blockpoolId = BP-7426217-127.0.1.1-1778472532835.
Expecting respectively: -66; 234904704; 1778468656826; CID-e3a5ef84-fb96-44bf-b419-002fe301ec3a; BP-1183722628-127.0.1.1-1778468656826.
	at org.apache.hadoop.hdfs.server.namenode.CheckpointSignature.validateStorageInfo(CheckpointSignature.java:143)
	at org.apache.hadoop.hdfs.server.namenode.SecondaryNameNode.doCheckpoint(SecondaryNameNode.java:550)
	at org.apache.hadoop.hdfs.server.namenode.SecondaryNameNode.doWork(SecondaryNameNode.java:360)
	at org.apache.hadoop.hdfs.server.namenode.SecondaryNameNode$1.run(SecondaryNameNode.java:325)
	at org.apache.hadoop.security.SecurityUtil.doAsLoginUserOrFatal(SecurityUtil.java:516)
	at org.apache.hadoop.hdfs.server.namenode.SecondaryNameNode.run(SecondaryNameNode.java:321)
	at java.lang.Thread.run(Thread.java:750)
2026-05-11 13:25:43,689 ERROR org.apache.hadoop.hdfs.server.namenode.SecondaryNameNode: Exception in doCheckpoint
java.io.IOException: Inconsistent checkpoint fields.
LV = -66 namespaceID = 964940025 cTime = 1778472532835 ; clusterId = CID-1bdbb441-bc54-4a08-a0aa-05586e9e8f93 ; blockpoolId = BP-7426217-127.0.1.1-1778472532835.
Expecting respectively: -66; 234904704; 1778468656826; CID-e3a5ef84-fb96-44bf-b419-002fe301ec3a; BP-1183722628-127.0.1.1-1778468656826.
	at org.apache.hadoop.hdfs.server.namenode.CheckpointSignature.validateStorageInfo(CheckpointSignature.java:143)
	at org.apache.hadoop.hdfs.server.namenode.SecondaryNameNode.doCheckpoint(SecondaryNameNode.java:550)
	at org.apache.hadoop.hdfs.server.namenode.SecondaryNameNode.doWork(SecondaryNameNode.java:360)
	at org.apache.hadoop.hdfs.server.namenode.SecondaryNameNode$1.run(SecondaryNameNode.java:325)
	at org.apache.hadoop.security.SecurityUtil.doAsLoginUserOrFatal(SecurityUtil.java:516)
	at org.apache.hadoop.hdfs.server.namenode.SecondaryNameNode.run(SecondaryNameNode.java:321)
	at java.lang.Thread.run(Thread.java:750)
2026-05-11 13:26:43,704 ERROR org.apache.hadoop.hdfs.server.namenode.SecondaryNameNode: Exception in doCheckpoint
java.io.IOException: Inconsistent checkpoint fields.
LV = -66 namespaceID = 964940025 cTime = 1778472532835 ; clusterId = CID-1bdbb441-bc54-4a08-a0aa-05586e9e8f93 ; blockpoolId = BP-7426217-127.0.1.1-1778472532835.
Expecting respectively: -66; 234904704; 1778468656826; CID-e3a5ef84-fb96-44bf-b419-002fe301ec3a; BP-1183722628-127.0.1.1-1778468656826.
	at org.apache.hadoop.hdfs.server.namenode.CheckpointSignature.validateStorageInfo(CheckpointSignature.java:143)
	at org.apache.hadoop.hdfs.server.namenode.SecondaryNameNode.doCheckpoint(SecondaryNameNode.java:550)
	at org.apache.hadoop.hdfs.server.namenode.SecondaryNameNode.doWork(SecondaryNameNode.java:360)
	at org.apache.hadoop.hdfs.server.namenode.SecondaryNameNode$1.run(SecondaryNameNode.java:325)
	at org.apache.hadoop.security.SecurityUtil.doAsLoginUserOrFatal(SecurityUtil.java:516)
	at org.apache.hadoop.hdfs.server.namenode.SecondaryNameNode.run(SecondaryNameNode.java:321)
	at java.lang.Thread.run(Thread.java:750)
2026-05-11 13:27:43,717 ERROR org.apache.hadoop.hdfs.server.namenode.SecondaryNameNode: Exception in doCheckpoint
java.io.IOException: Inconsistent checkpoint fields.
LV = -66 namespaceID = 964940025 cTime = 1778472532835 ; clusterId = CID-1bdbb441-bc54-4a08-a0aa-05586e9e8f93 ; blockpoolId = BP-7426217-127.0.1.1-1778472532835.
Expecting respectively: -66; 234904704; 1778468656826; CID-e3a5ef84-fb96-44bf-b419-002fe301ec3a; BP-1183722628-127.0.1.1-1778468656826.
	at org.apache.hadoop.hdfs.server.namenode.CheckpointSignature.validateStorageInfo(CheckpointSignature.java:143)
	at org.apache.hadoop.hdfs.server.namenode.SecondaryNameNode.doCheckpoint(SecondaryNameNode.java:550)
	at org.apache.hadoop.hdfs.server.namenode.SecondaryNameNode.doWork(SecondaryNameNode.java:360)
	at org.apache.hadoop.hdfs.server.namenode.SecondaryNameNode$1.run(SecondaryNameNode.java:325)
	at org.apache.hadoop.security.SecurityUtil.doAsLoginUserOrFatal(SecurityUtil.java:516)
	at org.apache.hadoop.hdfs.server.namenode.SecondaryNameNode.run(SecondaryNameNode.java:321)
	at java.lang.Thread.run(Thread.java:750)
2026-05-11 13:28:43,728 ERROR org.apache.hadoop.hdfs.server.namenode.SecondaryNameNode: Exception in doCheckpoint
java.io.IOException: Inconsistent checkpoint fields.
LV = -66 namespaceID = 964940025 cTime = 1778472532835 ; clusterId = CID-1bdbb441-bc54-4a08-a0aa-05586e9e8f93 ; blockpoolId = BP-7426217-127.0.1.1-1778472532835.
Expecting respectively: -66; 234904704; 1778468656826; CID-e3a5ef84-fb96-44bf-b419-002fe301ec3a; BP-1183722628-127.0.1.1-1778468656826.
	at org.apache.hadoop.hdfs.server.namenode.CheckpointSignature.validateStorageInfo(CheckpointSignature.java:143)
	at org.apache.hadoop.hdfs.server.namenode.SecondaryNameNode.doCheckpoint(SecondaryNameNode.java:550)
	at org.apache.hadoop.hdfs.server.namenode.SecondaryNameNode.doWork(SecondaryNameNode.java:360)
	at org.apache.hadoop.hdfs.server.namenode.SecondaryNameNode$1.run(SecondaryNameNode.java:325)
	at org.apache.hadoop.security.SecurityUtil.doAsLoginUserOrFatal(SecurityUtil.java:516)
	at org.apache.hadoop.hdfs.server.namenode.SecondaryNameNode.run(SecondaryNameNode.java:321)
	at java.lang.Thread.run(Thread.java:750)
2026-05-11 13:29:43,750 ERROR org.apache.hadoop.hdfs.server.namenode.SecondaryNameNode: Exception in doCheckpoint
java.io.IOException: Inconsistent checkpoint fields.
LV = -66 namespaceID = 964940025 cTime = 1778472532835 ; clusterId = CID-1bdbb441-bc54-4a08-a0aa-05586e9e8f93 ; blockpoolId = BP-7426217-127.0.1.1-1778472532835.
Expecting respectively: -66; 234904704; 1778468656826; CID-e3a5ef84-fb96-44bf-b419-002fe301ec3a; BP-1183722628-127.0.1.1-1778468656826.
	at org.apache.hadoop.hdfs.server.namenode.CheckpointSignature.validateStorageInfo(CheckpointSignature.java:143)
	at org.apache.hadoop.hdfs.server.namenode.SecondaryNameNode.doCheckpoint(SecondaryNameNode.java:550)
	at org.apache.hadoop.hdfs.server.namenode.SecondaryNameNode.doWork(SecondaryNameNode.java:360)
	at org.apache.hadoop.hdfs.server.namenode.SecondaryNameNode$1.run(SecondaryNameNode.java:325)
	at org.apache.hadoop.security.SecurityUtil.doAsLoginUserOrFatal(SecurityUtil.java:516)
	at org.apache.hadoop.hdfs.server.namenode.SecondaryNameNode.run(SecondaryNameNode.java:321)
	at java.lang.Thread.run(Thread.java:750)
2026-05-11 13:30:43,862 ERROR org.apache.hadoop.hdfs.server.namenode.SecondaryNameNode: Exception in doCheckpoint
java.io.IOException: Inconsistent checkpoint fields.
LV = -66 namespaceID = 964940025 cTime = 1778472532835 ; clusterId = CID-1bdbb441-bc54-4a08-a0aa-05586e9e8f93 ; blockpoolId = BP-7426217-127.0.1.1-1778472532835.
Expecting respectively: -66; 234904704; 1778468656826; CID-e3a5ef84-fb96-44bf-b419-002fe301ec3a; BP-1183722628-127.0.1.1-1778468656826.
	at org.apache.hadoop.hdfs.server.namenode.CheckpointSignature.validateStorageInfo(CheckpointSignature.java:143)
	at org.apache.hadoop.hdfs.server.namenode.SecondaryNameNode.doCheckpoint(SecondaryNameNode.java:550)
	at org.apache.hadoop.hdfs.server.namenode.SecondaryNameNode.doWork(SecondaryNameNode.java:360)
	at org.apache.hadoop.hdfs.server.namenode.SecondaryNameNode$1.run(SecondaryNameNode.java:325)
	at org.apache.hadoop.security.SecurityUtil.doAsLoginUserOrFatal(SecurityUtil.java:516)
	at org.apache.hadoop.hdfs.server.namenode.SecondaryNameNode.run(SecondaryNameNode.java:321)
	at java.lang.Thread.run(Thread.java:750)
2026-05-11 13:31:43,886 ERROR org.apache.hadoop.hdfs.server.namenode.SecondaryNameNode: Exception in doCheckpoint
java.io.IOException: Inconsistent checkpoint fields.
LV = -66 namespaceID = 964940025 cTime = 1778472532835 ; clusterId = CID-1bdbb441-bc54-4a08-a0aa-05586e9e8f93 ; blockpoolId = BP-7426217-127.0.1.1-1778472532835.
Expecting respectively: -66; 234904704; 1778468656826; CID-e3a5ef84-fb96-44bf-b419-002fe301ec3a; BP-1183722628-127.0.1.1-1778468656826.
	at org.apache.hadoop.hdfs.server.namenode.CheckpointSignature.validateStorageInfo(CheckpointSignature.java:143)
	at org.apache.hadoop.hdfs.server.namenode.SecondaryNameNode.doCheckpoint(SecondaryNameNode.java:550)
	at org.apache.hadoop.hdfs.server.namenode.SecondaryNameNode.doWork(SecondaryNameNode.java:360)
	at org.apache.hadoop.hdfs.server.namenode.SecondaryNameNode$1.run(SecondaryNameNode.java:325)
	at org.apache.hadoop.security.SecurityUtil.doAsLoginUserOrFatal(SecurityUtil.java:516)
	at org.apache.hadoop.hdfs.server.namenode.SecondaryNameNode.run(SecondaryNameNode.java:321)
	at java.lang.Thread.run(Thread.java:750)
2026-05-11 13:32:43,919 ERROR org.apache.hadoop.hdfs.server.namenode.SecondaryNameNode: Exception in doCheckpoint
java.io.IOException: Inconsistent checkpoint fields.
LV = -66 namespaceID = 964940025 cTime = 1778472532835 ; clusterId = CID-1bdbb441-bc54-4a08-a0aa-05586e9e8f93 ; blockpoolId = BP-7426217-127.0.1.1-1778472532835.
Expecting respectively: -66; 234904704; 1778468656826; CID-e3a5ef84-fb96-44bf-b419-002fe301ec3a; BP-1183722628-127.0.1.1-1778468656826.
	at org.apache.hadoop.hdfs.server.namenode.CheckpointSignature.validateStorageInfo(CheckpointSignature.java:143)
	at org.apache.hadoop.hdfs.server.namenode.SecondaryNameNode.doCheckpoint(SecondaryNameNode.java:550)
	at org.apache.hadoop.hdfs.server.namenode.SecondaryNameNode.doWork(SecondaryNameNode.java:360)
	at org.apache.hadoop.hdfs.server.namenode.SecondaryNameNode$1.run(SecondaryNameNode.java:325)
	at org.apache.hadoop.security.SecurityUtil.doAsLoginUserOrFatal(SecurityUtil.java:516)
	at org.apache.hadoop.hdfs.server.namenode.SecondaryNameNode.run(SecondaryNameNode.java:321)
	at java.lang.Thread.run(Thread.java:750)
2026-05-11 13:33:43,929 ERROR org.apache.hadoop.hdfs.server.namenode.SecondaryNameNode: Exception in doCheckpoint
java.io.IOException: Inconsistent checkpoint fields.
LV = -66 namespaceID = 964940025 cTime = 1778472532835 ; clusterId = CID-1bdbb441-bc54-4a08-a0aa-05586e9e8f93 ; blockpoolId = BP-7426217-127.0.1.1-1778472532835.
Expecting respectively: -66; 234904704; 1778468656826; CID-e3a5ef84-fb96-44bf-b419-002fe301ec3a; BP-1183722628-127.0.1.1-1778468656826.
	at org.apache.hadoop.hdfs.server.namenode.CheckpointSignature.validateStorageInfo(CheckpointSignature.java:143)
	at org.apache.hadoop.hdfs.server.namenode.SecondaryNameNode.doCheckpoint(SecondaryNameNode.java:550)
	at org.apache.hadoop.hdfs.server.namenode.SecondaryNameNode.doWork(SecondaryNameNode.java:360)
	at org.apache.hadoop.hdfs.server.namenode.SecondaryNameNode$1.run(SecondaryNameNode.java:325)
	at org.apache.hadoop.security.SecurityUtil.doAsLoginUserOrFatal(SecurityUtil.java:516)
	at org.apache.hadoop.hdfs.server.namenode.SecondaryNameNode.run(SecondaryNameNode.java:321)
	at java.lang.Thread.run(Thread.java:750)
2026-05-11 13:34:43,970 ERROR org.apache.hadoop.hdfs.server.namenode.SecondaryNameNode: Exception in doCheckpoint
java.io.IOException: Inconsistent checkpoint fields.
LV = -66 namespaceID = 964940025 cTime = 1778472532835 ; clusterId = CID-1bdbb441-bc54-4a08-a0aa-05586e9e8f93 ; blockpoolId = BP-7426217-127.0.1.1-1778472532835.
Expecting respectively: -66; 234904704; 1778468656826; CID-e3a5ef84-fb96-44bf-b419-002fe301ec3a; BP-1183722628-127.0.1.1-1778468656826.
	at org.apache.hadoop.hdfs.server.namenode.CheckpointSignature.validateStorageInfo(CheckpointSignature.java:143)
	at org.apache.hadoop.hdfs.server.namenode.SecondaryNameNode.doCheckpoint(SecondaryNameNode.java:550)
	at org.apache.hadoop.hdfs.server.namenode.SecondaryNameNode.doWork(SecondaryNameNode.java:360)
	at org.apache.hadoop.hdfs.server.namenode.SecondaryNameNode$1.run(SecondaryNameNode.java:325)
	at org.apache.hadoop.security.SecurityUtil.doAsLoginUserOrFatal(SecurityUtil.java:516)
	at org.apache.hadoop.hdfs.server.namenode.SecondaryNameNode.run(SecondaryNameNode.java:321)
	at java.lang.Thread.run(Thread.java:750)
2026-05-11 13:35:43,985 ERROR org.apache.hadoop.hdfs.server.namenode.SecondaryNameNode: Exception in doCheckpoint
java.io.IOException: Inconsistent checkpoint fields.
LV = -66 namespaceID = 964940025 cTime = 1778472532835 ; clusterId = CID-1bdbb441-bc54-4a08-a0aa-05586e9e8f93 ; blockpoolId = BP-7426217-127.0.1.1-1778472532835.
Expecting respectively: -66; 234904704; 1778468656826; CID-e3a5ef84-fb96-44bf-b419-002fe301ec3a; BP-1183722628-127.0.1.1-1778468656826.
	at org.apache.hadoop.hdfs.server.namenode.CheckpointSignature.validateStorageInfo(CheckpointSignature.java:143)
	at org.apache.hadoop.hdfs.server.namenode.SecondaryNameNode.doCheckpoint(SecondaryNameNode.java:550)
	at org.apache.hadoop.hdfs.server.namenode.SecondaryNameNode.doWork(SecondaryNameNode.java:360)
	at org.apache.hadoop.hdfs.server.namenode.SecondaryNameNode$1.run(SecondaryNameNode.java:325)
	at org.apache.hadoop.security.SecurityUtil.doAsLoginUserOrFatal(SecurityUtil.java:516)
	at org.apache.hadoop.hdfs.server.namenode.SecondaryNameNode.run(SecondaryNameNode.java:321)
	at java.lang.Thread.run(Thread.java:750)
2026-05-11 13:36:44,005 ERROR org.apache.hadoop.hdfs.server.namenode.SecondaryNameNode: Exception in doCheckpoint
java.io.IOException: Inconsistent checkpoint fields.
LV = -66 namespaceID = 964940025 cTime = 1778472532835 ; clusterId = CID-1bdbb441-bc54-4a08-a0aa-05586e9e8f93 ; blockpoolId = BP-7426217-127.0.1.1-1778472532835.
Expecting respectively: -66; 234904704; 1778468656826; CID-e3a5ef84-fb96-44bf-b419-002fe301ec3a; BP-1183722628-127.0.1.1-1778468656826.
	at org.apache.hadoop.hdfs.server.namenode.CheckpointSignature.validateStorageInfo(CheckpointSignature.java:143)
	at org.apache.hadoop.hdfs.server.namenode.SecondaryNameNode.doCheckpoint(SecondaryNameNode.java:550)
	at org.apache.hadoop.hdfs.server.namenode.SecondaryNameNode.doWork(SecondaryNameNode.java:360)
	at org.apache.hadoop.hdfs.server.namenode.SecondaryNameNode$1.run(SecondaryNameNode.java:325)
	at org.apache.hadoop.security.SecurityUtil.doAsLoginUserOrFatal(SecurityUtil.java:516)
	at org.apache.hadoop.hdfs.server.namenode.SecondaryNameNode.run(SecondaryNameNode.java:321)
	at java.lang.Thread.run(Thread.java:750)
2026-05-11 13:37:44,023 ERROR org.apache.hadoop.hdfs.server.namenode.SecondaryNameNode: Exception in doCheckpoint
java.io.IOException: Inconsistent checkpoint fields.
LV = -66 namespaceID = 964940025 cTime = 1778472532835 ; clusterId = CID-1bdbb441-bc54-4a08-a0aa-05586e9e8f93 ; blockpoolId = BP-7426217-127.0.1.1-1778472532835.
Expecting respectively: -66; 234904704; 1778468656826; CID-e3a5ef84-fb96-44bf-b419-002fe301ec3a; BP-1183722628-127.0.1.1-1778468656826.
	at org.apache.hadoop.hdfs.server.namenode.CheckpointSignature.validateStorageInfo(CheckpointSignature.java:143)
	at org.apache.hadoop.hdfs.server.namenode.SecondaryNameNode.doCheckpoint(SecondaryNameNode.java:550)
	at org.apache.hadoop.hdfs.server.namenode.SecondaryNameNode.doWork(SecondaryNameNode.java:360)
	at org.apache.hadoop.hdfs.server.namenode.SecondaryNameNode$1.run(SecondaryNameNode.java:325)
	at org.apache.hadoop.security.SecurityUtil.doAsLoginUserOrFatal(SecurityUtil.java:516)
	at org.apache.hadoop.hdfs.server.namenode.SecondaryNameNode.run(SecondaryNameNode.java:321)
	at java.lang.Thread.run(Thread.java:750)
2026-05-11 13:38:44,036 ERROR org.apache.hadoop.hdfs.server.namenode.SecondaryNameNode: Exception in doCheckpoint
java.io.IOException: Inconsistent checkpoint fields.
LV = -66 namespaceID = 964940025 cTime = 1778472532835 ; clusterId = CID-1bdbb441-bc54-4a08-a0aa-05586e9e8f93 ; blockpoolId = BP-7426217-127.0.1.1-1778472532835.
Expecting respectively: -66; 234904704; 1778468656826; CID-e3a5ef84-fb96-44bf-b419-002fe301ec3a; BP-1183722628-127.0.1.1-1778468656826.
	at org.apache.hadoop.hdfs.server.namenode.CheckpointSignature.validateStorageInfo(CheckpointSignature.java:143)
	at org.apache.hadoop.hdfs.server.namenode.SecondaryNameNode.doCheckpoint(SecondaryNameNode.java:550)
	at org.apache.hadoop.hdfs.server.namenode.SecondaryNameNode.doWork(SecondaryNameNode.java:360)
	at org.apache.hadoop.hdfs.server.namenode.SecondaryNameNode$1.run(SecondaryNameNode.java:325)
	at org.apache.hadoop.security.SecurityUtil.doAsLoginUserOrFatal(SecurityUtil.java:516)
	at org.apache.hadoop.hdfs.server.namenode.SecondaryNameNode.run(SecondaryNameNode.java:321)
	at java.lang.Thread.run(Thread.java:750)
2026-05-11 13:39:44,051 ERROR org.apache.hadoop.hdfs.server.namenode.SecondaryNameNode: Exception in doCheckpoint
java.io.IOException: Inconsistent checkpoint fields.
LV = -66 namespaceID = 964940025 cTime = 1778472532835 ; clusterId = CID-1bdbb441-bc54-4a08-a0aa-05586e9e8f93 ; blockpoolId = BP-7426217-127.0.1.1-1778472532835.
Expecting respectively: -66; 234904704; 1778468656826; CID-e3a5ef84-fb96-44bf-b419-002fe301ec3a; BP-1183722628-127.0.1.1-1778468656826.
	at org.apache.hadoop.hdfs.server.namenode.CheckpointSignature.validateStorageInfo(CheckpointSignature.java:143)
	at org.apache.hadoop.hdfs.server.namenode.SecondaryNameNode.doCheckpoint(SecondaryNameNode.java:550)
	at org.apache.hadoop.hdfs.server.namenode.SecondaryNameNode.doWork(SecondaryNameNode.java:360)
	at org.apache.hadoop.hdfs.server.namenode.SecondaryNameNode$1.run(SecondaryNameNode.java:325)
	at org.apache.hadoop.security.SecurityUtil.doAsLoginUserOrFatal(SecurityUtil.java:516)
	at org.apache.hadoop.hdfs.server.namenode.SecondaryNameNode.run(SecondaryNameNode.java:321)
	at java.lang.Thread.run(Thread.java:750)
2026-05-11 13:40:44,064 ERROR org.apache.hadoop.hdfs.server.namenode.SecondaryNameNode: Exception in doCheckpoint
java.io.IOException: Inconsistent checkpoint fields.
LV = -66 namespaceID = 964940025 cTime = 1778472532835 ; clusterId = CID-1bdbb441-bc54-4a08-a0aa-05586e9e8f93 ; blockpoolId = BP-7426217-127.0.1.1-1778472532835.
Expecting respectively: -66; 234904704; 1778468656826; CID-e3a5ef84-fb96-44bf-b419-002fe301ec3a; BP-1183722628-127.0.1.1-1778468656826.
	at org.apache.hadoop.hdfs.server.namenode.CheckpointSignature.validateStorageInfo(CheckpointSignature.java:143)
	at org.apache.hadoop.hdfs.server.namenode.SecondaryNameNode.doCheckpoint(SecondaryNameNode.java:550)
	at org.apache.hadoop.hdfs.server.namenode.SecondaryNameNode.doWork(SecondaryNameNode.java:360)
	at org.apache.hadoop.hdfs.server.namenode.SecondaryNameNode$1.run(SecondaryNameNode.java:325)
	at org.apache.hadoop.security.SecurityUtil.doAsLoginUserOrFatal(SecurityUtil.java:516)
	at org.apache.hadoop.hdfs.server.namenode.SecondaryNameNode.run(SecondaryNameNode.java:321)
	at java.lang.Thread.run(Thread.java:750)
2026-05-11 13:41:44,082 ERROR org.apache.hadoop.hdfs.server.namenode.SecondaryNameNode: Exception in doCheckpoint
java.io.IOException: Inconsistent checkpoint fields.
LV = -66 namespaceID = 964940025 cTime = 1778472532835 ; clusterId = CID-1bdbb441-bc54-4a08-a0aa-05586e9e8f93 ; blockpoolId = BP-7426217-127.0.1.1-1778472532835.
Expecting respectively: -66; 234904704; 1778468656826; CID-e3a5ef84-fb96-44bf-b419-002fe301ec3a; BP-1183722628-127.0.1.1-1778468656826.
	at org.apache.hadoop.hdfs.server.namenode.CheckpointSignature.validateStorageInfo(CheckpointSignature.java:143)
	at org.apache.hadoop.hdfs.server.namenode.SecondaryNameNode.doCheckpoint(SecondaryNameNode.java:550)
	at org.apache.hadoop.hdfs.server.namenode.SecondaryNameNode.doWork(SecondaryNameNode.java:360)
	at org.apache.hadoop.hdfs.server.namenode.SecondaryNameNode$1.run(SecondaryNameNode.java:325)
	at org.apache.hadoop.security.SecurityUtil.doAsLoginUserOrFatal(SecurityUtil.java:516)
	at org.apache.hadoop.hdfs.server.namenode.SecondaryNameNode.run(SecondaryNameNode.java:321)
	at java.lang.Thread.run(Thread.java:750)
2026-05-11 13:42:44,105 ERROR org.apache.hadoop.hdfs.server.namenode.SecondaryNameNode: Exception in doCheckpoint
java.io.IOException: Inconsistent checkpoint fields.
LV = -66 namespaceID = 964940025 cTime = 1778472532835 ; clusterId = CID-1bdbb441-bc54-4a08-a0aa-05586e9e8f93 ; blockpoolId = BP-7426217-127.0.1.1-1778472532835.
Expecting respectively: -66; 234904704; 1778468656826; CID-e3a5ef84-fb96-44bf-b419-002fe301ec3a; BP-1183722628-127.0.1.1-1778468656826.
	at org.apache.hadoop.hdfs.server.namenode.CheckpointSignature.validateStorageInfo(CheckpointSignature.java:143)
	at org.apache.hadoop.hdfs.server.namenode.SecondaryNameNode.doCheckpoint(SecondaryNameNode.java:550)
	at org.apache.hadoop.hdfs.server.namenode.SecondaryNameNode.doWork(SecondaryNameNode.java:360)
	at org.apache.hadoop.hdfs.server.namenode.SecondaryNameNode$1.run(SecondaryNameNode.java:325)
	at org.apache.hadoop.security.SecurityUtil.doAsLoginUserOrFatal(SecurityUtil.java:516)
	at org.apache.hadoop.hdfs.server.namenode.SecondaryNameNode.run(SecondaryNameNode.java:321)
	at java.lang.Thread.run(Thread.java:750)
2026-05-11 13:43:44,132 ERROR org.apache.hadoop.hdfs.server.namenode.SecondaryNameNode: Exception in doCheckpoint
java.io.IOException: Inconsistent checkpoint fields.
LV = -66 namespaceID = 964940025 cTime = 1778472532835 ; clusterId = CID-1bdbb441-bc54-4a08-a0aa-05586e9e8f93 ; blockpoolId = BP-7426217-127.0.1.1-1778472532835.
Expecting respectively: -66; 234904704; 1778468656826; CID-e3a5ef84-fb96-44bf-b419-002fe301ec3a; BP-1183722628-127.0.1.1-1778468656826.
	at org.apache.hadoop.hdfs.server.namenode.CheckpointSignature.validateStorageInfo(CheckpointSignature.java:143)
	at org.apache.hadoop.hdfs.server.namenode.SecondaryNameNode.doCheckpoint(SecondaryNameNode.java:550)
	at org.apache.hadoop.hdfs.server.namenode.SecondaryNameNode.doWork(SecondaryNameNode.java:360)
	at org.apache.hadoop.hdfs.server.namenode.SecondaryNameNode$1.run(SecondaryNameNode.java:325)
	at org.apache.hadoop.security.SecurityUtil.doAsLoginUserOrFatal(SecurityUtil.java:516)
	at org.apache.hadoop.hdfs.server.namenode.SecondaryNameNode.run(SecondaryNameNode.java:321)
	at java.lang.Thread.run(Thread.java:750)
2026-05-11 13:44:44,215 ERROR org.apache.hadoop.hdfs.server.namenode.SecondaryNameNode: Exception in doCheckpoint
java.io.IOException: Inconsistent checkpoint fields.
LV = -66 namespaceID = 964940025 cTime = 1778472532835 ; clusterId = CID-1bdbb441-bc54-4a08-a0aa-05586e9e8f93 ; blockpoolId = BP-7426217-127.0.1.1-1778472532835.
Expecting respectively: -66; 234904704; 1778468656826; CID-e3a5ef84-fb96-44bf-b419-002fe301ec3a; BP-1183722628-127.0.1.1-1778468656826.
	at org.apache.hadoop.hdfs.server.namenode.CheckpointSignature.validateStorageInfo(CheckpointSignature.java:143)
	at org.apache.hadoop.hdfs.server.namenode.SecondaryNameNode.doCheckpoint(SecondaryNameNode.java:550)
	at org.apache.hadoop.hdfs.server.namenode.SecondaryNameNode.doWork(SecondaryNameNode.java:360)
	at org.apache.hadoop.hdfs.server.namenode.SecondaryNameNode$1.run(SecondaryNameNode.java:325)
	at org.apache.hadoop.security.SecurityUtil.doAsLoginUserOrFatal(SecurityUtil.java:516)
	at org.apache.hadoop.hdfs.server.namenode.SecondaryNameNode.run(SecondaryNameNode.java:321)
	at java.lang.Thread.run(Thread.java:750)
2026-05-11 13:45:44,491 ERROR org.apache.hadoop.hdfs.server.namenode.SecondaryNameNode: Exception in doCheckpoint
java.io.IOException: Inconsistent checkpoint fields.
LV = -66 namespaceID = 964940025 cTime = 1778472532835 ; clusterId = CID-1bdbb441-bc54-4a08-a0aa-05586e9e8f93 ; blockpoolId = BP-7426217-127.0.1.1-1778472532835.
Expecting respectively: -66; 234904704; 1778468656826; CID-e3a5ef84-fb96-44bf-b419-002fe301ec3a; BP-1183722628-127.0.1.1-1778468656826.
	at org.apache.hadoop.hdfs.server.namenode.CheckpointSignature.validateStorageInfo(CheckpointSignature.java:143)
	at org.apache.hadoop.hdfs.server.namenode.SecondaryNameNode.doCheckpoint(SecondaryNameNode.java:550)
	at org.apache.hadoop.hdfs.server.namenode.SecondaryNameNode.doWork(SecondaryNameNode.java:360)
	at org.apache.hadoop.hdfs.server.namenode.SecondaryNameNode$1.run(SecondaryNameNode.java:325)
	at org.apache.hadoop.security.SecurityUtil.doAsLoginUserOrFatal(SecurityUtil.java:516)
	at org.apache.hadoop.hdfs.server.namenode.SecondaryNameNode.run(SecondaryNameNode.java:321)
	at java.lang.Thread.run(Thread.java:750)
2026-05-11 13:46:44,585 ERROR org.apache.hadoop.hdfs.server.namenode.SecondaryNameNode: Exception in doCheckpoint
java.io.IOException: Inconsistent checkpoint fields.
LV = -66 namespaceID = 964940025 cTime = 1778472532835 ; clusterId = CID-1bdbb441-bc54-4a08-a0aa-05586e9e8f93 ; blockpoolId = BP-7426217-127.0.1.1-1778472532835.
Expecting respectively: -66; 234904704; 1778468656826; CID-e3a5ef84-fb96-44bf-b419-002fe301ec3a; BP-1183722628-127.0.1.1-1778468656826.
	at org.apache.hadoop.hdfs.server.namenode.CheckpointSignature.validateStorageInfo(CheckpointSignature.java:143)
	at org.apache.hadoop.hdfs.server.namenode.SecondaryNameNode.doCheckpoint(SecondaryNameNode.java:550)
	at org.apache.hadoop.hdfs.server.namenode.SecondaryNameNode.doWork(SecondaryNameNode.java:360)
	at org.apache.hadoop.hdfs.server.namenode.SecondaryNameNode$1.run(SecondaryNameNode.java:325)
	at org.apache.hadoop.security.SecurityUtil.doAsLoginUserOrFatal(SecurityUtil.java:516)
	at org.apache.hadoop.hdfs.server.namenode.SecondaryNameNode.run(SecondaryNameNode.java:321)
	at java.lang.Thread.run(Thread.java:750)
2026-05-11 13:47:44,636 ERROR org.apache.hadoop.hdfs.server.namenode.SecondaryNameNode: Exception in doCheckpoint
java.io.IOException: Inconsistent checkpoint fields.
LV = -66 namespaceID = 964940025 cTime = 1778472532835 ; clusterId = CID-1bdbb441-bc54-4a08-a0aa-05586e9e8f93 ; blockpoolId = BP-7426217-127.0.1.1-1778472532835.
Expecting respectively: -66; 234904704; 1778468656826; CID-e3a5ef84-fb96-44bf-b419-002fe301ec3a; BP-1183722628-127.0.1.1-1778468656826.
	at org.apache.hadoop.hdfs.server.namenode.CheckpointSignature.validateStorageInfo(CheckpointSignature.java:143)
	at org.apache.hadoop.hdfs.server.namenode.SecondaryNameNode.doCheckpoint(SecondaryNameNode.java:550)
	at org.apache.hadoop.hdfs.server.namenode.SecondaryNameNode.doWork(SecondaryNameNode.java:360)
	at org.apache.hadoop.hdfs.server.namenode.SecondaryNameNode$1.run(SecondaryNameNode.java:325)
	at org.apache.hadoop.security.SecurityUtil.doAsLoginUserOrFatal(SecurityUtil.java:516)
	at org.apache.hadoop.hdfs.server.namenode.SecondaryNameNode.run(SecondaryNameNode.java:321)
	at java.lang.Thread.run(Thread.java:750)
2026-05-11 13:48:44,678 ERROR org.apache.hadoop.hdfs.server.namenode.SecondaryNameNode: Exception in doCheckpoint
java.io.IOException: Inconsistent checkpoint fields.
LV = -66 namespaceID = 964940025 cTime = 1778472532835 ; clusterId = CID-1bdbb441-bc54-4a08-a0aa-05586e9e8f93 ; blockpoolId = BP-7426217-127.0.1.1-1778472532835.
Expecting respectively: -66; 234904704; 1778468656826; CID-e3a5ef84-fb96-44bf-b419-002fe301ec3a; BP-1183722628-127.0.1.1-1778468656826.
	at org.apache.hadoop.hdfs.server.namenode.CheckpointSignature.validateStorageInfo(CheckpointSignature.java:143)
	at org.apache.hadoop.hdfs.server.namenode.SecondaryNameNode.doCheckpoint(SecondaryNameNode.java:550)
	at org.apache.hadoop.hdfs.server.namenode.SecondaryNameNode.doWork(SecondaryNameNode.java:360)
	at org.apache.hadoop.hdfs.server.namenode.SecondaryNameNode$1.run(SecondaryNameNode.java:325)
	at org.apache.hadoop.security.SecurityUtil.doAsLoginUserOrFatal(SecurityUtil.java:516)
	at org.apache.hadoop.hdfs.server.namenode.SecondaryNameNode.run(SecondaryNameNode.java:321)
	at java.lang.Thread.run(Thread.java:750)
2026-05-11 13:49:44,695 ERROR org.apache.hadoop.hdfs.server.namenode.SecondaryNameNode: Exception in doCheckpoint
java.io.IOException: Inconsistent checkpoint fields.
LV = -66 namespaceID = 964940025 cTime = 1778472532835 ; clusterId = CID-1bdbb441-bc54-4a08-a0aa-05586e9e8f93 ; blockpoolId = BP-7426217-127.0.1.1-1778472532835.
Expecting respectively: -66; 234904704; 1778468656826; CID-e3a5ef84-fb96-44bf-b419-002fe301ec3a; BP-1183722628-127.0.1.1-1778468656826.
	at org.apache.hadoop.hdfs.server.namenode.CheckpointSignature.validateStorageInfo(CheckpointSignature.java:143)
	at org.apache.hadoop.hdfs.server.namenode.SecondaryNameNode.doCheckpoint(SecondaryNameNode.java:550)
	at org.apache.hadoop.hdfs.server.namenode.SecondaryNameNode.doWork(SecondaryNameNode.java:360)
	at org.apache.hadoop.hdfs.server.namenode.SecondaryNameNode$1.run(SecondaryNameNode.java:325)
	at org.apache.hadoop.security.SecurityUtil.doAsLoginUserOrFatal(SecurityUtil.java:516)
	at org.apache.hadoop.hdfs.server.namenode.SecondaryNameNode.run(SecondaryNameNode.java:321)
	at java.lang.Thread.run(Thread.java:750)
2026-05-11 13:50:44,716 ERROR org.apache.hadoop.hdfs.server.namenode.SecondaryNameNode: Exception in doCheckpoint
java.io.IOException: Inconsistent checkpoint fields.
LV = -66 namespaceID = 964940025 cTime = 1778472532835 ; clusterId = CID-1bdbb441-bc54-4a08-a0aa-05586e9e8f93 ; blockpoolId = BP-7426217-127.0.1.1-1778472532835.
Expecting respectively: -66; 234904704; 1778468656826; CID-e3a5ef84-fb96-44bf-b419-002fe301ec3a; BP-1183722628-127.0.1.1-1778468656826.
	at org.apache.hadoop.hdfs.server.namenode.CheckpointSignature.validateStorageInfo(CheckpointSignature.java:143)
	at org.apache.hadoop.hdfs.server.namenode.SecondaryNameNode.doCheckpoint(SecondaryNameNode.java:550)
	at org.apache.hadoop.hdfs.server.namenode.SecondaryNameNode.doWork(SecondaryNameNode.java:360)
	at org.apache.hadoop.hdfs.server.namenode.SecondaryNameNode$1.run(SecondaryNameNode.java:325)
	at org.apache.hadoop.security.SecurityUtil.doAsLoginUserOrFatal(SecurityUtil.java:516)
	at org.apache.hadoop.hdfs.server.namenode.SecondaryNameNode.run(SecondaryNameNode.java:321)
	at java.lang.Thread.run(Thread.java:750)
2026-05-11 13:51:44,757 ERROR org.apache.hadoop.hdfs.server.namenode.SecondaryNameNode: Exception in doCheckpoint
java.io.IOException: Inconsistent checkpoint fields.
LV = -66 namespaceID = 964940025 cTime = 1778472532835 ; clusterId = CID-1bdbb441-bc54-4a08-a0aa-05586e9e8f93 ; blockpoolId = BP-7426217-127.0.1.1-1778472532835.
Expecting respectively: -66; 234904704; 1778468656826; CID-e3a5ef84-fb96-44bf-b419-002fe301ec3a; BP-1183722628-127.0.1.1-1778468656826.
	at org.apache.hadoop.hdfs.server.namenode.CheckpointSignature.validateStorageInfo(CheckpointSignature.java:143)
	at org.apache.hadoop.hdfs.server.namenode.SecondaryNameNode.doCheckpoint(SecondaryNameNode.java:550)
	at org.apache.hadoop.hdfs.server.namenode.SecondaryNameNode.doWork(SecondaryNameNode.java:360)
	at org.apache.hadoop.hdfs.server.namenode.SecondaryNameNode$1.run(SecondaryNameNode.java:325)
	at org.apache.hadoop.security.SecurityUtil.doAsLoginUserOrFatal(SecurityUtil.java:516)
	at org.apache.hadoop.hdfs.server.namenode.SecondaryNameNode.run(SecondaryNameNode.java:321)
	at java.lang.Thread.run(Thread.java:750)
