[LOG] 本次日志: /home/cty1576/bigdatacty1/logs/pipeline/01_prepare_data_20260610_001201.log
============================================================
  步骤 1: 数据准备
============================================================
  当前根分区剩余: 18GB

[1/4] 检查数据文件...
  ✓ 数据文件: /home/cty1576/bigdatacty1/data/UserBehavior.csv
    大小: 1.1G
    行数: 30000000

[2/4] 数据预览（前5行）:
1,2268318,2520377,pv,1511544070
1,2333346,2520771,pv,1511561733
1,2576651,149192,pv,1511572885
1,3830808,4181361,pv,1511593493
1,4365585,2520377,pv,1511596146

[3/4] 创建 HDFS 目录...
  ✓ HDFS 目录已创建

[4/4] 上传数据到 HDFS...
  ✓ 数据已上传到 /data/raw/UserBehavior.csv

HDFS 验证:
Found 1 items
-rw-r--r--   1 cty1576 supergroup      1.0 G 2026-06-10 00:12 /data/raw/UserBehavior.csv

[SUCCESS] 数据准备完成！
