[LOG] 本次日志: /home/cty1576/bigdatacty1/logs/pipeline/02_run_etl_20260610_001223.log
============================================================
  步骤 2: 运行 ETL 全流程
============================================================

[1/4] 初始化 Hive 数据库...
SLF4J: Class path contains multiple SLF4J bindings.
SLF4J: Found binding in [jar:file:/opt/apache-hive-3.1.3-bin/lib/log4j-slf4j-impl-2.17.1.jar!/org/slf4j/impl/StaticLoggerBinder.class]
SLF4J: Found binding in [jar:file:/usr/local/hadoop/share/hadoop/common/lib/slf4j-reload4j-1.7.36.jar!/org/slf4j/impl/StaticLoggerBinder.class]
SLF4J: See http://www.slf4j.org/codes.html#multiple_bindings for an explanation.
SLF4J: Actual binding is of type [org.apache.logging.slf4j.Log4jLoggerFactory]
Hive Session ID = 403c1294-9401-4858-9753-7b1bcbe421ec

Logging initialized using configuration in jar:file:/opt/apache-hive-3.1.3-bin/lib/hive-common-3.1.3.jar!/hive-log4j2.properties Async: true
Hive Session ID = 0a80211b-943d-44bb-9664-d5e9d29281db
OK
Time taken: 1.737 seconds
OK
Time taken: 0.121 seconds
OK
Time taken: 0.07 seconds
OK
Time taken: 0.05 seconds
OK
ads
ads_taobao
default
dwd
dwd_taobao
dws
dws_taobao
ods
ods_taobao
Time taken: 0.189 seconds, Fetched: 9 row(s)
  ✓ Hive 数据库已就绪

[2/4] ETL Step 1: 加载数据到 ODS 层...
26/06/10 00:12:31 WARN Utils: Your hostname, ubuntu resolves to a loopback address: 127.0.1.1; using 10.14.12.130 instead (on interface ens33)
26/06/10 00:12:31 WARN Utils: Set SPARK_LOCAL_IP if you need to bind to another address
26/06/10 00:12:33 INFO SparkContext: Running Spark version 3.5.0
26/06/10 00:12:33 INFO SparkContext: OS info Linux, 6.8.0-111-generic, amd64
26/06/10 00:12:33 INFO SparkContext: Java version 11.0.30
26/06/10 00:12:33 WARN NativeCodeLoader: Unable to load native-hadoop library for your platform... using builtin-java classes where applicable
26/06/10 00:12:33 INFO ResourceUtils: ==============================================================
26/06/10 00:12:33 INFO ResourceUtils: No custom resources configured for spark.driver.
26/06/10 00:12:33 INFO ResourceUtils: ==============================================================
26/06/10 00:12:33 INFO SparkContext: Submitted application: ETL_01_LoadToODS
26/06/10 00:12:33 INFO ResourceProfile: Default ResourceProfile created, executor resources: Map(cores -> name: cores, amount: 1, script: , vendor: , memory -> name: memory, amount: 4096, script: , vendor: , offHeap -> name: offHeap, amount: 0, script: , vendor: ), task resources: Map(cpus -> name: cpus, amount: 1.0)
26/06/10 00:12:33 INFO ResourceProfile: Limiting resource is cpu
26/06/10 00:12:33 INFO ResourceProfileManager: Added ResourceProfile id: 0
26/06/10 00:12:33 INFO SecurityManager: Changing view acls to: cty1576
26/06/10 00:12:33 INFO SecurityManager: Changing modify acls to: cty1576
26/06/10 00:12:33 INFO SecurityManager: Changing view acls groups to: 
26/06/10 00:12:33 INFO SecurityManager: Changing modify acls groups to: 
26/06/10 00:12:33 INFO SecurityManager: SecurityManager: authentication disabled; ui acls disabled; users with view permissions: cty1576; groups with view permissions: EMPTY; users with modify permissions: cty1576; groups with modify permissions: EMPTY
26/06/10 00:12:33 INFO Utils: Successfully started service 'sparkDriver' on port 44751.
26/06/10 00:12:33 INFO SparkEnv: Registering MapOutputTracker
26/06/10 00:12:33 INFO SparkEnv: Registering BlockManagerMaster
26/06/10 00:12:33 INFO BlockManagerMasterEndpoint: Using org.apache.spark.storage.DefaultTopologyMapper for getting topology information
26/06/10 00:12:33 INFO BlockManagerMasterEndpoint: BlockManagerMasterEndpoint up
26/06/10 00:12:33 INFO SparkEnv: Registering BlockManagerMasterHeartbeat
26/06/10 00:12:33 INFO DiskBlockManager: Created local directory at /tmp/blockmgr-ccaf0f96-b316-4980-b5bd-ffd2cdc07a3d
26/06/10 00:12:33 INFO MemoryStore: MemoryStore started with capacity 2.2 GiB
26/06/10 00:12:33 INFO SparkEnv: Registering OutputCommitCoordinator
26/06/10 00:12:33 INFO JettyUtils: Start Jetty 0.0.0.0:4040 for SparkUI
26/06/10 00:12:33 INFO Utils: Successfully started service 'SparkUI' on port 4040.
26/06/10 00:12:34 INFO Executor: Starting executor ID driver on host 10.14.12.130
26/06/10 00:12:34 INFO Executor: OS info Linux, 6.8.0-111-generic, amd64
26/06/10 00:12:34 INFO Executor: Java version 11.0.30
26/06/10 00:12:34 INFO Executor: Starting executor with user classpath (userClassPathFirst = false): ''
26/06/10 00:12:34 INFO Executor: Created or updated repl class loader org.apache.spark.util.MutableURLClassLoader@65c593e8 for default.
26/06/10 00:12:34 INFO Utils: Successfully started service 'org.apache.spark.network.netty.NettyBlockTransferService' on port 36459.
26/06/10 00:12:34 INFO NettyBlockTransferService: Server created on 10.14.12.130:36459
26/06/10 00:12:34 INFO BlockManager: Using org.apache.spark.storage.RandomBlockReplicationPolicy for block replication policy
26/06/10 00:12:34 INFO BlockManagerMaster: Registering BlockManager BlockManagerId(driver, 10.14.12.130, 36459, None)
26/06/10 00:12:34 INFO BlockManagerMasterEndpoint: Registering block manager 10.14.12.130:36459 with 2.2 GiB RAM, BlockManagerId(driver, 10.14.12.130, 36459, None)
26/06/10 00:12:34 INFO BlockManagerMaster: Registered BlockManager BlockManagerId(driver, 10.14.12.130, 36459, None)
26/06/10 00:12:34 INFO BlockManager: Initialized BlockManager: BlockManagerId(driver, 10.14.12.130, 36459, None)
============================================================
ETL 步骤 1: 加载原始数据到 ODS 层
============================================================
[INFO] 正在从 /data/raw/UserBehavior.csv 读取数据...
[INFO] 读取到 30,000,000 条记录
26/06/10 00:12:46 WARN HiveConf: HiveConf of name hive.metastore.event.db.notification.api.auth does not exist
[INFO] 正在写入 Hive ODS 层（Parquet 格式，由 Hive Metastore 管理）...
26/06/10 00:13:25 WARN SessionState: METASTORE_FILTER_HOOK will be ignored, since hive.security.authorization.manager is set to instance of HiveAuthorizerFactory.
[INFO] ODS 层验证: 30,000,000 条记录

[INFO] 数据样本（前5行）:
+-------+-------+-----------+--------+----------+
|user_id|item_id|category_id|behavior|timestamp |
+-------+-------+-----------+--------+----------+
|581436 |4615038|4756105    |fav     |1511922538|
|581436 |1170078|4756105    |pv      |1511922556|
|581436 |4615038|4756105    |cart    |1511929140|
|581436 |1170078|4756105    |pv      |1511929549|
|581436 |1297665|1530704    |pv      |1511929561|
+-------+-------+-----------+--------+----------+


[INFO] 行为类型分布:
26/06/10 00:13:29 WARN WindowExec: No Partition Defined for Window operation! Moving all data to a single partition, this can cause serious performance degradation.
26/06/10 00:13:29 WARN WindowExec: No Partition Defined for Window operation! Moving all data to a single partition, this can cause serious performance degradation.
26/06/10 00:13:29 WARN WindowExec: No Partition Defined for Window operation! Moving all data to a single partition, this can cause serious performance degradation.
26/06/10 00:13:31 WARN WindowExec: No Partition Defined for Window operation! Moving all data to a single partition, this can cause serious performance degradation.
26/06/10 00:13:31 WARN WindowExec: No Partition Defined for Window operation! Moving all data to a single partition, this can cause serious performance degradation.
26/06/10 00:13:31 WARN WindowExec: No Partition Defined for Window operation! Moving all data to a single partition, this can cause serious performance degradation.
26/06/10 00:13:31 WARN WindowExec: No Partition Defined for Window operation! Moving all data to a single partition, this can cause serious performance degradation.
+--------+--------+-----+
|behavior|     cnt|  pct|
+--------+--------+-----+
|      pv|26861407|89.54|
|    cart| 1666880| 5.56|
|     fav|  870851| 2.90|
|     buy|  600862| 2.00|
+--------+--------+-----+

[SUCCESS] ETL 步骤 1 完成！ODS 层数据已就绪。

[3/4] ETL Step 2: ODS → DWD 数据清洗...
26/06/10 00:13:34 WARN Utils: Your hostname, ubuntu resolves to a loopback address: 127.0.1.1; using 10.14.12.130 instead (on interface ens33)
26/06/10 00:13:34 WARN Utils: Set SPARK_LOCAL_IP if you need to bind to another address
26/06/10 00:13:35 INFO SparkContext: Running Spark version 3.5.0
26/06/10 00:13:35 INFO SparkContext: OS info Linux, 6.8.0-111-generic, amd64
26/06/10 00:13:35 INFO SparkContext: Java version 11.0.30
26/06/10 00:13:35 WARN NativeCodeLoader: Unable to load native-hadoop library for your platform... using builtin-java classes where applicable
26/06/10 00:13:35 INFO ResourceUtils: ==============================================================
26/06/10 00:13:35 INFO ResourceUtils: No custom resources configured for spark.driver.
26/06/10 00:13:35 INFO ResourceUtils: ==============================================================
26/06/10 00:13:35 INFO SparkContext: Submitted application: ETL_02_ODS_to_DWD
26/06/10 00:13:35 INFO ResourceProfile: Default ResourceProfile created, executor resources: Map(cores -> name: cores, amount: 1, script: , vendor: , memory -> name: memory, amount: 4096, script: , vendor: , offHeap -> name: offHeap, amount: 0, script: , vendor: ), task resources: Map(cpus -> name: cpus, amount: 1.0)
26/06/10 00:13:35 INFO ResourceProfile: Limiting resource is cpu
26/06/10 00:13:35 INFO ResourceProfileManager: Added ResourceProfile id: 0
26/06/10 00:13:35 INFO SecurityManager: Changing view acls to: cty1576
26/06/10 00:13:35 INFO SecurityManager: Changing modify acls to: cty1576
26/06/10 00:13:35 INFO SecurityManager: Changing view acls groups to: 
26/06/10 00:13:35 INFO SecurityManager: Changing modify acls groups to: 
26/06/10 00:13:35 INFO SecurityManager: SecurityManager: authentication disabled; ui acls disabled; users with view permissions: cty1576; groups with view permissions: EMPTY; users with modify permissions: cty1576; groups with modify permissions: EMPTY
26/06/10 00:13:35 INFO Utils: Successfully started service 'sparkDriver' on port 43677.
26/06/10 00:13:35 INFO SparkEnv: Registering MapOutputTracker
26/06/10 00:13:35 INFO SparkEnv: Registering BlockManagerMaster
26/06/10 00:13:35 INFO BlockManagerMasterEndpoint: Using org.apache.spark.storage.DefaultTopologyMapper for getting topology information
26/06/10 00:13:35 INFO BlockManagerMasterEndpoint: BlockManagerMasterEndpoint up
26/06/10 00:13:35 INFO SparkEnv: Registering BlockManagerMasterHeartbeat
26/06/10 00:13:35 INFO DiskBlockManager: Created local directory at /tmp/blockmgr-43196a9f-3c79-4964-b1c5-2e94eb085575
26/06/10 00:13:35 INFO MemoryStore: MemoryStore started with capacity 2.2 GiB
26/06/10 00:13:35 INFO SparkEnv: Registering OutputCommitCoordinator
26/06/10 00:13:36 INFO JettyUtils: Start Jetty 0.0.0.0:4040 for SparkUI
26/06/10 00:13:36 INFO Utils: Successfully started service 'SparkUI' on port 4040.
26/06/10 00:13:36 INFO Executor: Starting executor ID driver on host 10.14.12.130
26/06/10 00:13:36 INFO Executor: OS info Linux, 6.8.0-111-generic, amd64
26/06/10 00:13:36 INFO Executor: Java version 11.0.30
26/06/10 00:13:36 INFO Executor: Starting executor with user classpath (userClassPathFirst = false): ''
26/06/10 00:13:36 INFO Executor: Created or updated repl class loader org.apache.spark.util.MutableURLClassLoader@4f824c40 for default.
26/06/10 00:13:36 INFO Utils: Successfully started service 'org.apache.spark.network.netty.NettyBlockTransferService' on port 41561.
26/06/10 00:13:36 INFO NettyBlockTransferService: Server created on 10.14.12.130:41561
26/06/10 00:13:36 INFO BlockManager: Using org.apache.spark.storage.RandomBlockReplicationPolicy for block replication policy
26/06/10 00:13:36 INFO BlockManagerMaster: Registering BlockManager BlockManagerId(driver, 10.14.12.130, 41561, None)
26/06/10 00:13:36 INFO BlockManagerMasterEndpoint: Registering block manager 10.14.12.130:41561 with 2.2 GiB RAM, BlockManagerId(driver, 10.14.12.130, 41561, None)
26/06/10 00:13:36 INFO BlockManagerMaster: Registered BlockManager BlockManagerId(driver, 10.14.12.130, 41561, None)
26/06/10 00:13:36 INFO BlockManager: Initialized BlockManager: BlockManagerId(driver, 10.14.12.130, 41561, None)
============================================================
ETL 步骤 2: ODS → DWD 数据清洗与维度增强
============================================================
26/06/10 00:13:39 WARN HiveConf: HiveConf of name hive.metastore.event.db.notification.api.auth does not exist
[INFO] ODS 原始记录数: 30,000,000
[INFO] 删除空值: 0 条
[INFO] 删除非法行为类型: 0 条
[INFO] 删除超出时间范围的记录: 16,307 条
[INFO] 删除重复记录: 11 条
[INFO] 正在写入 DWD 层（按日期分区，Parquet+Snappy）...
26/06/10 00:18:25 WARN SessionState: METASTORE_FILTER_HOOK will be ignored, since hive.security.authorization.manager is set to instance of HiveAuthorizerFactory.

============================================================
数据质量报告
============================================================
  原始记录数:              30,000,000
  空值删除:                         0
  非法行为删除:                     0
  超时间范围删除:              16,307
  重复记录删除:                    11
  最终入库记录数:          29,983,682
  入库率:                      99.95%
============================================================

[INFO] 各日期分区数据量:
+----------+-------+
|event_date|cnt    |
+----------+-------+
|2017-11-25|3103053|
|2017-11-26|3181512|
|2017-11-27|3020562|
|2017-11-28|2963246|
|2017-11-29|3073740|
|2017-11-30|3130513|
|2017-12-01|3260093|
|2017-12-02|4146293|
|2017-12-03|4104670|
+----------+-------+

[INFO] DWD 数据样本:
+-------+-------+-----------+--------+-------------------+----------+-----------+----------+----------+
|user_id|item_id|category_id|behavior|event_time         |event_hour|day_of_week|is_weekend|event_date|
+-------+-------+-----------+--------+-------------------+----------+-----------+----------+----------+
|3      |222492 |2907809    |pv      |2017-12-02 18:39:27|18        |7          |1         |2017-12-02|
|4      |4002386|3002561    |pv      |2017-12-02 18:32:29|18        |7          |1         |2017-12-02|
|21     |3988990|2194744    |pv      |2017-12-02 17:29:01|17        |7          |1         |2017-12-02|
|30     |946498 |4801426    |pv      |2017-12-02 20:08:27|20        |7          |1         |2017-12-02|
|30     |3864293|2920476    |pv      |2017-12-02 20:30:56|20        |7          |1         |2017-12-02|
+-------+-------+-----------+--------+-------------------+----------+-----------+----------+----------+

[SUCCESS] ETL 步骤 2 完成！DWD 层数据已就绪。

[4/4] ETL Step 3: DWD → DWS 多维聚合...
26/06/10 00:18:41 WARN Utils: Your hostname, ubuntu resolves to a loopback address: 127.0.1.1; using 10.14.12.130 instead (on interface ens33)
26/06/10 00:18:41 WARN Utils: Set SPARK_LOCAL_IP if you need to bind to another address
26/06/10 00:18:42 INFO SparkContext: Running Spark version 3.5.0
26/06/10 00:18:42 INFO SparkContext: OS info Linux, 6.8.0-111-generic, amd64
26/06/10 00:18:42 INFO SparkContext: Java version 11.0.30
26/06/10 00:18:42 WARN NativeCodeLoader: Unable to load native-hadoop library for your platform... using builtin-java classes where applicable
26/06/10 00:18:42 INFO ResourceUtils: ==============================================================
26/06/10 00:18:42 INFO ResourceUtils: No custom resources configured for spark.driver.
26/06/10 00:18:42 INFO ResourceUtils: ==============================================================
26/06/10 00:18:42 INFO SparkContext: Submitted application: ETL_03_DWD_to_DWS
26/06/10 00:18:42 INFO ResourceProfile: Default ResourceProfile created, executor resources: Map(cores -> name: cores, amount: 1, script: , vendor: , memory -> name: memory, amount: 4096, script: , vendor: , offHeap -> name: offHeap, amount: 0, script: , vendor: ), task resources: Map(cpus -> name: cpus, amount: 1.0)
26/06/10 00:18:42 INFO ResourceProfile: Limiting resource is cpu
26/06/10 00:18:42 INFO ResourceProfileManager: Added ResourceProfile id: 0
26/06/10 00:18:42 INFO SecurityManager: Changing view acls to: cty1576
26/06/10 00:18:42 INFO SecurityManager: Changing modify acls to: cty1576
26/06/10 00:18:42 INFO SecurityManager: Changing view acls groups to: 
26/06/10 00:18:42 INFO SecurityManager: Changing modify acls groups to: 
26/06/10 00:18:42 INFO SecurityManager: SecurityManager: authentication disabled; ui acls disabled; users with view permissions: cty1576; groups with view permissions: EMPTY; users with modify permissions: cty1576; groups with modify permissions: EMPTY
26/06/10 00:18:43 INFO Utils: Successfully started service 'sparkDriver' on port 38391.
26/06/10 00:18:43 INFO SparkEnv: Registering MapOutputTracker
26/06/10 00:18:43 INFO SparkEnv: Registering BlockManagerMaster
26/06/10 00:18:43 INFO BlockManagerMasterEndpoint: Using org.apache.spark.storage.DefaultTopologyMapper for getting topology information
26/06/10 00:18:43 INFO BlockManagerMasterEndpoint: BlockManagerMasterEndpoint up
26/06/10 00:18:43 INFO SparkEnv: Registering BlockManagerMasterHeartbeat
26/06/10 00:18:43 INFO DiskBlockManager: Created local directory at /tmp/blockmgr-4fced1fd-112f-4028-899d-6e0bf3d57765
26/06/10 00:18:43 INFO MemoryStore: MemoryStore started with capacity 2.2 GiB
26/06/10 00:18:43 INFO SparkEnv: Registering OutputCommitCoordinator
26/06/10 00:18:43 INFO JettyUtils: Start Jetty 0.0.0.0:4040 for SparkUI
26/06/10 00:18:43 INFO Utils: Successfully started service 'SparkUI' on port 4040.
26/06/10 00:18:43 INFO Executor: Starting executor ID driver on host 10.14.12.130
26/06/10 00:18:43 INFO Executor: OS info Linux, 6.8.0-111-generic, amd64
26/06/10 00:18:43 INFO Executor: Java version 11.0.30
26/06/10 00:18:43 INFO Executor: Starting executor with user classpath (userClassPathFirst = false): ''
26/06/10 00:18:43 INFO Executor: Created or updated repl class loader org.apache.spark.util.MutableURLClassLoader@6349f572 for default.
26/06/10 00:18:43 INFO Utils: Successfully started service 'org.apache.spark.network.netty.NettyBlockTransferService' on port 41095.
26/06/10 00:18:43 INFO NettyBlockTransferService: Server created on 10.14.12.130:41095
26/06/10 00:18:43 INFO BlockManager: Using org.apache.spark.storage.RandomBlockReplicationPolicy for block replication policy
26/06/10 00:18:43 INFO BlockManagerMaster: Registering BlockManager BlockManagerId(driver, 10.14.12.130, 41095, None)
26/06/10 00:18:43 INFO BlockManagerMasterEndpoint: Registering block manager 10.14.12.130:41095 with 2.2 GiB RAM, BlockManagerId(driver, 10.14.12.130, 41095, None)
26/06/10 00:18:43 INFO BlockManagerMaster: Registered BlockManager BlockManagerId(driver, 10.14.12.130, 41095, None)
26/06/10 00:18:43 INFO BlockManager: Initialized BlockManager: BlockManagerId(driver, 10.14.12.130, 41095, None)
============================================================
ETL 步骤 3: DWD → DWS 多维聚合汇总
============================================================
26/06/10 00:18:49 WARN HiveConf: HiveConf of name hive.metastore.event.db.notification.api.auth does not exist
[INFO] DWD 层记录数: 29,983,682
[INFO] 正在聚合: 用户日维度...
26/06/10 00:20:03 WARN SessionState: METASTORE_FILTER_HOOK will be ignored, since hive.security.authorization.manager is set to instance of HiveAuthorizerFactory.
  → dws.user_daily_behavior: 2,083,366 条
[INFO] 正在聚合: 商品日维度...
  → dws.item_daily_behavior: 7,972,161 条
[INFO] 正在聚合: 类目日维度...
  → dws.category_daily_behavior: 64,454 条
[INFO] 正在聚合: 小时维度...
  → dws.hourly_behavior: 216 条

[SUCCESS] ETL 步骤 3 完成！DWS 层四张汇总表已就绪。

============================================================
  [SUCCESS] ETL 全流程完成！
  可通过以下命令验证数据:
    hive -e 'SELECT COUNT(*) FROM ods.user_behavior;'
    hive -e 'SELECT COUNT(*) FROM dwd.user_behavior_detail;'
    hive -e 'SHOW TABLES IN dws;'
============================================================
