[LOG] 本次日志: /home/cty1576/bigdatacty1/logs/pipeline/03_run_analysis_20260610_002124.log
============================================================
  步骤 3: 运行全部分析任务
============================================================

[1/12] 任务1: 每日PV/UV趋势
-------------------------------------------
26/06/10 00:21:27 WARN Utils: Your hostname, ubuntu resolves to a loopback address: 127.0.1.1; using 10.14.12.130 instead (on interface ens33)
26/06/10 00:21:27 WARN Utils: Set SPARK_LOCAL_IP if you need to bind to another address
26/06/10 00:21:28 INFO SparkContext: Running Spark version 3.5.0
26/06/10 00:21:28 INFO SparkContext: OS info Linux, 6.8.0-111-generic, amd64
26/06/10 00:21:28 INFO SparkContext: Java version 11.0.30
26/06/10 00:21:28 WARN NativeCodeLoader: Unable to load native-hadoop library for your platform... using builtin-java classes where applicable
26/06/10 00:21:28 INFO ResourceUtils: ==============================================================
26/06/10 00:21:28 INFO ResourceUtils: No custom resources configured for spark.driver.
26/06/10 00:21:28 INFO ResourceUtils: ==============================================================
26/06/10 00:21:28 INFO SparkContext: Submitted application: Analysis_01_DailyPVUV
26/06/10 00:21:28 INFO ResourceProfile: Default ResourceProfile created, executor resources: Map(cores -> name: cores, amount: 1, script: , vendor: , memory -> name: memory, amount: 4096, script: , vendor: , offHeap -> name: offHeap, amount: 0, script: , vendor: ), task resources: Map(cpus -> name: cpus, amount: 1.0)
26/06/10 00:21:28 INFO ResourceProfile: Limiting resource is cpu
26/06/10 00:21:28 INFO ResourceProfileManager: Added ResourceProfile id: 0
26/06/10 00:21:28 INFO SecurityManager: Changing view acls to: cty1576
26/06/10 00:21:28 INFO SecurityManager: Changing modify acls to: cty1576
26/06/10 00:21:28 INFO SecurityManager: Changing view acls groups to: 
26/06/10 00:21:28 INFO SecurityManager: Changing modify acls groups to: 
26/06/10 00:21:28 INFO SecurityManager: SecurityManager: authentication disabled; ui acls disabled; users with view permissions: cty1576; groups with view permissions: EMPTY; users with modify permissions: cty1576; groups with modify permissions: EMPTY
26/06/10 00:21:29 INFO Utils: Successfully started service 'sparkDriver' on port 34923.
26/06/10 00:21:29 INFO SparkEnv: Registering MapOutputTracker
26/06/10 00:21:29 INFO SparkEnv: Registering BlockManagerMaster
26/06/10 00:21:29 INFO BlockManagerMasterEndpoint: Using org.apache.spark.storage.DefaultTopologyMapper for getting topology information
26/06/10 00:21:29 INFO BlockManagerMasterEndpoint: BlockManagerMasterEndpoint up
26/06/10 00:21:29 INFO SparkEnv: Registering BlockManagerMasterHeartbeat
26/06/10 00:21:29 INFO DiskBlockManager: Created local directory at /tmp/blockmgr-4aa30b4b-6170-4d2f-8b89-8785579f3715
26/06/10 00:21:29 INFO MemoryStore: MemoryStore started with capacity 2.2 GiB
26/06/10 00:21:29 INFO SparkEnv: Registering OutputCommitCoordinator
26/06/10 00:21:29 INFO JettyUtils: Start Jetty 0.0.0.0:4040 for SparkUI
26/06/10 00:21:29 INFO Utils: Successfully started service 'SparkUI' on port 4040.
26/06/10 00:21:29 INFO Executor: Starting executor ID driver on host 10.14.12.130
26/06/10 00:21:29 INFO Executor: OS info Linux, 6.8.0-111-generic, amd64
26/06/10 00:21:29 INFO Executor: Java version 11.0.30
26/06/10 00:21:29 INFO Executor: Starting executor with user classpath (userClassPathFirst = false): ''
26/06/10 00:21:29 INFO Executor: Created or updated repl class loader org.apache.spark.util.MutableURLClassLoader@6086fb1b for default.
26/06/10 00:21:29 INFO Utils: Successfully started service 'org.apache.spark.network.netty.NettyBlockTransferService' on port 37773.
26/06/10 00:21:29 INFO NettyBlockTransferService: Server created on 10.14.12.130:37773
26/06/10 00:21:29 INFO BlockManager: Using org.apache.spark.storage.RandomBlockReplicationPolicy for block replication policy
26/06/10 00:21:29 INFO BlockManagerMaster: Registering BlockManager BlockManagerId(driver, 10.14.12.130, 37773, None)
26/06/10 00:21:29 INFO BlockManagerMasterEndpoint: Registering block manager 10.14.12.130:37773 with 2.2 GiB RAM, BlockManagerId(driver, 10.14.12.130, 37773, None)
26/06/10 00:21:29 INFO BlockManagerMaster: Registered BlockManager BlockManagerId(driver, 10.14.12.130, 37773, None)
26/06/10 00:21:29 INFO BlockManager: Initialized BlockManager: BlockManagerId(driver, 10.14.12.130, 37773, None)
26/06/10 00:21:34 WARN HiveConf: HiveConf of name hive.metastore.event.db.notification.api.auth does not exist
============================================================
分析任务 1: 每日 PV/UV 流量趋势
============================================================
WARNING: An illegal reflective access operation has occurred
WARNING: Illegal reflective access by org.apache.spark.util.SizeEstimator$ (file:/opt/spark-3.5.0-bin-hadoop3/jars/spark-core_2.12-3.5.0.jar) to field java.math.BigDecimal.intVal
WARNING: Please consider reporting this to the maintainers of org.apache.spark.util.SizeEstimator$
WARNING: Use --illegal-access=warn to enable warnings of further illegal reflective access operations
WARNING: All illegal access operations will be denied in a future release
+----------+-------+------+----------+---------------+
|event_date|pv     |uv    |item_count|avg_pv_per_user|
+----------+-------+------+----------+---------------+
|2017-11-25|2786024|211008|798082    |13.20          |
|2017-11-26|2852181|213843|817939    |13.34          |
|2017-11-27|2703003|212269|796403    |12.73          |
|2017-11-28|2651188|212140|800548    |12.50          |
|2017-11-29|2751029|214954|817014    |12.80          |
|2017-11-30|2803128|218439|816330    |12.83          |
|2017-12-01|2916808|221168|828784    |13.19          |
|2017-12-02|3707739|290299|962952    |12.77          |
|2017-12-03|3674000|289246|962986    |12.70          |
+----------+-------+------+----------+---------------+

26/06/10 00:22:27 WARN SessionState: METASTORE_FILTER_HOOK will be ignored, since hive.security.authorization.manager is set to instance of HiveAuthorizerFactory.
[SUCCESS] 任务 1 完成！
  ✓ 任务1: 每日PV/UV趋势 完成

[2/12] 任务2: 24小时活跃分布
-------------------------------------------
26/06/10 00:22:31 WARN Utils: Your hostname, ubuntu resolves to a loopback address: 127.0.1.1; using 10.14.12.130 instead (on interface ens33)
26/06/10 00:22:31 WARN Utils: Set SPARK_LOCAL_IP if you need to bind to another address
26/06/10 00:22:32 INFO SparkContext: Running Spark version 3.5.0
26/06/10 00:22:32 INFO SparkContext: OS info Linux, 6.8.0-111-generic, amd64
26/06/10 00:22:32 INFO SparkContext: Java version 11.0.30
26/06/10 00:22:32 WARN NativeCodeLoader: Unable to load native-hadoop library for your platform... using builtin-java classes where applicable
26/06/10 00:22:32 INFO ResourceUtils: ==============================================================
26/06/10 00:22:32 INFO ResourceUtils: No custom resources configured for spark.driver.
26/06/10 00:22:32 INFO ResourceUtils: ==============================================================
26/06/10 00:22:32 INFO SparkContext: Submitted application: Analysis_02_HourDistribution
26/06/10 00:22:32 INFO ResourceProfile: Default ResourceProfile created, executor resources: Map(cores -> name: cores, amount: 1, script: , vendor: , memory -> name: memory, amount: 4096, script: , vendor: , offHeap -> name: offHeap, amount: 0, script: , vendor: ), task resources: Map(cpus -> name: cpus, amount: 1.0)
26/06/10 00:22:32 INFO ResourceProfile: Limiting resource is cpu
26/06/10 00:22:32 INFO ResourceProfileManager: Added ResourceProfile id: 0
26/06/10 00:22:32 INFO SecurityManager: Changing view acls to: cty1576
26/06/10 00:22:32 INFO SecurityManager: Changing modify acls to: cty1576
26/06/10 00:22:32 INFO SecurityManager: Changing view acls groups to: 
26/06/10 00:22:32 INFO SecurityManager: Changing modify acls groups to: 
26/06/10 00:22:32 INFO SecurityManager: SecurityManager: authentication disabled; ui acls disabled; users with view permissions: cty1576; groups with view permissions: EMPTY; users with modify permissions: cty1576; groups with modify permissions: EMPTY
26/06/10 00:22:32 INFO Utils: Successfully started service 'sparkDriver' on port 44123.
26/06/10 00:22:32 INFO SparkEnv: Registering MapOutputTracker
26/06/10 00:22:32 INFO SparkEnv: Registering BlockManagerMaster
26/06/10 00:22:32 INFO BlockManagerMasterEndpoint: Using org.apache.spark.storage.DefaultTopologyMapper for getting topology information
26/06/10 00:22:32 INFO BlockManagerMasterEndpoint: BlockManagerMasterEndpoint up
26/06/10 00:22:32 INFO SparkEnv: Registering BlockManagerMasterHeartbeat
26/06/10 00:22:32 INFO DiskBlockManager: Created local directory at /tmp/blockmgr-6d4fc23e-71e5-4644-822c-e7afdc1b1868
26/06/10 00:22:32 INFO MemoryStore: MemoryStore started with capacity 2.2 GiB
26/06/10 00:22:32 INFO SparkEnv: Registering OutputCommitCoordinator
26/06/10 00:22:33 INFO JettyUtils: Start Jetty 0.0.0.0:4040 for SparkUI
26/06/10 00:22:33 INFO Utils: Successfully started service 'SparkUI' on port 4040.
26/06/10 00:22:33 INFO Executor: Starting executor ID driver on host 10.14.12.130
26/06/10 00:22:33 INFO Executor: OS info Linux, 6.8.0-111-generic, amd64
26/06/10 00:22:33 INFO Executor: Java version 11.0.30
26/06/10 00:22:33 INFO Executor: Starting executor with user classpath (userClassPathFirst = false): ''
26/06/10 00:22:33 INFO Executor: Created or updated repl class loader org.apache.spark.util.MutableURLClassLoader@67bf20a7 for default.
26/06/10 00:22:33 INFO Utils: Successfully started service 'org.apache.spark.network.netty.NettyBlockTransferService' on port 41677.
26/06/10 00:22:33 INFO NettyBlockTransferService: Server created on 10.14.12.130:41677
26/06/10 00:22:33 INFO BlockManager: Using org.apache.spark.storage.RandomBlockReplicationPolicy for block replication policy
26/06/10 00:22:33 INFO BlockManagerMaster: Registering BlockManager BlockManagerId(driver, 10.14.12.130, 41677, None)
26/06/10 00:22:33 INFO BlockManagerMasterEndpoint: Registering block manager 10.14.12.130:41677 with 2.2 GiB RAM, BlockManagerId(driver, 10.14.12.130, 41677, None)
26/06/10 00:22:33 INFO BlockManagerMaster: Registered BlockManager BlockManagerId(driver, 10.14.12.130, 41677, None)
26/06/10 00:22:33 INFO BlockManager: Initialized BlockManager: BlockManagerId(driver, 10.14.12.130, 41677, None)
26/06/10 00:22:37 WARN HiveConf: HiveConf of name hive.metastore.event.db.notification.api.auth does not exist
============================================================
分析任务 2: 24小时用户活跃分布
============================================================
+----------+-------+------+----------+---------+
|event_hour|pv     |uv    |cart_count|buy_count|
+----------+-------+------+----------+---------+
|0         |912711 |94804 |55264     |16950    |
|1         |418956 |49486 |25529     |6845     |
|2         |229325 |29247 |14026     |3595     |
|3         |154288 |20949 |9794      |2312     |
|4         |134561 |19010 |8472      |1921     |
|5         |173407 |25037 |11233     |2422     |
|6         |365374 |53555 |24284     |5451     |
|7         |663654 |98460 |43894     |11099    |
|8         |913922 |132980|57570     |19151    |
|9         |1116761|155838|69387     |28956    |
|10        |1295795|172614|80186     |38298    |
|11        |1260667|175513|78479     |36308    |
|12        |1274145|177609|77026     |35385    |
|13        |1397732|180421|84438     |36959    |
|14        |1393327|177736|83905     |36560    |
|15        |1446247|180839|86514     |36670    |
|16        |1382770|178894|83498     |35006    |
|17        |1254991|174778|77163     |30344    |
|18        |1294093|174242|76566     |28439    |
|19        |1630739|186738|95393     |34267    |
|20        |1973082|198505|118266    |40010    |
|21        |2256834|204588|140412    |43284    |
|22        |2223351|194264|146271    |40973    |
|23        |1678368|153323|119310    |29646    |
+----------+-------+------+----------+---------+

26/06/10 00:23:10 WARN SessionState: METASTORE_FILTER_HOOK will be ignored, since hive.security.authorization.manager is set to instance of HiveAuthorizerFactory.
[SUCCESS] 任务 2 完成！
  ✓ 任务2: 24小时活跃分布 完成

[3/12] 任务3: 用户行为转化漏斗
-------------------------------------------
26/06/10 00:23:13 WARN Utils: Your hostname, ubuntu resolves to a loopback address: 127.0.1.1; using 10.14.12.130 instead (on interface ens33)
26/06/10 00:23:13 WARN Utils: Set SPARK_LOCAL_IP if you need to bind to another address
26/06/10 00:23:14 INFO SparkContext: Running Spark version 3.5.0
26/06/10 00:23:14 INFO SparkContext: OS info Linux, 6.8.0-111-generic, amd64
26/06/10 00:23:14 INFO SparkContext: Java version 11.0.30
26/06/10 00:23:14 WARN NativeCodeLoader: Unable to load native-hadoop library for your platform... using builtin-java classes where applicable
26/06/10 00:23:14 INFO ResourceUtils: ==============================================================
26/06/10 00:23:14 INFO ResourceUtils: No custom resources configured for spark.driver.
26/06/10 00:23:14 INFO ResourceUtils: ==============================================================
26/06/10 00:23:14 INFO SparkContext: Submitted application: Analysis_03_BehaviorFunnel
26/06/10 00:23:14 INFO ResourceProfile: Default ResourceProfile created, executor resources: Map(cores -> name: cores, amount: 1, script: , vendor: , memory -> name: memory, amount: 4096, script: , vendor: , offHeap -> name: offHeap, amount: 0, script: , vendor: ), task resources: Map(cpus -> name: cpus, amount: 1.0)
26/06/10 00:23:14 INFO ResourceProfile: Limiting resource is cpu
26/06/10 00:23:14 INFO ResourceProfileManager: Added ResourceProfile id: 0
26/06/10 00:23:14 INFO SecurityManager: Changing view acls to: cty1576
26/06/10 00:23:14 INFO SecurityManager: Changing modify acls to: cty1576
26/06/10 00:23:14 INFO SecurityManager: Changing view acls groups to: 
26/06/10 00:23:14 INFO SecurityManager: Changing modify acls groups to: 
26/06/10 00:23:14 INFO SecurityManager: SecurityManager: authentication disabled; ui acls disabled; users with view permissions: cty1576; groups with view permissions: EMPTY; users with modify permissions: cty1576; groups with modify permissions: EMPTY
26/06/10 00:23:14 INFO Utils: Successfully started service 'sparkDriver' on port 42033.
26/06/10 00:23:14 INFO SparkEnv: Registering MapOutputTracker
26/06/10 00:23:14 INFO SparkEnv: Registering BlockManagerMaster
26/06/10 00:23:14 INFO BlockManagerMasterEndpoint: Using org.apache.spark.storage.DefaultTopologyMapper for getting topology information
26/06/10 00:23:14 INFO BlockManagerMasterEndpoint: BlockManagerMasterEndpoint up
26/06/10 00:23:14 INFO SparkEnv: Registering BlockManagerMasterHeartbeat
26/06/10 00:23:15 INFO DiskBlockManager: Created local directory at /tmp/blockmgr-fc774f7e-c7b1-41b3-982b-d7f79d8f3d9f
26/06/10 00:23:15 INFO MemoryStore: MemoryStore started with capacity 2.2 GiB
26/06/10 00:23:15 INFO SparkEnv: Registering OutputCommitCoordinator
26/06/10 00:23:15 INFO JettyUtils: Start Jetty 0.0.0.0:4040 for SparkUI
26/06/10 00:23:15 INFO Utils: Successfully started service 'SparkUI' on port 4040.
26/06/10 00:23:15 INFO Executor: Starting executor ID driver on host 10.14.12.130
26/06/10 00:23:15 INFO Executor: OS info Linux, 6.8.0-111-generic, amd64
26/06/10 00:23:15 INFO Executor: Java version 11.0.30
26/06/10 00:23:15 INFO Executor: Starting executor with user classpath (userClassPathFirst = false): ''
26/06/10 00:23:15 INFO Executor: Created or updated repl class loader org.apache.spark.util.MutableURLClassLoader@2a433a92 for default.
26/06/10 00:23:15 INFO Utils: Successfully started service 'org.apache.spark.network.netty.NettyBlockTransferService' on port 42371.
26/06/10 00:23:15 INFO NettyBlockTransferService: Server created on 10.14.12.130:42371
26/06/10 00:23:15 INFO BlockManager: Using org.apache.spark.storage.RandomBlockReplicationPolicy for block replication policy
26/06/10 00:23:15 INFO BlockManagerMaster: Registering BlockManager BlockManagerId(driver, 10.14.12.130, 42371, None)
26/06/10 00:23:15 INFO BlockManagerMasterEndpoint: Registering block manager 10.14.12.130:42371 with 2.2 GiB RAM, BlockManagerId(driver, 10.14.12.130, 42371, None)
26/06/10 00:23:15 INFO BlockManagerMaster: Registered BlockManager BlockManagerId(driver, 10.14.12.130, 42371, None)
26/06/10 00:23:15 INFO BlockManager: Initialized BlockManager: BlockManagerId(driver, 10.14.12.130, 42371, None)
26/06/10 00:23:19 WARN HiveConf: HiveConf of name hive.metastore.event.db.notification.api.auth does not exist
============================================================
分析任务 3: 用户行为转化漏斗
============================================================
+----------+----------+------+------------+
|behavior  |user_count|ratio |overall_rate|
+----------+----------+------+------------+
|浏览(pv)  |294355    |100.0 |100.0       |
|收藏(fav) |117106    |39.78 |39.78       |
|加购(cart)|221462    |189.11|75.24       |
|购买(buy) |200853    |90.69 |68.23       |
+----------+----------+------+------------+

26/06/10 00:23:47 WARN SessionState: METASTORE_FILTER_HOOK will be ignored, since hive.security.authorization.manager is set to instance of HiveAuthorizerFactory.
[SUCCESS] 任务 3 完成！
  ✓ 任务3: 用户行为转化漏斗 完成

[4/12] 任务4: TOP100热门商品
-------------------------------------------
26/06/10 00:23:50 WARN Utils: Your hostname, ubuntu resolves to a loopback address: 127.0.1.1; using 10.14.12.130 instead (on interface ens33)
26/06/10 00:23:50 WARN Utils: Set SPARK_LOCAL_IP if you need to bind to another address
26/06/10 00:23:52 INFO SparkContext: Running Spark version 3.5.0
26/06/10 00:23:52 INFO SparkContext: OS info Linux, 6.8.0-111-generic, amd64
26/06/10 00:23:52 INFO SparkContext: Java version 11.0.30
26/06/10 00:23:52 WARN NativeCodeLoader: Unable to load native-hadoop library for your platform... using builtin-java classes where applicable
26/06/10 00:23:52 INFO ResourceUtils: ==============================================================
26/06/10 00:23:52 INFO ResourceUtils: No custom resources configured for spark.driver.
26/06/10 00:23:52 INFO ResourceUtils: ==============================================================
26/06/10 00:23:52 INFO SparkContext: Submitted application: Analysis_04_TopItems
26/06/10 00:23:52 INFO ResourceProfile: Default ResourceProfile created, executor resources: Map(cores -> name: cores, amount: 1, script: , vendor: , memory -> name: memory, amount: 4096, script: , vendor: , offHeap -> name: offHeap, amount: 0, script: , vendor: ), task resources: Map(cpus -> name: cpus, amount: 1.0)
26/06/10 00:23:52 INFO ResourceProfile: Limiting resource is cpu
26/06/10 00:23:52 INFO ResourceProfileManager: Added ResourceProfile id: 0
26/06/10 00:23:52 INFO SecurityManager: Changing view acls to: cty1576
26/06/10 00:23:52 INFO SecurityManager: Changing modify acls to: cty1576
26/06/10 00:23:52 INFO SecurityManager: Changing view acls groups to: 
26/06/10 00:23:52 INFO SecurityManager: Changing modify acls groups to: 
26/06/10 00:23:52 INFO SecurityManager: SecurityManager: authentication disabled; ui acls disabled; users with view permissions: cty1576; groups with view permissions: EMPTY; users with modify permissions: cty1576; groups with modify permissions: EMPTY
26/06/10 00:23:52 INFO Utils: Successfully started service 'sparkDriver' on port 32779.
26/06/10 00:23:52 INFO SparkEnv: Registering MapOutputTracker
26/06/10 00:23:52 INFO SparkEnv: Registering BlockManagerMaster
26/06/10 00:23:52 INFO BlockManagerMasterEndpoint: Using org.apache.spark.storage.DefaultTopologyMapper for getting topology information
26/06/10 00:23:52 INFO BlockManagerMasterEndpoint: BlockManagerMasterEndpoint up
26/06/10 00:23:52 INFO SparkEnv: Registering BlockManagerMasterHeartbeat
26/06/10 00:23:52 INFO DiskBlockManager: Created local directory at /tmp/blockmgr-c3068bb1-ee24-4839-b686-dcf40c155e52
26/06/10 00:23:52 INFO MemoryStore: MemoryStore started with capacity 2.2 GiB
26/06/10 00:23:52 INFO SparkEnv: Registering OutputCommitCoordinator
26/06/10 00:23:53 INFO JettyUtils: Start Jetty 0.0.0.0:4040 for SparkUI
26/06/10 00:23:53 INFO Utils: Successfully started service 'SparkUI' on port 4040.
26/06/10 00:23:53 INFO Executor: Starting executor ID driver on host 10.14.12.130
26/06/10 00:23:53 INFO Executor: OS info Linux, 6.8.0-111-generic, amd64
26/06/10 00:23:53 INFO Executor: Java version 11.0.30
26/06/10 00:23:53 INFO Executor: Starting executor with user classpath (userClassPathFirst = false): ''
26/06/10 00:23:53 INFO Executor: Created or updated repl class loader org.apache.spark.util.MutableURLClassLoader@56ca3910 for default.
26/06/10 00:23:53 INFO Utils: Successfully started service 'org.apache.spark.network.netty.NettyBlockTransferService' on port 35147.
26/06/10 00:23:53 INFO NettyBlockTransferService: Server created on 10.14.12.130:35147
26/06/10 00:23:53 INFO BlockManager: Using org.apache.spark.storage.RandomBlockReplicationPolicy for block replication policy
26/06/10 00:23:53 INFO BlockManagerMaster: Registering BlockManager BlockManagerId(driver, 10.14.12.130, 35147, None)
26/06/10 00:23:53 INFO BlockManagerMasterEndpoint: Registering block manager 10.14.12.130:35147 with 2.2 GiB RAM, BlockManagerId(driver, 10.14.12.130, 35147, None)
26/06/10 00:23:53 INFO BlockManagerMaster: Registered BlockManager BlockManagerId(driver, 10.14.12.130, 35147, None)
26/06/10 00:23:53 INFO BlockManager: Initialized BlockManager: BlockManagerId(driver, 10.14.12.130, 35147, None)
26/06/10 00:23:56 WARN HiveConf: HiveConf of name hive.metastore.event.db.notification.api.auth does not exist
============================================================
分析任务 4: TOP100 热门商品排行
============================================================
26/06/10 00:23:58 WARN WindowExec: No Partition Defined for Window operation! Moving all data to a single partition, this can cause serious performance degradation.
26/06/10 00:23:58 WARN WindowExec: No Partition Defined for Window operation! Moving all data to a single partition, this can cause serious performance degradation.
26/06/10 00:23:58 WARN WindowExec: No Partition Defined for Window operation! Moving all data to a single partition, this can cause serious performance degradation.
26/06/10 00:23:58 WARN WindowExec: No Partition Defined for Window operation! Moving all data to a single partition, this can cause serious performance degradation.
26/06/10 00:23:58 WARN WindowExec: No Partition Defined for Window operation! Moving all data to a single partition, this can cause serious performance degradation.
26/06/10 00:24:21 WARN WindowExec: No Partition Defined for Window operation! Moving all data to a single partition, this can cause serious performance degradation.
26/06/10 00:24:22 WARN WindowExec: No Partition Defined for Window operation! Moving all data to a single partition, this can cause serious performance degradation.
26/06/10 00:24:25 WARN WindowExec: No Partition Defined for Window operation! Moving all data to a single partition, this can cause serious performance degradation.
26/06/10 00:24:25 WARN WindowExec: No Partition Defined for Window operation! Moving all data to a single partition, this can cause serious performance degradation.
26/06/10 00:24:28 WARN WindowExec: No Partition Defined for Window operation! Moving all data to a single partition, this can cause serious performance degradation.
26/06/10 00:24:28 WARN WindowExec: No Partition Defined for Window operation! Moving all data to a single partition, this can cause serious performance degradation.
+-------+-------+--------+---------+----------+---------+-----------+
|ranking|item_id|pv_count|fav_count|cart_count|buy_count|total_score|
+-------+-------+--------+---------+----------+---------+-----------+
|1      |812879 |9083    |262      |474       |40       |12639      |
|2      |3031354|5248    |142      |510       |258      |10804      |
|3      |3845720|7797    |200      |262       |33       |10037      |
|4      |2331370|5909    |263      |470       |38       |9428       |
|5      |138964 |6358    |204      |340       |31       |8980       |
|6      |1535294|5353    |194      |332       |122      |8815       |
|7      |2818406|4708    |236      |409       |27       |7731       |
|8      |2560262|3235    |93       |397       |214      |7639       |
|9      |4443059|4343    |91       |285       |147      |7511       |
|10     |2032668|5909    |156      |158       |18       |7347       |
|11     |2338453|5086    |125      |255       |54       |7276       |
|12     |2453685|4443    |199      |324       |55       |7210       |
|13     |4211339|5196    |117      |256       |22       |7047       |
|14     |2279428|4250    |307      |280       |38       |6951       |
|15     |1583704|4422    |172      |316       |40       |6918       |
|16     |4649427|4747    |134      |241       |15       |6504       |
|17     |59883  |5325    |87       |109       |18       |6311       |
|18     |987143 |4774    |139      |157       |14       |6116       |
|19     |705557 |2892    |56       |268       |151      |5910       |
|20     |3520504|4081    |114      |194       |34       |5733       |
+-------+-------+--------+---------+----------+---------+-----------+
only showing top 20 rows

26/06/10 00:24:30 WARN WindowExec: No Partition Defined for Window operation! Moving all data to a single partition, this can cause serious performance degradation.
26/06/10 00:24:30 WARN WindowExec: No Partition Defined for Window operation! Moving all data to a single partition, this can cause serious performance degradation.
26/06/10 00:24:31 WARN SessionState: METASTORE_FILTER_HOOK will be ignored, since hive.security.authorization.manager is set to instance of HiveAuthorizerFactory.
26/06/10 00:24:32 WARN WindowExec: No Partition Defined for Window operation! Moving all data to a single partition, this can cause serious performance degradation.
26/06/10 00:24:32 WARN WindowExec: No Partition Defined for Window operation! Moving all data to a single partition, this can cause serious performance degradation.
[SUCCESS] 任务 4 完成！
  ✓ 任务4: TOP100热门商品 完成

[5/12] 任务5: TOP20热门类目
-------------------------------------------
26/06/10 00:24:34 WARN Utils: Your hostname, ubuntu resolves to a loopback address: 127.0.1.1; using 10.14.12.130 instead (on interface ens33)
26/06/10 00:24:34 WARN Utils: Set SPARK_LOCAL_IP if you need to bind to another address
26/06/10 00:24:35 INFO SparkContext: Running Spark version 3.5.0
26/06/10 00:24:35 INFO SparkContext: OS info Linux, 6.8.0-111-generic, amd64
26/06/10 00:24:35 INFO SparkContext: Java version 11.0.30
26/06/10 00:24:35 WARN NativeCodeLoader: Unable to load native-hadoop library for your platform... using builtin-java classes where applicable
26/06/10 00:24:36 INFO ResourceUtils: ==============================================================
26/06/10 00:24:36 INFO ResourceUtils: No custom resources configured for spark.driver.
26/06/10 00:24:36 INFO ResourceUtils: ==============================================================
26/06/10 00:24:36 INFO SparkContext: Submitted application: Analysis_05_TopCategories
26/06/10 00:24:36 INFO ResourceProfile: Default ResourceProfile created, executor resources: Map(cores -> name: cores, amount: 1, script: , vendor: , memory -> name: memory, amount: 4096, script: , vendor: , offHeap -> name: offHeap, amount: 0, script: , vendor: ), task resources: Map(cpus -> name: cpus, amount: 1.0)
26/06/10 00:24:36 INFO ResourceProfile: Limiting resource is cpu
26/06/10 00:24:36 INFO ResourceProfileManager: Added ResourceProfile id: 0
26/06/10 00:24:36 INFO SecurityManager: Changing view acls to: cty1576
26/06/10 00:24:36 INFO SecurityManager: Changing modify acls to: cty1576
26/06/10 00:24:36 INFO SecurityManager: Changing view acls groups to: 
26/06/10 00:24:36 INFO SecurityManager: Changing modify acls groups to: 
26/06/10 00:24:36 INFO SecurityManager: SecurityManager: authentication disabled; ui acls disabled; users with view permissions: cty1576; groups with view permissions: EMPTY; users with modify permissions: cty1576; groups with modify permissions: EMPTY
26/06/10 00:24:36 INFO Utils: Successfully started service 'sparkDriver' on port 42551.
26/06/10 00:24:36 INFO SparkEnv: Registering MapOutputTracker
26/06/10 00:24:36 INFO SparkEnv: Registering BlockManagerMaster
26/06/10 00:24:36 INFO BlockManagerMasterEndpoint: Using org.apache.spark.storage.DefaultTopologyMapper for getting topology information
26/06/10 00:24:36 INFO BlockManagerMasterEndpoint: BlockManagerMasterEndpoint up
26/06/10 00:24:36 INFO SparkEnv: Registering BlockManagerMasterHeartbeat
26/06/10 00:24:36 INFO DiskBlockManager: Created local directory at /tmp/blockmgr-bf93291c-8307-40c6-a8c9-b526d97bf3d4
26/06/10 00:24:36 INFO MemoryStore: MemoryStore started with capacity 2.2 GiB
26/06/10 00:24:36 INFO SparkEnv: Registering OutputCommitCoordinator
26/06/10 00:24:36 INFO JettyUtils: Start Jetty 0.0.0.0:4040 for SparkUI
26/06/10 00:24:36 INFO Utils: Successfully started service 'SparkUI' on port 4040.
26/06/10 00:24:37 INFO Executor: Starting executor ID driver on host 10.14.12.130
26/06/10 00:24:37 INFO Executor: OS info Linux, 6.8.0-111-generic, amd64
26/06/10 00:24:37 INFO Executor: Java version 11.0.30
26/06/10 00:24:37 INFO Executor: Starting executor with user classpath (userClassPathFirst = false): ''
26/06/10 00:24:37 INFO Executor: Created or updated repl class loader org.apache.spark.util.MutableURLClassLoader@73b65f0f for default.
26/06/10 00:24:37 INFO Utils: Successfully started service 'org.apache.spark.network.netty.NettyBlockTransferService' on port 37631.
26/06/10 00:24:37 INFO NettyBlockTransferService: Server created on 10.14.12.130:37631
26/06/10 00:24:37 INFO BlockManager: Using org.apache.spark.storage.RandomBlockReplicationPolicy for block replication policy
26/06/10 00:24:37 INFO BlockManagerMaster: Registering BlockManager BlockManagerId(driver, 10.14.12.130, 37631, None)
26/06/10 00:24:37 INFO BlockManagerMasterEndpoint: Registering block manager 10.14.12.130:37631 with 2.2 GiB RAM, BlockManagerId(driver, 10.14.12.130, 37631, None)
26/06/10 00:24:37 INFO BlockManagerMaster: Registered BlockManager BlockManagerId(driver, 10.14.12.130, 37631, None)
26/06/10 00:24:37 INFO BlockManager: Initialized BlockManager: BlockManagerId(driver, 10.14.12.130, 37631, None)
26/06/10 00:24:40 WARN HiveConf: HiveConf of name hive.metastore.event.db.notification.api.auth does not exist
============================================================
分析任务 5: TOP20 热门类目及转化率
============================================================
26/06/10 00:24:42 WARN WindowExec: No Partition Defined for Window operation! Moving all data to a single partition, this can cause serious performance degradation.
26/06/10 00:24:42 WARN WindowExec: No Partition Defined for Window operation! Moving all data to a single partition, this can cause serious performance degradation.
26/06/10 00:24:42 WARN WindowExec: No Partition Defined for Window operation! Moving all data to a single partition, this can cause serious performance degradation.
26/06/10 00:24:42 WARN WindowExec: No Partition Defined for Window operation! Moving all data to a single partition, this can cause serious performance degradation.
26/06/10 00:24:42 WARN WindowExec: No Partition Defined for Window operation! Moving all data to a single partition, this can cause serious performance degradation.
26/06/10 00:24:53 WARN WindowExec: No Partition Defined for Window operation! Moving all data to a single partition, this can cause serious performance degradation.
26/06/10 00:24:53 WARN WindowExec: No Partition Defined for Window operation! Moving all data to a single partition, this can cause serious performance degradation.
26/06/10 00:24:53 WARN WindowExec: No Partition Defined for Window operation! Moving all data to a single partition, this can cause serious performance degradation.
26/06/10 00:24:53 WARN WindowExec: No Partition Defined for Window operation! Moving all data to a single partition, this can cause serious performance degradation.
WARNING: An illegal reflective access operation has occurred
WARNING: Illegal reflective access by org.apache.spark.util.SizeEstimator$ (file:/opt/spark-3.5.0-bin-hadoop3/jars/spark-core_2.12-3.5.0.jar) to field java.math.BigDecimal.intVal
WARNING: Please consider reporting this to the maintainers of org.apache.spark.util.SizeEstimator$
WARNING: Use --illegal-access=warn to enable warnings of further illegal reflective access operations
WARNING: All illegal access operations will be denied in a future release
26/06/10 00:24:54 WARN WindowExec: No Partition Defined for Window operation! Moving all data to a single partition, this can cause serious performance degradation.
26/06/10 00:24:54 WARN WindowExec: No Partition Defined for Window operation! Moving all data to a single partition, this can cause serious performance degradation.
+-------+-----------+--------+---------+---------------+
|ranking|category_id|pv_count|buy_count|conversion_rate|
+-------+-----------+--------+---------+---------------+
|1      |4756105    |1369859 |8588     |0.6269         |
|2      |4145813    |957987  |9650     |1.0073         |
|3      |2355072    |942504  |3685     |0.3910         |
|4      |3607361    |885238  |3883     |0.4386         |
|5      |982926     |844666  |7460     |0.8832         |
|6      |2520377    |607148  |2987     |0.4920         |
|7      |4801426    |562879  |7990     |1.4195         |
|8      |1320293    |534990  |5088     |0.9510         |
|9      |2465336    |456828  |4198     |0.9189         |
|10     |3002561    |429431  |5061     |1.1785         |
|11     |2735466    |337509  |10217    |3.0272         |
|12     |4181361    |304068  |2627     |0.8640         |
|13     |149192     |299136  |3373     |1.1276         |
|14     |1080785    |288402  |1343     |0.4657         |
|15     |2885642    |286593  |9372     |3.2701         |
|16     |4217906    |277750  |4390     |1.5806         |
|17     |154040     |270107  |728      |0.2695         |
|18     |3738615    |251281  |2973     |1.1831         |
|19     |1879194    |230991  |4025     |1.7425         |
|20     |2640118    |217822  |5373     |2.4667         |
+-------+-----------+--------+---------+---------------+

26/06/10 00:24:56 WARN WindowExec: No Partition Defined for Window operation! Moving all data to a single partition, this can cause serious performance degradation.
26/06/10 00:24:56 WARN WindowExec: No Partition Defined for Window operation! Moving all data to a single partition, this can cause serious performance degradation.
26/06/10 00:24:57 WARN SessionState: METASTORE_FILTER_HOOK will be ignored, since hive.security.authorization.manager is set to instance of HiveAuthorizerFactory.
26/06/10 00:24:57 WARN WindowExec: No Partition Defined for Window operation! Moving all data to a single partition, this can cause serious performance degradation.
26/06/10 00:24:57 WARN WindowExec: No Partition Defined for Window operation! Moving all data to a single partition, this can cause serious performance degradation.
[SUCCESS] 任务 5 完成！
  ✓ 任务5: TOP20热门类目 完成

[6/12] 任务6: 工作日vs周末
-------------------------------------------
26/06/10 00:25:00 WARN Utils: Your hostname, ubuntu resolves to a loopback address: 127.0.1.1; using 10.14.12.130 instead (on interface ens33)
26/06/10 00:25:00 WARN Utils: Set SPARK_LOCAL_IP if you need to bind to another address
26/06/10 00:25:01 INFO SparkContext: Running Spark version 3.5.0
26/06/10 00:25:01 INFO SparkContext: OS info Linux, 6.8.0-111-generic, amd64
26/06/10 00:25:01 INFO SparkContext: Java version 11.0.30
26/06/10 00:25:01 WARN NativeCodeLoader: Unable to load native-hadoop library for your platform... using builtin-java classes where applicable
26/06/10 00:25:01 INFO ResourceUtils: ==============================================================
26/06/10 00:25:01 INFO ResourceUtils: No custom resources configured for spark.driver.
26/06/10 00:25:01 INFO ResourceUtils: ==============================================================
26/06/10 00:25:01 INFO SparkContext: Submitted application: Analysis_06_WeekdayWeekend
26/06/10 00:25:01 INFO ResourceProfile: Default ResourceProfile created, executor resources: Map(cores -> name: cores, amount: 1, script: , vendor: , memory -> name: memory, amount: 4096, script: , vendor: , offHeap -> name: offHeap, amount: 0, script: , vendor: ), task resources: Map(cpus -> name: cpus, amount: 1.0)
26/06/10 00:25:01 INFO ResourceProfile: Limiting resource is cpu
26/06/10 00:25:01 INFO ResourceProfileManager: Added ResourceProfile id: 0
26/06/10 00:25:01 INFO SecurityManager: Changing view acls to: cty1576
26/06/10 00:25:01 INFO SecurityManager: Changing modify acls to: cty1576
26/06/10 00:25:01 INFO SecurityManager: Changing view acls groups to: 
26/06/10 00:25:01 INFO SecurityManager: Changing modify acls groups to: 
26/06/10 00:25:01 INFO SecurityManager: SecurityManager: authentication disabled; ui acls disabled; users with view permissions: cty1576; groups with view permissions: EMPTY; users with modify permissions: cty1576; groups with modify permissions: EMPTY
26/06/10 00:25:02 INFO Utils: Successfully started service 'sparkDriver' on port 39587.
26/06/10 00:25:02 INFO SparkEnv: Registering MapOutputTracker
26/06/10 00:25:02 INFO SparkEnv: Registering BlockManagerMaster
26/06/10 00:25:02 INFO BlockManagerMasterEndpoint: Using org.apache.spark.storage.DefaultTopologyMapper for getting topology information
26/06/10 00:25:02 INFO BlockManagerMasterEndpoint: BlockManagerMasterEndpoint up
26/06/10 00:25:02 INFO SparkEnv: Registering BlockManagerMasterHeartbeat
26/06/10 00:25:02 INFO DiskBlockManager: Created local directory at /tmp/blockmgr-6665e374-7c40-4c93-85b3-ea04ce227027
26/06/10 00:25:02 INFO MemoryStore: MemoryStore started with capacity 2.2 GiB
26/06/10 00:25:02 INFO SparkEnv: Registering OutputCommitCoordinator
26/06/10 00:25:02 INFO JettyUtils: Start Jetty 0.0.0.0:4040 for SparkUI
26/06/10 00:25:02 INFO Utils: Successfully started service 'SparkUI' on port 4040.
26/06/10 00:25:02 INFO Executor: Starting executor ID driver on host 10.14.12.130
26/06/10 00:25:02 INFO Executor: OS info Linux, 6.8.0-111-generic, amd64
26/06/10 00:25:02 INFO Executor: Java version 11.0.30
26/06/10 00:25:02 INFO Executor: Starting executor with user classpath (userClassPathFirst = false): ''
26/06/10 00:25:02 INFO Executor: Created or updated repl class loader org.apache.spark.util.MutableURLClassLoader@4e749c0 for default.
26/06/10 00:25:02 INFO Utils: Successfully started service 'org.apache.spark.network.netty.NettyBlockTransferService' on port 35681.
26/06/10 00:25:02 INFO NettyBlockTransferService: Server created on 10.14.12.130:35681
26/06/10 00:25:02 INFO BlockManager: Using org.apache.spark.storage.RandomBlockReplicationPolicy for block replication policy
26/06/10 00:25:02 INFO BlockManagerMaster: Registering BlockManager BlockManagerId(driver, 10.14.12.130, 35681, None)
26/06/10 00:25:02 INFO BlockManagerMasterEndpoint: Registering block manager 10.14.12.130:35681 with 2.2 GiB RAM, BlockManagerId(driver, 10.14.12.130, 35681, None)
26/06/10 00:25:02 INFO BlockManagerMaster: Registered BlockManager BlockManagerId(driver, 10.14.12.130, 35681, None)
26/06/10 00:25:02 INFO BlockManager: Initialized BlockManager: BlockManagerId(driver, 10.14.12.130, 35681, None)
26/06/10 00:25:06 WARN HiveConf: HiveConf of name hive.metastore.event.db.notification.api.auth does not exist
============================================================
分析任务 6: 工作日 vs 周末行为对比
============================================================
WARNING: An illegal reflective access operation has occurred
WARNING: Illegal reflective access by org.apache.spark.util.SizeEstimator$ (file:/opt/spark-3.5.0-bin-hadoop3/jars/spark-core_2.12-3.5.0.jar) to field java.math.BigDecimal.intVal
WARNING: Please consider reporting this to the maintainers of org.apache.spark.util.SizeEstimator$
WARNING: Use --illegal-access=warn to enable warnings of further illegal reflective access operations
WARNING: All illegal access operations will be denied in a future release
+--------+--------+-----------+----------+------------+
|day_type|behavior|total_count|user_count|avg_per_user|
+--------+--------+-----------+----------+------------+
|weekday |buy     |325808     |143631    |2.27        |
|weekday |cart    |849084     |176847    |4.80        |
|weekday |fav     |448106     |88728     |5.05        |
|weekday |pv      |13825156   |290273    |47.63       |
|weekend |buy     |275043     |134035    |2.05        |
|weekend |cart    |817796     |183964    |4.45        |
|weekend |fav     |422745     |90089     |4.69        |
|weekend |pv      |13019944   |293802    |44.32       |
+--------+--------+-----------+----------+------------+

26/06/10 00:25:33 WARN SessionState: METASTORE_FILTER_HOOK will be ignored, since hive.security.authorization.manager is set to instance of HiveAuthorizerFactory.
[SUCCESS] 任务 6 完成！
  ✓ 任务6: 工作日vs周末 完成

[7/12] 任务7: 用户留存分析
-------------------------------------------
26/06/10 00:25:36 WARN Utils: Your hostname, ubuntu resolves to a loopback address: 127.0.1.1; using 10.14.12.130 instead (on interface ens33)
26/06/10 00:25:36 WARN Utils: Set SPARK_LOCAL_IP if you need to bind to another address
26/06/10 00:25:37 INFO SparkContext: Running Spark version 3.5.0
26/06/10 00:25:37 INFO SparkContext: OS info Linux, 6.8.0-111-generic, amd64
26/06/10 00:25:37 INFO SparkContext: Java version 11.0.30
26/06/10 00:25:37 WARN NativeCodeLoader: Unable to load native-hadoop library for your platform... using builtin-java classes where applicable
26/06/10 00:25:37 INFO ResourceUtils: ==============================================================
26/06/10 00:25:37 INFO ResourceUtils: No custom resources configured for spark.driver.
26/06/10 00:25:37 INFO ResourceUtils: ==============================================================
26/06/10 00:25:37 INFO SparkContext: Submitted application: Analysis_07_Retention
26/06/10 00:25:37 INFO ResourceProfile: Default ResourceProfile created, executor resources: Map(cores -> name: cores, amount: 1, script: , vendor: , memory -> name: memory, amount: 4096, script: , vendor: , offHeap -> name: offHeap, amount: 0, script: , vendor: ), task resources: Map(cpus -> name: cpus, amount: 1.0)
26/06/10 00:25:37 INFO ResourceProfile: Limiting resource is cpu
26/06/10 00:25:37 INFO ResourceProfileManager: Added ResourceProfile id: 0
26/06/10 00:25:37 INFO SecurityManager: Changing view acls to: cty1576
26/06/10 00:25:37 INFO SecurityManager: Changing modify acls to: cty1576
26/06/10 00:25:37 INFO SecurityManager: Changing view acls groups to: 
26/06/10 00:25:37 INFO SecurityManager: Changing modify acls groups to: 
26/06/10 00:25:37 INFO SecurityManager: SecurityManager: authentication disabled; ui acls disabled; users with view permissions: cty1576; groups with view permissions: EMPTY; users with modify permissions: cty1576; groups with modify permissions: EMPTY
26/06/10 00:25:38 INFO Utils: Successfully started service 'sparkDriver' on port 42369.
26/06/10 00:25:38 INFO SparkEnv: Registering MapOutputTracker
26/06/10 00:25:38 INFO SparkEnv: Registering BlockManagerMaster
26/06/10 00:25:38 INFO BlockManagerMasterEndpoint: Using org.apache.spark.storage.DefaultTopologyMapper for getting topology information
26/06/10 00:25:38 INFO BlockManagerMasterEndpoint: BlockManagerMasterEndpoint up
26/06/10 00:25:38 INFO SparkEnv: Registering BlockManagerMasterHeartbeat
26/06/10 00:25:38 INFO DiskBlockManager: Created local directory at /tmp/blockmgr-41c7910d-39bb-44de-b7fe-fdedbf947f3b
26/06/10 00:25:38 INFO MemoryStore: MemoryStore started with capacity 2.2 GiB
26/06/10 00:25:38 INFO SparkEnv: Registering OutputCommitCoordinator
26/06/10 00:25:38 INFO JettyUtils: Start Jetty 0.0.0.0:4040 for SparkUI
26/06/10 00:25:38 INFO Utils: Successfully started service 'SparkUI' on port 4040.
26/06/10 00:25:38 INFO Executor: Starting executor ID driver on host 10.14.12.130
26/06/10 00:25:38 INFO Executor: OS info Linux, 6.8.0-111-generic, amd64
26/06/10 00:25:38 INFO Executor: Java version 11.0.30
26/06/10 00:25:38 INFO Executor: Starting executor with user classpath (userClassPathFirst = false): ''
26/06/10 00:25:38 INFO Executor: Created or updated repl class loader org.apache.spark.util.MutableURLClassLoader@4f893a62 for default.
26/06/10 00:25:38 INFO Utils: Successfully started service 'org.apache.spark.network.netty.NettyBlockTransferService' on port 35901.
26/06/10 00:25:38 INFO NettyBlockTransferService: Server created on 10.14.12.130:35901
26/06/10 00:25:38 INFO BlockManager: Using org.apache.spark.storage.RandomBlockReplicationPolicy for block replication policy
26/06/10 00:25:38 INFO BlockManagerMaster: Registering BlockManager BlockManagerId(driver, 10.14.12.130, 35901, None)
26/06/10 00:25:38 INFO BlockManagerMasterEndpoint: Registering block manager 10.14.12.130:35901 with 2.2 GiB RAM, BlockManagerId(driver, 10.14.12.130, 35901, None)
26/06/10 00:25:38 INFO BlockManagerMaster: Registered BlockManager BlockManagerId(driver, 10.14.12.130, 35901, None)
26/06/10 00:25:38 INFO BlockManager: Initialized BlockManager: BlockManagerId(driver, 10.14.12.130, 35901, None)
26/06/10 00:25:42 WARN HiveConf: HiveConf of name hive.metastore.event.db.notification.api.auth does not exist
============================================================
分析任务 7: 用户留存分析
============================================================
WARNING: An illegal reflective access operation has occurred
WARNING: Illegal reflective access by org.apache.spark.util.SizeEstimator$ (file:/opt/spark-3.5.0-bin-hadoop3/jars/spark-core_2.12-3.5.0.jar) to field java.math.BigDecimal.intVal
WARNING: Please consider reporting this to the maintainers of org.apache.spark.util.SizeEstimator$
WARNING: Use --illegal-access=warn to enable warnings of further illegal reflective access operations
WARNING: All illegal access operations will be denied in a future release
+----------+---------+-----+-----+-----+
|first_date|new_users|day_1|day_2|day_3|
+----------+---------+-----+-----+-----+
|2017-11-25|211008   |78.76|76.79|75.95|
|2017-11-26|47649    |65.07|64.49|65.88|
|2017-11-27|19230    |61.13|62.37|64.76|
|2017-11-28|9390     |62.11|63.17|66.70|
|2017-11-29|5351     |69.39|72.06|96.47|
|2017-11-30|2871     |94.60|95.92|95.26|
|2017-12-01|67       |92.54|95.52|0.00 |
|2017-12-02|9        |77.78|0.00 |0.00 |
+----------+---------+-----+-----+-----+

26/06/10 00:26:25 WARN SessionState: METASTORE_FILTER_HOOK will be ignored, since hive.security.authorization.manager is set to instance of HiveAuthorizerFactory.
[SUCCESS] 任务 7 完成！
  ✓ 任务7: 用户留存分析 完成

[8/12] 任务8: RFM用户分群
-------------------------------------------
26/06/10 00:26:28 WARN Utils: Your hostname, ubuntu resolves to a loopback address: 127.0.1.1; using 10.14.12.130 instead (on interface ens33)
26/06/10 00:26:28 WARN Utils: Set SPARK_LOCAL_IP if you need to bind to another address
26/06/10 00:26:29 INFO SparkContext: Running Spark version 3.5.0
26/06/10 00:26:29 INFO SparkContext: OS info Linux, 6.8.0-111-generic, amd64
26/06/10 00:26:29 INFO SparkContext: Java version 11.0.30
26/06/10 00:26:29 WARN NativeCodeLoader: Unable to load native-hadoop library for your platform... using builtin-java classes where applicable
26/06/10 00:26:29 INFO ResourceUtils: ==============================================================
26/06/10 00:26:29 INFO ResourceUtils: No custom resources configured for spark.driver.
26/06/10 00:26:29 INFO ResourceUtils: ==============================================================
26/06/10 00:26:29 INFO SparkContext: Submitted application: Analysis_08_RFM
26/06/10 00:26:29 INFO ResourceProfile: Default ResourceProfile created, executor resources: Map(cores -> name: cores, amount: 1, script: , vendor: , memory -> name: memory, amount: 4096, script: , vendor: , offHeap -> name: offHeap, amount: 0, script: , vendor: ), task resources: Map(cpus -> name: cpus, amount: 1.0)
26/06/10 00:26:29 INFO ResourceProfile: Limiting resource is cpu
26/06/10 00:26:29 INFO ResourceProfileManager: Added ResourceProfile id: 0
26/06/10 00:26:29 INFO SecurityManager: Changing view acls to: cty1576
26/06/10 00:26:29 INFO SecurityManager: Changing modify acls to: cty1576
26/06/10 00:26:29 INFO SecurityManager: Changing view acls groups to: 
26/06/10 00:26:29 INFO SecurityManager: Changing modify acls groups to: 
26/06/10 00:26:29 INFO SecurityManager: SecurityManager: authentication disabled; ui acls disabled; users with view permissions: cty1576; groups with view permissions: EMPTY; users with modify permissions: cty1576; groups with modify permissions: EMPTY
26/06/10 00:26:29 INFO Utils: Successfully started service 'sparkDriver' on port 40407.
26/06/10 00:26:29 INFO SparkEnv: Registering MapOutputTracker
26/06/10 00:26:29 INFO SparkEnv: Registering BlockManagerMaster
26/06/10 00:26:29 INFO BlockManagerMasterEndpoint: Using org.apache.spark.storage.DefaultTopologyMapper for getting topology information
26/06/10 00:26:29 INFO BlockManagerMasterEndpoint: BlockManagerMasterEndpoint up
26/06/10 00:26:29 INFO SparkEnv: Registering BlockManagerMasterHeartbeat
26/06/10 00:26:30 INFO DiskBlockManager: Created local directory at /tmp/blockmgr-c49f0243-1a2f-410e-a02d-279eb5762dca
26/06/10 00:26:30 INFO MemoryStore: MemoryStore started with capacity 2.2 GiB
26/06/10 00:26:30 INFO SparkEnv: Registering OutputCommitCoordinator
26/06/10 00:26:30 INFO JettyUtils: Start Jetty 0.0.0.0:4040 for SparkUI
26/06/10 00:26:30 INFO Utils: Successfully started service 'SparkUI' on port 4040.
26/06/10 00:26:30 INFO Executor: Starting executor ID driver on host 10.14.12.130
26/06/10 00:26:30 INFO Executor: OS info Linux, 6.8.0-111-generic, amd64
26/06/10 00:26:30 INFO Executor: Java version 11.0.30
26/06/10 00:26:30 INFO Executor: Starting executor with user classpath (userClassPathFirst = false): ''
26/06/10 00:26:30 INFO Executor: Created or updated repl class loader org.apache.spark.util.MutableURLClassLoader@4b2822c0 for default.
26/06/10 00:26:30 INFO Utils: Successfully started service 'org.apache.spark.network.netty.NettyBlockTransferService' on port 32803.
26/06/10 00:26:30 INFO NettyBlockTransferService: Server created on 10.14.12.130:32803
26/06/10 00:26:30 INFO BlockManager: Using org.apache.spark.storage.RandomBlockReplicationPolicy for block replication policy
26/06/10 00:26:30 INFO BlockManagerMaster: Registering BlockManager BlockManagerId(driver, 10.14.12.130, 32803, None)
26/06/10 00:26:30 INFO BlockManagerMasterEndpoint: Registering block manager 10.14.12.130:32803 with 2.2 GiB RAM, BlockManagerId(driver, 10.14.12.130, 32803, None)
26/06/10 00:26:30 INFO BlockManagerMaster: Registered BlockManager BlockManagerId(driver, 10.14.12.130, 32803, None)
26/06/10 00:26:30 INFO BlockManager: Initialized BlockManager: BlockManagerId(driver, 10.14.12.130, 32803, None)
26/06/10 00:26:34 WARN HiveConf: HiveConf of name hive.metastore.event.db.notification.api.auth does not exist
============================================================
分析任务 8: RFM 用户分群
============================================================
WARNING: An illegal reflective access operation has occurred
WARNING: Illegal reflective access by org.apache.spark.util.SizeEstimator$ (file:/opt/spark-3.5.0-bin-hadoop3/jars/spark-core_2.12-3.5.0.jar) to field java.math.BigDecimal.intVal
WARNING: Please consider reporting this to the maintainers of org.apache.spark.util.SizeEstimator$
WARNING: Use --illegal-access=warn to enable warnings of further illegal reflective access operations
WARNING: All illegal access operations will be denied in a future release
[INFO] 参与 RFM 分析的购买用户数: 200,853
[INFO] RFM 中位数 - R: 2, F: 2, M: 3.8
26/06/10 00:26:58 WARN SessionState: METASTORE_FILTER_HOOK will be ignored, since hive.security.authorization.manager is set to instance of HiveAuthorizerFactory.
+------------+----------+-----------+-------------+------------+
|segment     |user_count|avg_recency|avg_frequency|avg_monetary|
+------------+----------+-----------+-------------+------------+
|重要价值客户|79620     |1.26       |5.0          |7.94        |
|一般发展客户|35410     |1.79       |1.0          |1.75        |
|一般价值客户|33652     |1.45       |2.3          |2.72        |
|一般挽留客户|21980     |6.49       |1.0          |1.78        |
|重要保持客户|11063     |5.93       |3.52         |6.79        |
|一般保持客户|8025      |6.09       |2.19         |2.66        |
|重要发展客户|6421      |1.93       |1.0          |6.02        |
|重要挽留客户|4682      |6.44       |1.0          |6.04        |
+------------+----------+-----------+-------------+------------+

[SUCCESS] 任务 8 完成！
  ✓ 任务8: RFM用户分群 完成

[9/12] 任务9: 用户行为路径
-------------------------------------------
26/06/10 00:27:04 WARN Utils: Your hostname, ubuntu resolves to a loopback address: 127.0.1.1; using 10.14.12.130 instead (on interface ens33)
26/06/10 00:27:04 WARN Utils: Set SPARK_LOCAL_IP if you need to bind to another address
26/06/10 00:27:05 INFO SparkContext: Running Spark version 3.5.0
26/06/10 00:27:05 INFO SparkContext: OS info Linux, 6.8.0-111-generic, amd64
26/06/10 00:27:05 INFO SparkContext: Java version 11.0.30
26/06/10 00:27:05 WARN NativeCodeLoader: Unable to load native-hadoop library for your platform... using builtin-java classes where applicable
26/06/10 00:27:05 INFO ResourceUtils: ==============================================================
26/06/10 00:27:05 INFO ResourceUtils: No custom resources configured for spark.driver.
26/06/10 00:27:05 INFO ResourceUtils: ==============================================================
26/06/10 00:27:05 INFO SparkContext: Submitted application: Analysis_09_UserPath
26/06/10 00:27:05 INFO ResourceProfile: Default ResourceProfile created, executor resources: Map(cores -> name: cores, amount: 1, script: , vendor: , memory -> name: memory, amount: 4096, script: , vendor: , offHeap -> name: offHeap, amount: 0, script: , vendor: ), task resources: Map(cpus -> name: cpus, amount: 1.0)
26/06/10 00:27:05 INFO ResourceProfile: Limiting resource is cpu
26/06/10 00:27:05 INFO ResourceProfileManager: Added ResourceProfile id: 0
26/06/10 00:27:05 INFO SecurityManager: Changing view acls to: cty1576
26/06/10 00:27:05 INFO SecurityManager: Changing modify acls to: cty1576
26/06/10 00:27:05 INFO SecurityManager: Changing view acls groups to: 
26/06/10 00:27:05 INFO SecurityManager: Changing modify acls groups to: 
26/06/10 00:27:05 INFO SecurityManager: SecurityManager: authentication disabled; ui acls disabled; users with view permissions: cty1576; groups with view permissions: EMPTY; users with modify permissions: cty1576; groups with modify permissions: EMPTY
26/06/10 00:27:05 INFO Utils: Successfully started service 'sparkDriver' on port 33279.
26/06/10 00:27:05 INFO SparkEnv: Registering MapOutputTracker
26/06/10 00:27:05 INFO SparkEnv: Registering BlockManagerMaster
26/06/10 00:27:05 INFO BlockManagerMasterEndpoint: Using org.apache.spark.storage.DefaultTopologyMapper for getting topology information
26/06/10 00:27:05 INFO BlockManagerMasterEndpoint: BlockManagerMasterEndpoint up
26/06/10 00:27:05 INFO SparkEnv: Registering BlockManagerMasterHeartbeat
26/06/10 00:27:05 INFO DiskBlockManager: Created local directory at /tmp/blockmgr-b700b518-2d00-4119-b3c8-c230933ede6c
26/06/10 00:27:05 INFO MemoryStore: MemoryStore started with capacity 2.2 GiB
26/06/10 00:27:05 INFO SparkEnv: Registering OutputCommitCoordinator
26/06/10 00:27:06 INFO JettyUtils: Start Jetty 0.0.0.0:4040 for SparkUI
26/06/10 00:27:06 INFO Utils: Successfully started service 'SparkUI' on port 4040.
26/06/10 00:27:06 INFO Executor: Starting executor ID driver on host 10.14.12.130
26/06/10 00:27:06 INFO Executor: OS info Linux, 6.8.0-111-generic, amd64
26/06/10 00:27:06 INFO Executor: Java version 11.0.30
26/06/10 00:27:06 INFO Executor: Starting executor with user classpath (userClassPathFirst = false): ''
26/06/10 00:27:06 INFO Executor: Created or updated repl class loader org.apache.spark.util.MutableURLClassLoader@22946723 for default.
26/06/10 00:27:06 INFO Utils: Successfully started service 'org.apache.spark.network.netty.NettyBlockTransferService' on port 43405.
26/06/10 00:27:06 INFO NettyBlockTransferService: Server created on 10.14.12.130:43405
26/06/10 00:27:06 INFO BlockManager: Using org.apache.spark.storage.RandomBlockReplicationPolicy for block replication policy
26/06/10 00:27:06 INFO BlockManagerMaster: Registering BlockManager BlockManagerId(driver, 10.14.12.130, 43405, None)
26/06/10 00:27:06 INFO BlockManagerMasterEndpoint: Registering block manager 10.14.12.130:43405 with 2.2 GiB RAM, BlockManagerId(driver, 10.14.12.130, 43405, None)
26/06/10 00:27:06 INFO BlockManagerMaster: Registered BlockManager BlockManagerId(driver, 10.14.12.130, 43405, None)
26/06/10 00:27:06 INFO BlockManager: Initialized BlockManager: BlockManagerId(driver, 10.14.12.130, 43405, None)
26/06/10 00:27:10 WARN HiveConf: HiveConf of name hive.metastore.event.db.notification.api.auth does not exist
============================================================
分析任务 9: 用户行为路径分析
============================================================
WARNING: An illegal reflective access operation has occurred
WARNING: Illegal reflective access by org.apache.spark.util.SizeEstimator$ (file:/opt/spark-3.5.0-bin-hadoop3/jars/spark-core_2.12-3.5.0.jar) to field java.math.BigDecimal.intVal
WARNING: Please consider reporting this to the maintainers of org.apache.spark.util.SizeEstimator$
WARNING: Use --illegal-access=warn to enable warnings of further illegal reflective access operations
WARNING: All illegal access operations will be denied in a future release
+-------------+-----------+----------+----------+
|from_behavior|to_behavior|path_count|path_ratio|
+-------------+-----------+----------+----------+
|buy          |pv         |432549    |74.00     |
|buy          |buy        |106921    |18.29     |
|buy          |cart       |31217     |5.34      |
|buy          |fav        |13812     |2.36      |
|cart         |pv         |1303512   |79.27     |
|cart         |cart       |292360    |17.78     |
|cart         |buy        |26231     |1.60      |
|cart         |fav        |22359     |1.36      |
|fav          |pv         |659779    |76.47     |
|fav          |fav        |172352    |19.98     |
|fav          |cart       |21167     |2.45      |
|fav          |buy        |9467      |1.10      |
|pv           |pv         |24191950  |90.96     |
|pv           |cart       |1303702   |4.90      |
|pv           |fav        |653262    |2.46      |
|pv           |buy        |447467    |1.68      |
+-------------+-----------+----------+----------+

26/06/10 00:27:51 WARN SessionState: METASTORE_FILTER_HOOK will be ignored, since hive.security.authorization.manager is set to instance of HiveAuthorizerFactory.
[SUCCESS] 任务 9 完成！
  ✓ 任务9: 用户行为路径 完成

[10/12] 任务10: 24h×7d 行为热力图
-------------------------------------------
26/06/10 00:27:55 WARN Utils: Your hostname, ubuntu resolves to a loopback address: 127.0.1.1; using 10.14.12.130 instead (on interface ens33)
26/06/10 00:27:55 WARN Utils: Set SPARK_LOCAL_IP if you need to bind to another address
26/06/10 00:27:56 INFO SparkContext: Running Spark version 3.5.0
26/06/10 00:27:56 INFO SparkContext: OS info Linux, 6.8.0-111-generic, amd64
26/06/10 00:27:56 INFO SparkContext: Java version 11.0.30
26/06/10 00:27:56 WARN NativeCodeLoader: Unable to load native-hadoop library for your platform... using builtin-java classes where applicable
26/06/10 00:27:56 INFO ResourceUtils: ==============================================================
26/06/10 00:27:56 INFO ResourceUtils: No custom resources configured for spark.driver.
26/06/10 00:27:56 INFO ResourceUtils: ==============================================================
26/06/10 00:27:56 INFO SparkContext: Submitted application: Analysis_10_HeatmapHourDow
26/06/10 00:27:56 INFO ResourceProfile: Default ResourceProfile created, executor resources: Map(cores -> name: cores, amount: 1, script: , vendor: , memory -> name: memory, amount: 4096, script: , vendor: , offHeap -> name: offHeap, amount: 0, script: , vendor: ), task resources: Map(cpus -> name: cpus, amount: 1.0)
26/06/10 00:27:56 INFO ResourceProfile: Limiting resource is cpu
26/06/10 00:27:56 INFO ResourceProfileManager: Added ResourceProfile id: 0
26/06/10 00:27:56 INFO SecurityManager: Changing view acls to: cty1576
26/06/10 00:27:56 INFO SecurityManager: Changing modify acls to: cty1576
26/06/10 00:27:56 INFO SecurityManager: Changing view acls groups to: 
26/06/10 00:27:56 INFO SecurityManager: Changing modify acls groups to: 
26/06/10 00:27:56 INFO SecurityManager: SecurityManager: authentication disabled; ui acls disabled; users with view permissions: cty1576; groups with view permissions: EMPTY; users with modify permissions: cty1576; groups with modify permissions: EMPTY
26/06/10 00:27:56 INFO Utils: Successfully started service 'sparkDriver' on port 38671.
26/06/10 00:27:56 INFO SparkEnv: Registering MapOutputTracker
26/06/10 00:27:56 INFO SparkEnv: Registering BlockManagerMaster
26/06/10 00:27:56 INFO BlockManagerMasterEndpoint: Using org.apache.spark.storage.DefaultTopologyMapper for getting topology information
26/06/10 00:27:56 INFO BlockManagerMasterEndpoint: BlockManagerMasterEndpoint up
26/06/10 00:27:57 INFO SparkEnv: Registering BlockManagerMasterHeartbeat
26/06/10 00:27:57 INFO DiskBlockManager: Created local directory at /tmp/blockmgr-d0a7eed6-9a3d-4750-a783-8a951cc1821a
26/06/10 00:27:57 INFO MemoryStore: MemoryStore started with capacity 2.2 GiB
26/06/10 00:27:57 INFO SparkEnv: Registering OutputCommitCoordinator
26/06/10 00:27:57 INFO JettyUtils: Start Jetty 0.0.0.0:4040 for SparkUI
26/06/10 00:27:57 INFO Utils: Successfully started service 'SparkUI' on port 4040.
26/06/10 00:27:57 INFO Executor: Starting executor ID driver on host 10.14.12.130
26/06/10 00:27:57 INFO Executor: OS info Linux, 6.8.0-111-generic, amd64
26/06/10 00:27:57 INFO Executor: Java version 11.0.30
26/06/10 00:27:57 INFO Executor: Starting executor with user classpath (userClassPathFirst = false): ''
26/06/10 00:27:57 INFO Executor: Created or updated repl class loader org.apache.spark.util.MutableURLClassLoader@50d44267 for default.
26/06/10 00:27:57 INFO Utils: Successfully started service 'org.apache.spark.network.netty.NettyBlockTransferService' on port 35189.
26/06/10 00:27:57 INFO NettyBlockTransferService: Server created on 10.14.12.130:35189
26/06/10 00:27:57 INFO BlockManager: Using org.apache.spark.storage.RandomBlockReplicationPolicy for block replication policy
26/06/10 00:27:57 INFO BlockManagerMaster: Registering BlockManager BlockManagerId(driver, 10.14.12.130, 35189, None)
26/06/10 00:27:57 INFO BlockManagerMasterEndpoint: Registering block manager 10.14.12.130:35189 with 2.2 GiB RAM, BlockManagerId(driver, 10.14.12.130, 35189, None)
26/06/10 00:27:57 INFO BlockManagerMaster: Registered BlockManager BlockManagerId(driver, 10.14.12.130, 35189, None)
26/06/10 00:27:57 INFO BlockManager: Initialized BlockManager: BlockManagerId(driver, 10.14.12.130, 35189, None)
26/06/10 00:28:01 WARN HiveConf: HiveConf of name hive.metastore.event.db.notification.api.auth does not exist
============================================================
分析任务 10: 24h × 7d 行为热力图
============================================================
+-----------+----------+--------+---------+------------+
|day_of_week|event_hour|pv_count|buy_count|active_users|
+-----------+----------+--------+---------+------------+
|1          |0         |281425  |3900     |39154       |
|1          |1         |131473  |1778     |18867       |
|1          |2         |70129   |879      |10239       |
|1          |3         |43829   |625      |6558        |
|1          |4         |37348   |416      |5759        |
|1          |5         |44439   |511      |7463        |
|1          |6         |90850   |1029     |16308       |
|1          |7         |191227  |2541     |34541       |
|1          |8         |262318  |4418     |48765       |
|1          |9         |305448  |6454     |58021       |
|1          |10        |351406  |8686     |66907       |
|1          |11        |347767  |8424     |68285       |
|1          |12        |329637  |7851     |65981       |
|1          |13        |359428  |8156     |68467       |
|1          |14        |372166  |8464     |68805       |
|1          |15        |385406  |8527     |69526       |
|1          |16        |385838  |8395     |70060       |
|1          |17        |348633  |7255     |67030       |
|1          |18        |350197  |6818     |66371       |
|1          |19        |433919  |8020     |74441       |
|1          |20        |524541  |9257     |83042       |
|1          |21        |605918  |10001    |89210       |
|1          |22        |592856  |9381     |83018       |
|1          |23        |439984  |6651     |59820       |
|2          |0         |110119  |3473     |16763       |
|2          |1         |47742   |827      |7216        |
|2          |2         |25290   |430      |3844        |
|2          |3         |17559   |220      |2709        |
|2          |4         |14495   |207      |2393        |
|2          |5         |19408   |290      |3731        |
|2          |6         |42893   |795      |9499        |
|2          |7         |71934   |1350     |16517       |
|2          |8         |99057   |2178     |22212       |
|2          |9         |127697  |3406     |27717       |
|2          |10        |151432  |4258     |32244       |
|2          |11        |144156  |3960     |32149       |
|2          |12        |153070  |4018     |34544       |
|2          |13        |165280  |4180     |34937       |
|2          |14        |159405  |4043     |32947       |
|2          |15        |159375  |3854     |32839       |
|2          |16        |149025  |3579     |31874       |
|2          |17        |136654  |3150     |30503       |
|2          |18        |141190  |3043     |30847       |
|2          |19        |180050  |3584     |35230       |
|2          |20        |219442  |4269     |40364       |
|2          |21        |254838  |4600     |43649       |
|2          |22        |250386  |4501     |41330       |
|2          |23        |180065  |2965     |28916       |
|3          |0         |93216   |1488     |14948       |
|3          |1         |41304   |685      |6583        |
+-----------+----------+--------+---------+------------+
only showing top 50 rows

26/06/10 00:28:33 WARN SessionState: METASTORE_FILTER_HOOK will be ignored, since hive.security.authorization.manager is set to instance of HiveAuthorizerFactory.
[SUCCESS] 任务 10 完成！
  ✓ 任务10: 24h×7d 行为热力图 完成

[11/12] 任务11: 用户复购率分布
-------------------------------------------
26/06/10 00:28:37 WARN Utils: Your hostname, ubuntu resolves to a loopback address: 127.0.1.1; using 10.14.12.130 instead (on interface ens33)
26/06/10 00:28:37 WARN Utils: Set SPARK_LOCAL_IP if you need to bind to another address
26/06/10 00:28:38 INFO SparkContext: Running Spark version 3.5.0
26/06/10 00:28:38 INFO SparkContext: OS info Linux, 6.8.0-111-generic, amd64
26/06/10 00:28:38 INFO SparkContext: Java version 11.0.30
26/06/10 00:28:38 WARN NativeCodeLoader: Unable to load native-hadoop library for your platform... using builtin-java classes where applicable
26/06/10 00:28:38 INFO ResourceUtils: ==============================================================
26/06/10 00:28:38 INFO ResourceUtils: No custom resources configured for spark.driver.
26/06/10 00:28:38 INFO ResourceUtils: ==============================================================
26/06/10 00:28:38 INFO SparkContext: Submitted application: Analysis_11_Repurchase
26/06/10 00:28:38 INFO ResourceProfile: Default ResourceProfile created, executor resources: Map(cores -> name: cores, amount: 1, script: , vendor: , memory -> name: memory, amount: 4096, script: , vendor: , offHeap -> name: offHeap, amount: 0, script: , vendor: ), task resources: Map(cpus -> name: cpus, amount: 1.0)
26/06/10 00:28:38 INFO ResourceProfile: Limiting resource is cpu
26/06/10 00:28:38 INFO ResourceProfileManager: Added ResourceProfile id: 0
26/06/10 00:28:38 INFO SecurityManager: Changing view acls to: cty1576
26/06/10 00:28:38 INFO SecurityManager: Changing modify acls to: cty1576
26/06/10 00:28:38 INFO SecurityManager: Changing view acls groups to: 
26/06/10 00:28:38 INFO SecurityManager: Changing modify acls groups to: 
26/06/10 00:28:38 INFO SecurityManager: SecurityManager: authentication disabled; ui acls disabled; users with view permissions: cty1576; groups with view permissions: EMPTY; users with modify permissions: cty1576; groups with modify permissions: EMPTY
26/06/10 00:28:38 INFO Utils: Successfully started service 'sparkDriver' on port 41029.
26/06/10 00:28:38 INFO SparkEnv: Registering MapOutputTracker
26/06/10 00:28:38 INFO SparkEnv: Registering BlockManagerMaster
26/06/10 00:28:38 INFO BlockManagerMasterEndpoint: Using org.apache.spark.storage.DefaultTopologyMapper for getting topology information
26/06/10 00:28:38 INFO BlockManagerMasterEndpoint: BlockManagerMasterEndpoint up
26/06/10 00:28:38 INFO SparkEnv: Registering BlockManagerMasterHeartbeat
26/06/10 00:28:39 INFO DiskBlockManager: Created local directory at /tmp/blockmgr-baa8a59d-2dca-4afe-88f0-73ecc2e506a9
26/06/10 00:28:39 INFO MemoryStore: MemoryStore started with capacity 2.2 GiB
26/06/10 00:28:39 INFO SparkEnv: Registering OutputCommitCoordinator
26/06/10 00:28:39 INFO JettyUtils: Start Jetty 0.0.0.0:4040 for SparkUI
26/06/10 00:28:39 INFO Utils: Successfully started service 'SparkUI' on port 4040.
26/06/10 00:28:39 INFO Executor: Starting executor ID driver on host 10.14.12.130
26/06/10 00:28:39 INFO Executor: OS info Linux, 6.8.0-111-generic, amd64
26/06/10 00:28:39 INFO Executor: Java version 11.0.30
26/06/10 00:28:39 INFO Executor: Starting executor with user classpath (userClassPathFirst = false): ''
26/06/10 00:28:39 INFO Executor: Created or updated repl class loader org.apache.spark.util.MutableURLClassLoader@4c480deb for default.
26/06/10 00:28:39 INFO Utils: Successfully started service 'org.apache.spark.network.netty.NettyBlockTransferService' on port 44599.
26/06/10 00:28:39 INFO NettyBlockTransferService: Server created on 10.14.12.130:44599
26/06/10 00:28:39 INFO BlockManager: Using org.apache.spark.storage.RandomBlockReplicationPolicy for block replication policy
26/06/10 00:28:39 INFO BlockManagerMaster: Registering BlockManager BlockManagerId(driver, 10.14.12.130, 44599, None)
26/06/10 00:28:39 INFO BlockManagerMasterEndpoint: Registering block manager 10.14.12.130:44599 with 2.2 GiB RAM, BlockManagerId(driver, 10.14.12.130, 44599, None)
26/06/10 00:28:39 INFO BlockManagerMaster: Registered BlockManager BlockManagerId(driver, 10.14.12.130, 44599, None)
26/06/10 00:28:39 INFO BlockManager: Initialized BlockManager: BlockManagerId(driver, 10.14.12.130, 44599, None)
26/06/10 00:28:43 WARN HiveConf: HiveConf of name hive.metastore.event.db.notification.api.auth does not exist
============================================================
分析任务 11: 用户复购率分布
============================================================
26/06/10 00:28:45 WARN WindowExec: No Partition Defined for Window operation! Moving all data to a single partition, this can cause serious performance degradation.
26/06/10 00:28:45 WARN WindowExec: No Partition Defined for Window operation! Moving all data to a single partition, this can cause serious performance degradation.
26/06/10 00:28:45 WARN WindowExec: No Partition Defined for Window operation! Moving all data to a single partition, this can cause serious performance degradation.
26/06/10 00:28:45 WARN WindowExec: No Partition Defined for Window operation! Moving all data to a single partition, this can cause serious performance degradation.
26/06/10 00:29:02 WARN WindowExec: No Partition Defined for Window operation! Moving all data to a single partition, this can cause serious performance degradation.
26/06/10 00:29:02 WARN WindowExec: No Partition Defined for Window operation! Moving all data to a single partition, this can cause serious performance degradation.
26/06/10 00:29:03 WARN WindowExec: No Partition Defined for Window operation! Moving all data to a single partition, this can cause serious performance degradation.
26/06/10 00:29:03 WARN WindowExec: No Partition Defined for Window operation! Moving all data to a single partition, this can cause serious performance degradation.
26/06/10 00:29:03 WARN WindowExec: No Partition Defined for Window operation! Moving all data to a single partition, this can cause serious performance degradation.
26/06/10 00:29:03 WARN WindowExec: No Partition Defined for Window operation! Moving all data to a single partition, this can cause serious performance degradation.
WARNING: An illegal reflective access operation has occurred
WARNING: Illegal reflective access by org.apache.spark.util.SizeEstimator$ (file:/opt/spark-3.5.0-bin-hadoop3/jars/spark-core_2.12-3.5.0.jar) to field java.math.BigDecimal.intVal
WARNING: Please consider reporting this to the maintainers of org.apache.spark.util.SizeEstimator$
WARNING: Use --illegal-access=warn to enable warnings of further illegal reflective access operations
WARNING: All illegal access operations will be denied in a future release
26/06/10 00:29:04 WARN WindowExec: No Partition Defined for Window operation! Moving all data to a single partition, this can cause serious performance degradation.
26/06/10 00:29:04 WARN WindowExec: No Partition Defined for Window operation! Moving all data to a single partition, this can cause serious performance degradation.
+--------------------+------------+----------+----------+---------+----------------+
|buy_times_bucket    |bucket_order|user_count|user_ratio|total_buy|buy_contribution|
+--------------------+------------+----------+----------+---------+----------------+
|1次（一次性买家）   |1           |68493     |34.10     |68493    |11.40           |
|2次（首次复购）     |2           |46954     |23.38     |93908    |15.63           |
|3-5次（活跃买家）   |3           |61088     |30.41     |225902   |37.60           |
|6-10次（高频买家）  |4           |19778     |9.85      |143350   |23.86           |
|11次以上（核心买家）|5           |4540      |2.26      |69198    |11.52           |
+--------------------+------------+----------+----------+---------+----------------+

26/06/10 00:29:06 WARN WindowExec: No Partition Defined for Window operation! Moving all data to a single partition, this can cause serious performance degradation.
26/06/10 00:29:06 WARN WindowExec: No Partition Defined for Window operation! Moving all data to a single partition, this can cause serious performance degradation.
26/06/10 00:29:06 WARN SessionState: METASTORE_FILTER_HOOK will be ignored, since hive.security.authorization.manager is set to instance of HiveAuthorizerFactory.
26/06/10 00:29:07 WARN WindowExec: No Partition Defined for Window operation! Moving all data to a single partition, this can cause serious performance degradation.
26/06/10 00:29:07 WARN WindowExec: No Partition Defined for Window operation! Moving all data to a single partition, this can cause serious performance degradation.
[SUCCESS] 任务 11 完成！
  ✓ 任务11: 用户复购率分布 完成

[12/12] 任务12: TOP10类目内TOP5商品
-------------------------------------------
26/06/10 00:29:10 WARN Utils: Your hostname, ubuntu resolves to a loopback address: 127.0.1.1; using 10.14.12.130 instead (on interface ens33)
26/06/10 00:29:10 WARN Utils: Set SPARK_LOCAL_IP if you need to bind to another address
26/06/10 00:29:11 INFO SparkContext: Running Spark version 3.5.0
26/06/10 00:29:11 INFO SparkContext: OS info Linux, 6.8.0-111-generic, amd64
26/06/10 00:29:11 INFO SparkContext: Java version 11.0.30
26/06/10 00:29:11 WARN NativeCodeLoader: Unable to load native-hadoop library for your platform... using builtin-java classes where applicable
26/06/10 00:29:11 INFO ResourceUtils: ==============================================================
26/06/10 00:29:11 INFO ResourceUtils: No custom resources configured for spark.driver.
26/06/10 00:29:11 INFO ResourceUtils: ==============================================================
26/06/10 00:29:11 INFO SparkContext: Submitted application: Analysis_12_CategoryTopItems
26/06/10 00:29:11 INFO ResourceProfile: Default ResourceProfile created, executor resources: Map(cores -> name: cores, amount: 1, script: , vendor: , memory -> name: memory, amount: 4096, script: , vendor: , offHeap -> name: offHeap, amount: 0, script: , vendor: ), task resources: Map(cpus -> name: cpus, amount: 1.0)
26/06/10 00:29:11 INFO ResourceProfile: Limiting resource is cpu
26/06/10 00:29:11 INFO ResourceProfileManager: Added ResourceProfile id: 0
26/06/10 00:29:11 INFO SecurityManager: Changing view acls to: cty1576
26/06/10 00:29:11 INFO SecurityManager: Changing modify acls to: cty1576
26/06/10 00:29:11 INFO SecurityManager: Changing view acls groups to: 
26/06/10 00:29:11 INFO SecurityManager: Changing modify acls groups to: 
26/06/10 00:29:11 INFO SecurityManager: SecurityManager: authentication disabled; ui acls disabled; users with view permissions: cty1576; groups with view permissions: EMPTY; users with modify permissions: cty1576; groups with modify permissions: EMPTY
26/06/10 00:29:12 INFO Utils: Successfully started service 'sparkDriver' on port 44517.
26/06/10 00:29:12 INFO SparkEnv: Registering MapOutputTracker
26/06/10 00:29:12 INFO SparkEnv: Registering BlockManagerMaster
26/06/10 00:29:12 INFO BlockManagerMasterEndpoint: Using org.apache.spark.storage.DefaultTopologyMapper for getting topology information
26/06/10 00:29:12 INFO BlockManagerMasterEndpoint: BlockManagerMasterEndpoint up
26/06/10 00:29:12 INFO SparkEnv: Registering BlockManagerMasterHeartbeat
26/06/10 00:29:12 INFO DiskBlockManager: Created local directory at /tmp/blockmgr-281f278e-8777-4f47-9c01-a7053dc373e0
26/06/10 00:29:12 INFO MemoryStore: MemoryStore started with capacity 2.2 GiB
26/06/10 00:29:12 INFO SparkEnv: Registering OutputCommitCoordinator
26/06/10 00:29:12 INFO JettyUtils: Start Jetty 0.0.0.0:4040 for SparkUI
26/06/10 00:29:12 INFO Utils: Successfully started service 'SparkUI' on port 4040.
26/06/10 00:29:12 INFO Executor: Starting executor ID driver on host 10.14.12.130
26/06/10 00:29:12 INFO Executor: OS info Linux, 6.8.0-111-generic, amd64
26/06/10 00:29:12 INFO Executor: Java version 11.0.30
26/06/10 00:29:12 INFO Executor: Starting executor with user classpath (userClassPathFirst = false): ''
26/06/10 00:29:12 INFO Executor: Created or updated repl class loader org.apache.spark.util.MutableURLClassLoader@1047717f for default.
26/06/10 00:29:12 INFO Utils: Successfully started service 'org.apache.spark.network.netty.NettyBlockTransferService' on port 37895.
26/06/10 00:29:12 INFO NettyBlockTransferService: Server created on 10.14.12.130:37895
26/06/10 00:29:12 INFO BlockManager: Using org.apache.spark.storage.RandomBlockReplicationPolicy for block replication policy
26/06/10 00:29:12 INFO BlockManagerMaster: Registering BlockManager BlockManagerId(driver, 10.14.12.130, 37895, None)
26/06/10 00:29:12 INFO BlockManagerMasterEndpoint: Registering block manager 10.14.12.130:37895 with 2.2 GiB RAM, BlockManagerId(driver, 10.14.12.130, 37895, None)
26/06/10 00:29:12 INFO BlockManagerMaster: Registered BlockManager BlockManagerId(driver, 10.14.12.130, 37895, None)
26/06/10 00:29:12 INFO BlockManager: Initialized BlockManager: BlockManagerId(driver, 10.14.12.130, 37895, None)
26/06/10 00:29:16 WARN HiveConf: HiveConf of name hive.metastore.event.db.notification.api.auth does not exist
============================================================
分析任务 12: TOP10 类目内 TOP5 商品
============================================================
+-----------+-----------+-------+-------+--------+----------------+
|category_id|category_pv|item_id|item_pv|item_buy|rank_in_category|
+-----------+-----------+-------+-------+--------+----------------+
|4756105    |1369859    |812879 |9083   |40      |1               |
|4756105    |1369859    |4211339|5196   |22      |2               |
|4756105    |1369859    |4649427|4747   |15      |3               |
|4756105    |1369859    |3920968|3777   |23      |4               |
|4756105    |1369859    |2364679|3614   |24      |5               |
|4145813    |957987     |2828948|3019   |20      |1               |
|4145813    |957987     |232919 |1994   |54      |2               |
|4145813    |957987     |3114069|1955   |19      |3               |
|4145813    |957987     |3858178|1646   |15      |4               |
|4145813    |957987     |2732505|1570   |23      |5               |
|2355072    |942504     |987143 |4774   |14      |1               |
|2355072    |942504     |3520504|4081   |34      |2               |
|2355072    |942504     |640975 |4009   |22      |3               |
|2355072    |942504     |393880 |2878   |29      |4               |
|2355072    |942504     |4793966|2284   |4       |5               |
|3607361    |885238     |3845720|7797   |33      |1               |
|3607361    |885238     |138964 |6358   |31      |2               |
|3607361    |885238     |2331370|5909   |38      |3               |
|3607361    |885238     |2338453|5086   |54      |4               |
|3607361    |885238     |4091349|3516   |26      |5               |
|982926     |844666     |2818406|4708   |27      |1               |
|982926     |844666     |3077270|2939   |21      |2               |
|982926     |844666     |1541734|2810   |13      |3               |
|982926     |844666     |1402604|2715   |74      |4               |
|982926     |844666     |5057288|2529   |51      |5               |
|2520377    |607148     |2319849|2231   |7       |1               |
|2520377    |607148     |1234475|1515   |9       |2               |
|2520377    |607148     |1848520|1382   |10      |3               |
|2520377    |607148     |1282510|1340   |1       |4               |
|2520377    |607148     |250120 |1327   |0       |5               |
|4801426    |562879     |1583704|4422   |40      |1               |
|4801426    |562879     |3563468|3527   |27      |2               |
|4801426    |562879     |2521928|2786   |44      |3               |
|4801426    |562879     |4946821|2353   |32      |4               |
|4801426    |562879     |3244134|2336   |72      |5               |
|1320293    |534990     |1591862|4889   |0       |1               |
|1320293    |534990     |395399 |2509   |44      |2               |
|1320293    |534990     |4637129|2052   |7       |3               |
|1320293    |534990     |587994 |1999   |9       |4               |
|1320293    |534990     |3935628|1937   |13      |5               |
|2465336    |456828     |866111 |2625   |24      |1               |
|2465336    |456828     |3148330|1507   |17      |2               |
|2465336    |456828     |779670 |1425   |15      |3               |
|2465336    |456828     |2466347|1143   |10      |4               |
|2465336    |456828     |4390212|1058   |5       |5               |
|3002561    |429431     |1913065|1883   |4       |1               |
|3002561    |429431     |5083191|1834   |21      |2               |
|3002561    |429431     |3074497|1669   |26      |3               |
|3002561    |429431     |247914 |1518   |14      |4               |
|3002561    |429431     |3981393|1280   |23      |5               |
+-----------+-----------+-------+-------+--------+----------------+

26/06/10 00:29:43 WARN SessionState: METASTORE_FILTER_HOOK will be ignored, since hive.security.authorization.manager is set to instance of HiveAuthorizerFactory.
[SUCCESS] 任务 12 完成！
  ✓ 任务12: TOP10类目内TOP5商品 完成

============================================================
  [SUCCESS] 全部 12 个分析任务完成！
  CSV 结果文件: /home/cty1576/bigdatacty1/output/csv/
  Hive ADS 表:  hive -e 'SHOW TABLES IN ads;'
============================================================
total 76
drwxrwxr-x 2 cty1576 cty1576  4096  6月 10 00:04 .
drwxrwxr-x 5 cty1576 cty1576  4096  6月 10 00:04 ..
-rw-rw-r-- 1 cty1576 cty1576   395  6月 10 00:22 01_daily_pv_uv.csv
-rw-rw-r-- 1 cty1576 cty1576   727  6月 10 00:23 02_hourly_distribution.csv
-rw-rw-r-- 1 cty1576 cty1576   164  6月 10 00:23 03_behavior_funnel.csv
-rw-rw-r-- 1 cty1576 cty1576  3168  6月 10 00:24 04_top_items.csv
-rw-rw-r-- 1 cty1576 cty1576   644  6月 10 00:24 05_top_categories.csv
-rw-rw-r-- 1 cty1576 cty1576   306  6月 10 00:25 06_weekday_vs_weekend.csv
-rw-rw-r-- 1 cty1576 cty1576   307  6月 10 00:26 07_retention.csv
-rw-rw-r-- 1 cty1576 cty1576 19037  6月 10 00:27 08_rfm_detail.csv
-rw-rw-r-- 1 cty1576 cty1576   369  6月 10 00:27 08_rfm_summary.csv
-rw-rw-r-- 1 cty1576 cty1576   372  6月 10 00:27 09_user_path.csv
-rw-rw-r-- 1 cty1576 cty1576  3725  6月 10 00:28 10_heatmap_hour_dow.csv
-rw-rw-r-- 1 cty1576 cty1576   338  6月 10 00:29 11_repurchase.csv
-rw-rw-r-- 1 cty1576 cty1576  1694  6月 10 00:29 12_category_top_items.csv
-rw-rw-r-- 1 cty1576 cty1576     0  6月 10 00:04 .gitkeep
