[LOG] 本次日志: /home/cty1576/bigdatacty1/logs/pipeline/04_run_kafka_demo_producer_20260610_001435.log
[INFO] 启动 Kafka Producer...
============================================================
Kafka Producer: 模拟实时用户行为数据流
  Broker: localhost:9092
  Topic:  user_behavior
  数据源: /home/cty1576/bigdatacty1/kafka/../data/UserBehavior.csv
  发送速率: 1000 条/秒
============================================================
  [INFO] 已发送 1,000 条 | 实际速率: 4613 条/秒
  [INFO] 已发送 2,000 条 | 实际速率: 1859 条/秒
  [INFO] 已发送 3,000 条 | 实际速率: 1434 条/秒
  [INFO] 已发送 4,000 条 | 实际速率: 1292 条/秒
  [INFO] 已发送 5,000 条 | 实际速率: 1221 条/秒
  [INFO] 已发送 6,000 条 | 实际速率: 1169 条/秒
  [INFO] 已发送 7,000 条 | 实际速率: 1145 条/秒
  [INFO] 已发送 8,000 条 | 实际速率: 1129 条/秒
  [INFO] 已发送 9,000 条 | 实际速率: 1107 条/秒
  [INFO] 已发送 10,000 条 | 实际速率: 1099 条/秒
  [INFO] 已发送 11,000 条 | 实际速率: 1089 条/秒
  [INFO] 已发送 12,000 条 | 实际速率: 1071 条/秒
  [INFO] 已发送 13,000 条 | 实际速率: 1069 条/秒
  [INFO] 已发送 14,000 条 | 实际速率: 1067 条/秒
  [INFO] 已发送 15,000 条 | 实际速率: 1063 条/秒
  [INFO] 已发送 16,000 条 | 实际速率: 1055 条/秒
  [INFO] 已发送 17,000 条 | 实际速率: 1053 条/秒
  [INFO] 已发送 18,000 条 | 实际速率: 1046 条/秒
  [INFO] 已发送 19,000 条 | 实际速率: 1046 条/秒
  [INFO] 已发送 20,000 条 | 实际速率: 1048 条/秒
  [INFO] 已发送 21,000 条 | 实际速率: 1042 条/秒
  [INFO] 已发送 22,000 条 | 实际速率: 1043 条/秒
  [INFO] 已发送 23,000 条 | 实际速率: 1041 条/秒
  [INFO] 已发送 24,000 条 | 实际速率: 1040 条/秒
  [INFO] 已发送 25,000 条 | 实际速率: 1038 条/秒
  [INFO] 已发送 26,000 条 | 实际速率: 1036 条/秒
  [INFO] 已发送 27,000 条 | 实际速率: 1034 条/秒
  [INFO] 已发送 28,000 条 | 实际速率: 1034 条/秒
  [INFO] 已发送 29,000 条 | 实际速率: 1032 条/秒
  [INFO] 已发送 30,000 条 | 实际速率: 1032 条/秒
  [INFO] 已发送 31,000 条 | 实际速率: 1030 条/秒
  [INFO] 已发送 32,000 条 | 实际速率: 1029 条/秒
  [INFO] 已发送 33,000 条 | 实际速率: 1029 条/秒
  [INFO] 已发送 34,000 条 | 实际速率: 1028 条/秒
  [INFO] 已发送 35,000 条 | 实际速率: 1027 条/秒
  [INFO] 已发送 36,000 条 | 实际速率: 1025 条/秒
  [INFO] 已发送 37,000 条 | 实际速率: 1022 条/秒
  [INFO] 已发送 38,000 条 | 实际速率: 1022 条/秒
  [INFO] 已发送 39,000 条 | 实际速率: 1024 条/秒
  [INFO] 已发送 40,000 条 | 实际速率: 1023 条/秒
  [INFO] 已发送 41,000 条 | 实际速率: 1023 条/秒
  [INFO] 已发送 42,000 条 | 实际速率: 1022 条/秒
  [INFO] 已发送 43,000 条 | 实际速率: 1021 条/秒
  [INFO] 已发送 44,000 条 | 实际速率: 1022 条/秒
  [INFO] 已发送 45,000 条 | 实际速率: 1021 条/秒
  [INFO] 已发送 46,000 条 | 实际速率: 1020 条/秒
  [INFO] 已发送 47,000 条 | 实际速率: 1019 条/秒
  [INFO] 已发送 48,000 条 | 实际速率: 1018 条/秒
  [INFO] 已发送 49,000 条 | 实际速率: 1019 条/秒
  [INFO] 已发送 50,000 条 | 实际速率: 1018 条/秒

[DONE] 总共发送 50,000 条消息，耗时 50.0 秒
