[LOG] 本次日志: /home/cty1576/bigdatacty/logs/pipeline/start_all_services_20260511_125434.log
============================================================
  启动所有大数据服务
============================================================

[1/4] 启动 Hadoop...
Starting namenodes on [localhost]
Starting datanodes
Starting secondary namenodes [ubuntu]
Starting resourcemanager
Starting nodemanagers
  等待 NameNode 就绪... ✓
  ✓ Hadoop 已启动

[2/4] 启动 Zookeeper + Kafka...
  ✓ Zookeeper + Kafka 已启动

[3/4] 启动 Hive Metastore...
  等待 Metastore 就绪........ ✓
  ✓ Hive Metastore 已启动

[4/4] Spark 使用 local 模式，无需额外启动。

============================================================
  当前 Java 进程 (jps):
============================================================
58690 DataNode
59107 ResourceManager
59653 QuorumPeerMain
60693 Jps
59240 NodeManager
58921 SecondaryNameNode
58556 NameNode
60543 RunJar
60079 Kafka

============================================================
  Web UI 地址:
  HDFS:  http://localhost:9870
  YARN:  http://localhost:8088
  Spark: http://localhost:4040 (提交任务后可用)
============================================================
